--------------------------------- Version Log ----------------------------------
Version                                 Path
System Generator 2022.1                 C:/Xilinx/Vivado/2022.1
Matlab 9.10.0.1602886 (R2021a)          C:\Program Files\MATLAB\R2021a
Vivado 2022.1                           C:/Xilinx/Vivado/2022.1
--------------------------------------------------------------------------------
Summary of Errors:
Error 0001: Undriven input port
     Block: 'Lab_Five_QRD_Other_Input/Subsystem4/Subsystem/Mux1'
Error 0002: Undriven input port
     Block: 'Lab_Five_QRD_Other_Input/Subsystem7/Subsystem/Mux1'
--------------------------------------------------------------------------------

Error 0001:

Reported by:
  'Lab_Five_QRD_Other_Input/Subsystem4/Subsystem/Mux1'

Details:
The input ports on this block must be driven by other Xilinx blocks
--------------------------------------------------------------------------------

Error 0001:

Reported by:
  'Lab_Five_QRD_Other_Input/Subsystem7/Subsystem/Mux1'

Details:
The input ports on this block must be driven by other Xilinx blocks
--------------------------------------------------------------------------------
