--------------------------------- Version Log ----------------------------------
Version                                 Path
System Generator 2022.1                 C:/Xilinx/Vivado/2022.1
Matlab 9.10.0.1602886 (R2021a)          C:\Program Files\MATLAB\R2021a
Vivado 2022.1                           C:/Xilinx/Vivado/2022.1
--------------------------------------------------------------------------------
Summary of Errors:
Error 0001: Undriven input port
     Block: 'Lab_Five_QRD/Subsystem4/Counter'
Error 0002: Undriven input port
     Block: 'Lab_Five_QRD/Subsystem6/Counter'
Error 0003: Undriven input port
     Block: 'Lab_Five_QRD/Subsystem5/Counter'
Error 0004: Undriven input port
     Block: 'Lab_Five_QRD/Subsystem7/Counter'
--------------------------------------------------------------------------------

Error 0001:

Reported by:
  'Lab_Five_QRD/Subsystem4/Counter'

Details:
The input ports on this block must be driven by other Xilinx blocks
--------------------------------------------------------------------------------

Error 0001:

Reported by:
  'Lab_Five_QRD/Subsystem6/Counter'

Details:
The input ports on this block must be driven by other Xilinx blocks
--------------------------------------------------------------------------------

Error 0001:

Reported by:
  'Lab_Five_QRD/Subsystem5/Counter'

Details:
The input ports on this block must be driven by other Xilinx blocks
--------------------------------------------------------------------------------

Error 0001:

Reported by:
  'Lab_Five_QRD/Subsystem7/Counter'

Details:
The input ports on this block must be driven by other Xilinx blocks
--------------------------------------------------------------------------------
