

================================================================
== Synthesis Summary Report of 'treeadd'
================================================================
+ General Information: 
    * Date:           Thu Oct 13 14:35:51 2022
    * Version:        2022.1 (Build 3526262 on Mon Apr 18 15:48:16 MDT 2022)
    * Project:        treeadd
    * Solution:       solution1 (Vivado IP Flow Target)
    * Product family: artix7
    * Target device:  xc7a12ti-csg325-1L
    

+ Performance & Resource Estimates: 
    
    PS: '+' for module; 'o' for loop; '*' for dataflow
    +-----------+------+------+---------+--------+----------+---------+------+----------+------+----+----------+----------+-----+
    |  Modules  | Issue|      | Latency | Latency| Iteration|         | Trip |          |      |    |          |          |     |
    |  & Loops  | Type | Slack| (cycles)|  (ns)  |  Latency | Interval| Count| Pipelined| BRAM | DSP|    FF    |    LUT   | URAM|
    +-----------+------+------+---------+--------+----------+---------+------+----------+------+----+----------+----------+-----+
    |+ treeadd  |     -|  1.12|        1|  10.000|         -|        2|     -|        no|     -|   -|  18 (~0%)|  146 (1%)|    -|
    +-----------+------+------+---------+--------+----------+---------+------+----------+------+----+----------+----------+-----+


================================================================
== HW Interfaces
================================================================
* REGISTER
+-----------+---------+----------+
| Interface | Mode    | Bitwidth |
+-----------+---------+----------+
| a         | ap_none | 16       |
| b         | ap_none | 16       |
| c         | ap_none | 16       |
| d         | ap_none | 16       |
| e         | ap_none | 16       |
| f         | ap_none | 16       |
| g         | ap_none | 16       |
| h         | ap_none | 16       |
| r         | ap_none | 16       |
+-----------+---------+----------+

* TOP LEVEL CONTROL
+-----------+------------+-----------------------------------+
| Interface | Type       | Ports                             |
+-----------+------------+-----------------------------------+
| ap_clk    | clock      | ap_clk                            |
| ap_rst    | reset      | ap_rst                            |
| ap_ctrl   | ap_ctrl_hs | ap_done ap_idle ap_ready ap_start |
+-----------+------------+-----------------------------------+


================================================================
== SW I/O Information
================================================================
* Top Function Arguments
+----------+-----------+----------+
| Argument | Direction | Datatype |
+----------+-----------+----------+
| a        | in        | short    |
| b        | in        | short    |
| c        | in        | short    |
| d        | in        | short    |
| e        | in        | short    |
| f        | in        | short    |
| g        | in        | short    |
| h        | in        | short    |
| r        | out       | short*   |
+----------+-----------+----------+

* SW-to-HW Mapping
+----------+--------------+---------+
| Argument | HW Interface | HW Type |
+----------+--------------+---------+
| a        | a            | port    |
| b        | b            | port    |
| c        | c            | port    |
| d        | d            | port    |
| e        | e            | port    |
| f        | f            | port    |
| g        | g            | port    |
| h        | h            | port    |
| r        | r            | port    |
| r        | r_ap_vld     | port    |
+----------+--------------+---------+


================================================================
== Bind Op Report
================================================================
+------------------------+-----+--------+------------+-----+--------+---------+
| Name                   | DSP | Pragma | Variable   | Op  | Impl   | Latency |
+------------------------+-----+--------+------------+-----+--------+---------+
| + treeadd              | 0   |        |            |     |        |         |
|   add_ln29_fu_111_p2   | -   |        | add_ln29   | add | fabric | 0       |
|   add_ln29_1_fu_117_p2 | -   |        | add_ln29_1 | add | fabric | 0       |
|   add_ln29_4_fu_99_p2  | -   |        | add_ln29_4 | add | fabric | 0       |
+------------------------+-----+--------+------------+-----+--------+---------+


================================================================
== Bind Storage Report
================================================================
  No bind storage info in design

================================================================
== Pragma Report
================================================================
  No pragmas found

