INFO: [HLS 200-10] Running 'C:/Xilinx/Vitis_HLS/2022.1/bin/unwrapped/win64.o/vitis_hls.exe'
INFO: [HLS 200-10] For user 'ckk5' on host 'ryn-b10-pc-08' (Windows NT_amd64 version 6.2) on Thu Nov 03 13:54:28 -0500 2022
INFO: [HLS 200-10] In directory 'C:/ELEC522/Cameron/lab_four/vitis_hls'
Sourcing Tcl script 'C:/ELEC522/Cameron/lab_four/vitis_hls/lab_four_cordic/solution1/csynth.tcl'
INFO: [HLS 200-1510] Running: source C:/ELEC522/Cameron/lab_four/vitis_hls/lab_four_cordic/solution1/csynth.tcl
INFO: [HLS 200-1510] Running: open_project lab_four_cordic 
INFO: [HLS 200-10] Opening project 'C:/ELEC522/Cameron/lab_four/vitis_hls/lab_four_cordic'.
INFO: [HLS 200-1510] Running: set_top circular_cordic 
INFO: [HLS 200-1510] Running: add_files ../code/cordic.cpp 
INFO: [HLS 200-10] Adding design file '../code/cordic.cpp' to the project
INFO: [HLS 200-1510] Running: add_files -tb ../code/cordic_test.cpp -cflags -DHW_COSIM -Wno-unknown-pragmas -csimflags -Wno-unknown-pragmas 
INFO: [HLS 200-10] Adding test bench file '../code/cordic_test.cpp' to the project
INFO: [HLS 200-1510] Running: open_solution solution1 -flow_target vitis 
INFO: [HLS 200-10] Opening solution 'C:/ELEC522/Cameron/lab_four/vitis_hls/lab_four_cordic/solution1'.
INFO: [SYN 201-201] Setting up clock 'default' with a period of 10ns.
INFO: [HLS 200-1611] Setting target device to 'xc7a12ti-csg325-1L'
INFO: [HLS 200-1505] Using flow_target 'vitis'
Resolution: For help on HLS 200-1505 see www.xilinx.com/cgi-bin/docs/rdoc?v=2022.1;t=hls+guidance;d=200-1505.html
INFO: [HLS 200-1464] Running solution command: config_interface -m_axi_latency=64
INFO: [HLS 200-1464] Running solution command: config_interface -m_axi_alignment_byte_size=64
INFO: [HLS 200-1464] Running solution command: config_interface -m_axi_max_widen_bitwidth=512
INFO: [HLS 200-1464] Running solution command: config_interface -default_interface=kernel
INFO: [HLS 200-1464] Running solution command: config_rtl -register_reset_num=3
INFO: [HLS 200-1510] Running: set_part xc7a12ti-csg325-1L 
INFO: [HLS 200-1510] Running: create_clock -period 10 -name default 
INFO: [HLS 200-1510] Running: config_interface -m_axi_alignment_byte_size 64 -m_axi_latency 64 -m_axi_max_widen_bitwidth 512 
INFO: [HLS 200-1510] Running: config_rtl -register_reset_num 3 
INFO: [HLS 200-1510] Running: csynth_design 
INFO: [HLS 200-111] Finished File checks and directory preparation: CPU user time: 0 seconds. CPU system time: 0 seconds. Elapsed time: 0.015 seconds; current allocated memory: 952.039 MB.
INFO: [HLS 200-10] Analyzing design file '../code/cordic.cpp' ... 
INFO: [HLS 200-111] Finished Source Code Analysis and Preprocessing: CPU user time: 1 seconds. CPU system time: 0 seconds. Elapsed time: 3.586 seconds; current allocated memory: 1.107 GB.
INFO: [HLS 200-777] Using interface defaults for 'Vitis' flow target.
INFO: [HLS 214-131] Inlining function 'ssdm_int<64, true>::ssdm_int(long)' into 'ap_int_base<64, true>::ap_int_base(long)' (C:/Xilinx/Vitis_HLS/2022.1/common/technology/autopilot\ap_int_base.h:262:68)
INFO: [HLS 214-131] Inlining function '_ZN8ssdm_intILi65ELb1EEC2EDq65_i' into 'ap_int_base<65, true>::ap_int_base<11, false>(ap_int_base<11, false> const&)' (C:/Xilinx/Vitis_HLS/2022.1/common/technology/autopilot\ap_int_base.h:231:106)
INFO: [HLS 214-131] Inlining function '_ZN8ssdm_intILi65ELb1EEC2EDq65_i' into 'ap_int_base<65, true>::ap_int_base<64, true>(ap_int_base<64, true> const&)' (C:/Xilinx/Vitis_HLS/2022.1/common/technology/autopilot\ap_int_base.h:231:106)
INFO: [HLS 214-131] Inlining function '_ZN8ssdm_intILi65ELb1EEC2EDq65_i' into 'ap_int_base<65, true>::ap_int_base(int)' (C:/Xilinx/Vitis_HLS/2022.1/common/technology/autopilot\ap_int_base.h:260:67)
INFO: [HLS 214-131] Inlining function 'ap_int_base<65, true>::ap_int_base<11, false>(ap_int_base<11, false> const&)' into 'ap_int_base<11, false>::RType<64, true>::minus operator-<11, false, 64, true>(ap_int_base<11, false> const&, ap_int_base<64, true> const&)' (C:/Xilinx/Vitis_HLS/2022.1/common/technology/autopilot\ap_int_base.h:1542:341)
INFO: [HLS 214-131] Inlining function 'ap_int<65>::ap_int<65, true>(ap_int_base<65, true> const&)' into 'ap_int_base<11, false>::RType<64, true>::minus operator-<11, false, 64, true>(ap_int_base<11, false> const&, ap_int_base<64, true> const&)' (C:/Xilinx/Vitis_HLS/2022.1/common/technology/autopilot\ap_int_base.h:1542:558)
INFO: [HLS 214-131] Inlining function 'ap_int_base<65, true>::ap_int_base(int)' into 'ap_int_base<11, false>::RType<64, true>::minus operator-<11, false, 64, true>(ap_int_base<11, false> const&, ap_int_base<64, true> const&)' (C:/Xilinx/Vitis_HLS/2022.1/common/technology/autopilot\ap_int_base.h:1542:520)
INFO: [HLS 214-131] Inlining function 'ap_int_base<65, true>::ap_int_base<64, true>(ap_int_base<64, true> const&)' into 'ap_int_base<11, false>::RType<64, true>::minus operator-<11, false, 64, true>(ap_int_base<11, false> const&, ap_int_base<64, true> const&)' (C:/Xilinx/Vitis_HLS/2022.1/common/technology/autopilot\ap_int_base.h:1542:430)
INFO: [HLS 214-131] Inlining function 'ap_int_base<64, true>::ap_int_base(long)' into 'ap_int_base<11, false>::RType<($_0)64, true>::minus operator-<11, false>(ap_int_base<11, false> const&, long)' (C:/Xilinx/Vitis_HLS/2022.1/common/technology/autopilot\ap_int_base.h:1681:1548)
INFO: [HLS 214-131] Inlining function 'ap_int_base<11, false>::RType<64, true>::minus operator-<11, false, 64, true>(ap_int_base<11, false> const&, ap_int_base<64, true> const&)' into 'ap_int_base<11, false>::RType<($_0)64, true>::minus operator-<11, false>(ap_int_base<11, false> const&, long)' (C:/Xilinx/Vitis_HLS/2022.1/common/technology/autopilot\ap_int_base.h:1681:1546)
INFO: [HLS 214-131] Inlining function '_ZN8ssdm_intILi1ELb0EEC2EDq1_j' into 'ap_int_base<1, false>::ap_int_base(int)' (C:/Xilinx/Vitis_HLS/2022.1/common/technology/autopilot\ap_int_base.h:260:67)
INFO: [HLS 214-131] Inlining function '_ZN8ssdm_intILi55ELb1EEC2EDq55_i' into 'ap_int_base<55, true>::ap_int_base<1, false>(ap_int_base<1, false> const&)' (C:/Xilinx/Vitis_HLS/2022.1/common/technology/autopilot\ap_int_base.h:231:106)
INFO: [HLS 214-131] Inlining function '_ZN8ssdm_intILi55ELb1EEC2EDq55_i' into 'ap_int_base<55, true>::ap_int_base<54, true>(ap_int_base<54, true> const&)' (C:/Xilinx/Vitis_HLS/2022.1/common/technology/autopilot\ap_int_base.h:231:106)
INFO: [HLS 214-131] Inlining function '_ZN8ssdm_intILi55ELb1EEC2EDq55_i' into 'ap_int_base<55, true>::ap_int_base(int)' (C:/Xilinx/Vitis_HLS/2022.1/common/technology/autopilot\ap_int_base.h:260:67)
INFO: [HLS 214-131] Inlining function 'ap_int_base<55, true>::ap_int_base<1, false>(ap_int_base<1, false> const&)' into 'ap_int_base<1, false>::RType<54, true>::minus operator-<1, false, 54, true>(ap_int_base<1, false> const&, ap_int_base<54, true> const&)' (C:/Xilinx/Vitis_HLS/2022.1/common/technology/autopilot\ap_int_base.h:1542:341)
INFO: [HLS 214-131] Inlining function 'ap_int<55>::ap_int<55, true>(ap_int_base<55, true> const&)' into 'ap_int_base<1, false>::RType<54, true>::minus operator-<1, false, 54, true>(ap_int_base<1, false> const&, ap_int_base<54, true> const&)' (C:/Xilinx/Vitis_HLS/2022.1/common/technology/autopilot\ap_int_base.h:1542:558)
INFO: [HLS 214-131] Inlining function 'ap_int_base<55, true>::ap_int_base(int)' into 'ap_int_base<1, false>::RType<54, true>::minus operator-<1, false, 54, true>(ap_int_base<1, false> const&, ap_int_base<54, true> const&)' (C:/Xilinx/Vitis_HLS/2022.1/common/technology/autopilot\ap_int_base.h:1542:520)
INFO: [HLS 214-131] Inlining function 'ap_int_base<55, true>::ap_int_base<54, true>(ap_int_base<54, true> const&)' into 'ap_int_base<1, false>::RType<54, true>::minus operator-<1, false, 54, true>(ap_int_base<1, false> const&, ap_int_base<54, true> const&)' (C:/Xilinx/Vitis_HLS/2022.1/common/technology/autopilot\ap_int_base.h:1542:430)
INFO: [HLS 214-131] Inlining function 'ap_int_base<1, false>::ap_int_base(int)' into 'ap_int_base<54, true>::operator-() const' (C:/Xilinx/Vitis_HLS/2022.1/common/technology/autopilot\ap_int_base.h:941:12)
INFO: [HLS 214-131] Inlining function 'ap_int_base<1, false>::RType<54, true>::minus operator-<1, false, 54, true>(ap_int_base<1, false> const&, ap_int_base<54, true> const&)' into 'ap_int_base<54, true>::operator-() const' (C:/Xilinx/Vitis_HLS/2022.1/common/technology/autopilot\ap_int_base.h:941:37)
INFO: [HLS 214-131] Inlining function 'doubleToRawBits(double)' into 'ap_fixed_base<16, 3, true, (ap_q_mode)0, (ap_o_mode)3, 0>::ap_fixed_base(double)' (C:/Xilinx/Vitis_HLS/2022.1/common/technology/autopilot\ap_fixed_base.h:591:14)
INFO: [HLS 214-131] Inlining function 'ap_fixed_base<16, 3, true, (ap_q_mode)0, (ap_o_mode)3, 0>::quantization_adjust(bool, bool, bool)' into 'ap_fixed_base<16, 3, true, (ap_q_mode)0, (ap_o_mode)3, 0>::ap_fixed_base(double)' (C:/Xilinx/Vitis_HLS/2022.1/common/technology/autopilot\ap_fixed_base.h:634:19)
INFO: [HLS 214-131] Inlining function 'ap_int_base<54, true>& ap_int_base<54, true>::operator=<55, true>(ap_int_base<55, true> const&)' into 'ap_fixed_base<16, 3, true, (ap_q_mode)0, (ap_o_mode)3, 0>::ap_fixed_base(double)' (C:/Xilinx/Vitis_HLS/2022.1/common/technology/autopilot\ap_fixed_base.h:605:20)
INFO: [HLS 214-131] Inlining function 'ap_int_base<54, true>::operator-() const' into 'ap_fixed_base<16, 3, true, (ap_q_mode)0, (ap_o_mode)3, 0>::ap_fixed_base(double)' (C:/Xilinx/Vitis_HLS/2022.1/common/technology/autopilot\ap_fixed_base.h:605:22)
INFO: [HLS 214-131] Inlining function 'ap_int_base<12, true>& ap_int_base<12, true>::operator=<65, true>(ap_int_base<65, true> const&)' into 'ap_fixed_base<16, 3, true, (ap_q_mode)0, (ap_o_mode)3, 0>::ap_fixed_base(double)' (C:/Xilinx/Vitis_HLS/2022.1/common/technology/autopilot\ap_fixed_base.h:598:9)
INFO: [HLS 214-131] Inlining function 'ap_int_base<11, false>::RType<($_0)64, true>::minus operator-<11, false>(ap_int_base<11, false> const&, long)' into 'ap_fixed_base<16, 3, true, (ap_q_mode)0, (ap_o_mode)3, 0>::ap_fixed_base(double)' (C:/Xilinx/Vitis_HLS/2022.1/common/technology/autopilot\ap_fixed_base.h:598:19)
INFO: [HLS 214-131] Inlining function 'ap_fixed<16, 3, (ap_q_mode)0, (ap_o_mode)3, 0>::ap_fixed(double)' into '__cxx_global_var_init' (../code/cordic.h:25:3)
INFO: [HLS 214-131] Inlining function 'ap_fixed<16, 3, (ap_q_mode)0, (ap_o_mode)3, 0>::ap_fixed(double)' into '__cxx_global_var_init' (../code/cordic.h:26:3)
INFO: [HLS 214-131] Inlining function 'ap_fixed<16, 3, (ap_q_mode)0, (ap_o_mode)3, 0>::ap_fixed(double)' into '__cxx_global_var_init' (../code/cordic.h:27:3)
INFO: [HLS 214-131] Inlining function 'ap_fixed<16, 3, (ap_q_mode)0, (ap_o_mode)3, 0>::ap_fixed(double)' into '__cxx_global_var_init' (../code/cordic.h:28:3)
INFO: [HLS 214-131] Inlining function 'ap_fixed<16, 3, (ap_q_mode)0, (ap_o_mode)3, 0>::ap_fixed(double)' into '__cxx_global_var_init' (../code/cordic.h:29:3)
INFO: [HLS 214-131] Inlining function 'ap_fixed<16, 3, (ap_q_mode)0, (ap_o_mode)3, 0>::ap_fixed(double)' into '__cxx_global_var_init' (../code/cordic.h:30:3)
INFO: [HLS 214-131] Inlining function 'ap_fixed<16, 3, (ap_q_mode)0, (ap_o_mode)3, 0>::ap_fixed(double)' into '__cxx_global_var_init' (../code/cordic.h:31:3)
INFO: [HLS 214-131] Inlining function 'ap_fixed<16, 3, (ap_q_mode)0, (ap_o_mode)3, 0>::ap_fixed(double)' into '__cxx_global_var_init' (../code/cordic.h:32:3)
INFO: [HLS 214-131] Inlining function 'ap_fixed<16, 3, (ap_q_mode)0, (ap_o_mode)3, 0>::ap_fixed(double)' into '__cxx_global_var_init' (../code/cordic.h:33:3)
INFO: [HLS 214-131] Inlining function 'ap_fixed<16, 3, (ap_q_mode)0, (ap_o_mode)3, 0>::ap_fixed(double)' into '__cxx_global_var_init' (../code/cordic.h:34:3)
INFO: [HLS 214-131] Inlining function 'ap_fixed<16, 3, (ap_q_mode)0, (ap_o_mode)3, 0>::ap_fixed(double)' into '__cxx_global_var_init' (../code/cordic.h:35:3)
INFO: [HLS 214-131] Inlining function 'ap_fixed<16, 3, (ap_q_mode)0, (ap_o_mode)3, 0>::ap_fixed(double)' into '__cxx_global_var_init' (../code/cordic.h:36:3)
INFO: [HLS 214-131] Inlining function 'ap_fixed<16, 3, (ap_q_mode)0, (ap_o_mode)3, 0>::ap_fixed(double)' into '__cxx_global_var_init' (../code/cordic.h:37:3)
INFO: [HLS 214-131] Inlining function 'ap_fixed<16, 3, (ap_q_mode)0, (ap_o_mode)3, 0>::ap_fixed(double)' into '__cxx_global_var_init' (../code/cordic.h:38:3)
INFO: [HLS 214-131] Inlining function 'ap_fixed<16, 3, (ap_q_mode)0, (ap_o_mode)3, 0>::ap_fixed(double)' into '__cxx_global_var_init' (../code/cordic.h:39:3)
INFO: [HLS 214-131] Inlining function 'ap_fixed<16, 3, (ap_q_mode)0, (ap_o_mode)3, 0>::ap_fixed(double)' into '__cxx_global_var_init' (../code/cordic.h:40:3)
INFO: [HLS 214-131] Inlining function 'ap_fixed_base<32, 32, true, (ap_q_mode)5, (ap_o_mode)3, 0>::operator!() const' into 'ap_fixed_base<16, 3, true, (ap_q_mode)0, (ap_o_mode)3, 0>& ap_fixed_base<16, 3, true, (ap_q_mode)0, (ap_o_mode)3, 0>::operator=<32, 32, true, (ap_q_mode)5, (ap_o_mode)3, 0>(ap_fixed_base<32, 32, true, (ap_q_mode)5, (ap_o_mode)3, 0> const&)' (C:/Xilinx/Vitis_HLS/2022.1/common/technology/autopilot\ap_fixed_base.h:854:9)
INFO: [HLS 214-131] Inlining function 'ap_fixed_base<16, 3, true, (ap_q_mode)0, (ap_o_mode)3, 0>& ap_fixed_base<16, 3, true, (ap_q_mode)0, (ap_o_mode)3, 0>::operator=<32, 32, true, (ap_q_mode)5, (ap_o_mode)3, 0>(ap_fixed_base<32, 32, true, (ap_q_mode)5, (ap_o_mode)3, 0> const&)' into 'ap_fixed_base<16, 3, true, (ap_q_mode)0, (ap_o_mode)3, 0>::ap_fixed_base(int)' (C:/Xilinx/Vitis_HLS/2022.1/common/technology/autopilot\ap_fixed_base.h:576:146)
INFO: [HLS 214-131] Inlining function 'ap_fixed_base<16, 3, true, (ap_q_mode)0, (ap_o_mode)3, 0>::ap_fixed_base(int)' into 'ap_fixed<16, 3, (ap_q_mode)0, (ap_o_mode)3, 0>::ap_fixed(int)' (C:/Xilinx/Vitis_HLS/2022.1/common/technology/autopilot\ap_fixed.h:183:79)
INFO: [HLS 214-131] Inlining function 'doubleToRawBits(double)' into 'ap_fixed_base<16, 1, true, (ap_q_mode)0, (ap_o_mode)3, 0>::ap_fixed_base(double)' (C:/Xilinx/Vitis_HLS/2022.1/common/technology/autopilot\ap_fixed_base.h:591:14)
INFO: [HLS 214-131] Inlining function 'ap_fixed_base<16, 1, true, (ap_q_mode)0, (ap_o_mode)3, 0>::quantization_adjust(bool, bool, bool)' into 'ap_fixed_base<16, 1, true, (ap_q_mode)0, (ap_o_mode)3, 0>::ap_fixed_base(double)' (C:/Xilinx/Vitis_HLS/2022.1/common/technology/autopilot\ap_fixed_base.h:634:19)
INFO: [HLS 214-131] Inlining function 'ap_int_base<54, true>& ap_int_base<54, true>::operator=<55, true>(ap_int_base<55, true> const&)' into 'ap_fixed_base<16, 1, true, (ap_q_mode)0, (ap_o_mode)3, 0>::ap_fixed_base(double)' (C:/Xilinx/Vitis_HLS/2022.1/common/technology/autopilot\ap_fixed_base.h:605:20)
INFO: [HLS 214-131] Inlining function 'ap_int_base<54, true>::operator-() const' into 'ap_fixed_base<16, 1, true, (ap_q_mode)0, (ap_o_mode)3, 0>::ap_fixed_base(double)' (C:/Xilinx/Vitis_HLS/2022.1/common/technology/autopilot\ap_fixed_base.h:605:22)
INFO: [HLS 214-131] Inlining function 'ap_int_base<12, true>& ap_int_base<12, true>::operator=<65, true>(ap_int_base<65, true> const&)' into 'ap_fixed_base<16, 1, true, (ap_q_mode)0, (ap_o_mode)3, 0>::ap_fixed_base(double)' (C:/Xilinx/Vitis_HLS/2022.1/common/technology/autopilot\ap_fixed_base.h:598:9)
INFO: [HLS 214-131] Inlining function 'ap_int_base<11, false>::RType<($_0)64, true>::minus operator-<11, false>(ap_int_base<11, false> const&, long)' into 'ap_fixed_base<16, 1, true, (ap_q_mode)0, (ap_o_mode)3, 0>::ap_fixed_base(double)' (C:/Xilinx/Vitis_HLS/2022.1/common/technology/autopilot\ap_fixed_base.h:598:19)
INFO: [HLS 214-131] Inlining function 'ap_fixed_base<32, 32, true, (ap_q_mode)5, (ap_o_mode)3, 0>::operator!() const' into 'ap_fixed_base<16, 1, true, (ap_q_mode)0, (ap_o_mode)3, 0>& ap_fixed_base<16, 1, true, (ap_q_mode)0, (ap_o_mode)3, 0>::operator=<32, 32, true, (ap_q_mode)5, (ap_o_mode)3, 0>(ap_fixed_base<32, 32, true, (ap_q_mode)5, (ap_o_mode)3, 0> const&)' (C:/Xilinx/Vitis_HLS/2022.1/common/technology/autopilot\ap_fixed_base.h:854:9)
INFO: [HLS 214-131] Inlining function 'ap_fixed_base<16, 1, true, (ap_q_mode)0, (ap_o_mode)3, 0>& ap_fixed_base<16, 1, true, (ap_q_mode)0, (ap_o_mode)3, 0>::operator=<32, 32, true, (ap_q_mode)5, (ap_o_mode)3, 0>(ap_fixed_base<32, 32, true, (ap_q_mode)5, (ap_o_mode)3, 0> const&)' into 'ap_fixed_base<16, 1, true, (ap_q_mode)0, (ap_o_mode)3, 0>::ap_fixed_base(int)' (C:/Xilinx/Vitis_HLS/2022.1/common/technology/autopilot\ap_fixed_base.h:576:146)
INFO: [HLS 214-131] Inlining function 'ap_fixed_base<16, 1, true, (ap_q_mode)0, (ap_o_mode)3, 0>::ap_fixed_base(int)' into 'ap_fixed<16, 1, (ap_q_mode)0, (ap_o_mode)3, 0>::ap_fixed(int)' (C:/Xilinx/Vitis_HLS/2022.1/common/technology/autopilot\ap_fixed.h:183:79)
INFO: [HLS 214-131] Inlining function 'ap_fixed_base<16, 1, true, (ap_q_mode)0, (ap_o_mode)3, 0>::ap_fixed_base(int)' into 'ap_fixed_base<16, 1, true, (ap_q_mode)0, (ap_o_mode)3, 0>::operator<<(unsigned int) const' (C:/Xilinx/Vitis_HLS/2022.1/common/technology/autopilot\ap_fixed_base.h:1499:19)
INFO: [HLS 214-131] Inlining function 'ap_fixed_base<16, 1, true, (ap_q_mode)0, (ap_o_mode)3, 0>::ap_fixed_base(int)' into 'ap_fixed_base<16, 1, true, (ap_q_mode)0, (ap_o_mode)3, 0>::operator>>(unsigned int) const' (C:/Xilinx/Vitis_HLS/2022.1/common/technology/autopilot\ap_fixed_base.h:1533:19)
INFO: [HLS 214-131] Inlining function 'ap_fixed_base<16, 1, true, (ap_q_mode)0, (ap_o_mode)3, 0>::operator<<(unsigned int) const' into 'ap_fixed_base<16, 1, true, (ap_q_mode)0, (ap_o_mode)3, 0>::operator>>(int) const' (C:/Xilinx/Vitis_HLS/2022.1/common/technology/autopilot\ap_fixed_base.h:1570:14)
INFO: [HLS 214-131] Inlining function 'ap_fixed_base<16, 1, true, (ap_q_mode)0, (ap_o_mode)3, 0>::operator>>(unsigned int) const' into 'ap_fixed_base<16, 1, true, (ap_q_mode)0, (ap_o_mode)3, 0>::operator>>(int) const' (C:/Xilinx/Vitis_HLS/2022.1/common/technology/autopilot\ap_fixed_base.h:1572:14)
INFO: [HLS 214-131] Inlining function 'ap_fixed_base<32, 32, true, (ap_q_mode)5, (ap_o_mode)3, 0>::operator!() const' into 'ap_fixed_base<17, 2, true, (ap_q_mode)5, (ap_o_mode)3, 0>& ap_fixed_base<17, 2, true, (ap_q_mode)5, (ap_o_mode)3, 0>::operator=<32, 32, true, (ap_q_mode)5, (ap_o_mode)3, 0>(ap_fixed_base<32, 32, true, (ap_q_mode)5, (ap_o_mode)3, 0> const&)' (C:/Xilinx/Vitis_HLS/2022.1/common/technology/autopilot\ap_fixed_base.h:854:9)
INFO: [HLS 214-131] Inlining function 'ap_fixed_base<17, 2, true, (ap_q_mode)5, (ap_o_mode)3, 0>& ap_fixed_base<17, 2, true, (ap_q_mode)5, (ap_o_mode)3, 0>::operator=<32, 32, true, (ap_q_mode)5, (ap_o_mode)3, 0>(ap_fixed_base<32, 32, true, (ap_q_mode)5, (ap_o_mode)3, 0> const&)' into 'ap_fixed_base<17, 2, true, (ap_q_mode)5, (ap_o_mode)3, 0>::ap_fixed_base(int)' (C:/Xilinx/Vitis_HLS/2022.1/common/technology/autopilot\ap_fixed_base.h:576:146)
INFO: [HLS 214-131] Inlining function 'ap_fixed_base<16, 1, true, (ap_q_mode)0, (ap_o_mode)3, 0>::operator!() const' into 'ap_fixed_base<17, 2, true, (ap_q_mode)5, (ap_o_mode)3, 0>& ap_fixed_base<17, 2, true, (ap_q_mode)5, (ap_o_mode)3, 0>::operator=<16, 1, true, (ap_q_mode)0, (ap_o_mode)3, 0>(ap_fixed_base<16, 1, true, (ap_q_mode)0, (ap_o_mode)3, 0> const&)' (C:/Xilinx/Vitis_HLS/2022.1/common/technology/autopilot\ap_fixed_base.h:854:9)
INFO: [HLS 214-131] Inlining function '_ZN8ssdm_intILi17ELb1EEC2EDq17_i' into 'ap_fixed_base<17, 2, true, (ap_q_mode)5, (ap_o_mode)3, 0>::ap_fixed_base<16, 1, true, (ap_q_mode)0, (ap_o_mode)3, 0>(ap_fixed_base<16, 1, true, (ap_q_mode)0, (ap_o_mode)3, 0> const&)' (C:/Xilinx/Vitis_HLS/2022.1/common/technology/autopilot\ap_fixed_base.h:447:80)
INFO: [HLS 214-131] Inlining function 'ap_fixed_base<17, 2, true, (ap_q_mode)5, (ap_o_mode)3, 0>& ap_fixed_base<17, 2, true, (ap_q_mode)5, (ap_o_mode)3, 0>::operator=<16, 1, true, (ap_q_mode)0, (ap_o_mode)3, 0>(ap_fixed_base<16, 1, true, (ap_q_mode)0, (ap_o_mode)3, 0> const&)' into 'ap_fixed_base<17, 2, true, (ap_q_mode)5, (ap_o_mode)3, 0>::ap_fixed_base<16, 1, true, (ap_q_mode)0, (ap_o_mode)3, 0>(ap_fixed_base<16, 1, true, (ap_q_mode)0, (ap_o_mode)3, 0> const&)' (C:/Xilinx/Vitis_HLS/2022.1/common/technology/autopilot\ap_fixed_base.h:449:5)
INFO: [HLS 214-131] Inlining function 'ap_fixed_base<17, 2, true, (ap_q_mode)5, (ap_o_mode)3, 0>::ap_fixed_base(int)' into 'ap_fixed_base<16, 1, true, (ap_q_mode)0, (ap_o_mode)3, 0>::RType<16, 1, true>::minus ap_fixed_base<16, 1, true, (ap_q_mode)0, (ap_o_mode)3, 0>::operator-<16, 1, true, (ap_q_mode)0, (ap_o_mode)3, 0>(ap_fixed_base<16, 1, true, (ap_q_mode)0, (ap_o_mode)3, 0> const&) const' (C:/Xilinx/Vitis_HLS/2022.1/common/technology/autopilot\ap_fixed_base.h:1394:327)
INFO: [HLS 214-131] Inlining function 'ap_fixed<17, 2, (ap_q_mode)5, (ap_o_mode)3, 0>::ap_fixed<17, 2, true, (ap_q_mode)5, (ap_o_mode)3, 0>(ap_fixed_base<17, 2, true, (ap_q_mode)5, (ap_o_mode)3, 0> const&)' into 'ap_fixed_base<16, 1, true, (ap_q_mode)0, (ap_o_mode)3, 0>::RType<16, 1, true>::minus ap_fixed_base<16, 1, true, (ap_q_mode)0, (ap_o_mode)3, 0>::operator-<16, 1, true, (ap_q_mode)0, (ap_o_mode)3, 0>(ap_fixed_base<16, 1, true, (ap_q_mode)0, (ap_o_mode)3, 0> const&) const' (C:/Xilinx/Vitis_HLS/2022.1/common/technology/autopilot\ap_fixed_base.h:1394:387)
INFO: [HLS 214-131] Inlining function 'ap_fixed_base<17, 2, true, (ap_q_mode)5, (ap_o_mode)3, 0>::ap_fixed_base<16, 1, true, (ap_q_mode)0, (ap_o_mode)3, 0>(ap_fixed_base<16, 1, true, (ap_q_mode)0, (ap_o_mode)3, 0> const&)' into 'ap_fixed_base<16, 1, true, (ap_q_mode)0, (ap_o_mode)3, 0>::RType<16, 1, true>::minus ap_fixed_base<16, 1, true, (ap_q_mode)0, (ap_o_mode)3, 0>::operator-<16, 1, true, (ap_q_mode)0, (ap_o_mode)3, 0>(ap_fixed_base<16, 1, true, (ap_q_mode)0, (ap_o_mode)3, 0> const&) const' (C:/Xilinx/Vitis_HLS/2022.1/common/technology/autopilot\ap_fixed_base.h:1394:347)
INFO: [HLS 214-131] Inlining function 'ap_fixed_base<17, 2, true, (ap_q_mode)5, (ap_o_mode)3, 0>::ap_fixed_base<16, 1, true, (ap_q_mode)0, (ap_o_mode)3, 0>(ap_fixed_base<16, 1, true, (ap_q_mode)0, (ap_o_mode)3, 0> const&)' into 'ap_fixed_base<16, 1, true, (ap_q_mode)0, (ap_o_mode)3, 0>::RType<16, 1, true>::minus ap_fixed_base<16, 1, true, (ap_q_mode)0, (ap_o_mode)3, 0>::operator-<16, 1, true, (ap_q_mode)0, (ap_o_mode)3, 0>(ap_fixed_base<16, 1, true, (ap_q_mode)0, (ap_o_mode)3, 0> const&) const' (C:/Xilinx/Vitis_HLS/2022.1/common/technology/autopilot\ap_fixed_base.h:1394:335)
INFO: [HLS 214-131] Inlining function 'ap_fixed_base<17, 2, true, (ap_q_mode)5, (ap_o_mode)3, 0>::ap_fixed_base(int)' into 'ap_fixed_base<16, 1, true, (ap_q_mode)0, (ap_o_mode)3, 0>::RType<16, 1, true>::plus ap_fixed_base<16, 1, true, (ap_q_mode)0, (ap_o_mode)3, 0>::operator+<16, 1, true, (ap_q_mode)0, (ap_o_mode)3, 0>(ap_fixed_base<16, 1, true, (ap_q_mode)0, (ap_o_mode)3, 0> const&) const' (C:/Xilinx/Vitis_HLS/2022.1/common/technology/autopilot\ap_fixed_base.h:1393:325)
INFO: [HLS 214-131] Inlining function 'ap_fixed<17, 2, (ap_q_mode)5, (ap_o_mode)3, 0>::ap_fixed<17, 2, true, (ap_q_mode)5, (ap_o_mode)3, 0>(ap_fixed_base<17, 2, true, (ap_q_mode)5, (ap_o_mode)3, 0> const&)' into 'ap_fixed_base<16, 1, true, (ap_q_mode)0, (ap_o_mode)3, 0>::RType<16, 1, true>::plus ap_fixed_base<16, 1, true, (ap_q_mode)0, (ap_o_mode)3, 0>::operator+<16, 1, true, (ap_q_mode)0, (ap_o_mode)3, 0>(ap_fixed_base<16, 1, true, (ap_q_mode)0, (ap_o_mode)3, 0> const&) const' (C:/Xilinx/Vitis_HLS/2022.1/common/technology/autopilot\ap_fixed_base.h:1393:385)
INFO: [HLS 214-131] Inlining function 'ap_fixed_base<17, 2, true, (ap_q_mode)5, (ap_o_mode)3, 0>::ap_fixed_base<16, 1, true, (ap_q_mode)0, (ap_o_mode)3, 0>(ap_fixed_base<16, 1, true, (ap_q_mode)0, (ap_o_mode)3, 0> const&)' into 'ap_fixed_base<16, 1, true, (ap_q_mode)0, (ap_o_mode)3, 0>::RType<16, 1, true>::plus ap_fixed_base<16, 1, true, (ap_q_mode)0, (ap_o_mode)3, 0>::operator+<16, 1, true, (ap_q_mode)0, (ap_o_mode)3, 0>(ap_fixed_base<16, 1, true, (ap_q_mode)0, (ap_o_mode)3, 0> const&) const' (C:/Xilinx/Vitis_HLS/2022.1/common/technology/autopilot\ap_fixed_base.h:1393:345)
INFO: [HLS 214-131] Inlining function 'ap_fixed_base<17, 2, true, (ap_q_mode)5, (ap_o_mode)3, 0>::ap_fixed_base<16, 1, true, (ap_q_mode)0, (ap_o_mode)3, 0>(ap_fixed_base<16, 1, true, (ap_q_mode)0, (ap_o_mode)3, 0> const&)' into 'ap_fixed_base<16, 1, true, (ap_q_mode)0, (ap_o_mode)3, 0>::RType<16, 1, true>::plus ap_fixed_base<16, 1, true, (ap_q_mode)0, (ap_o_mode)3, 0>::operator+<16, 1, true, (ap_q_mode)0, (ap_o_mode)3, 0>(ap_fixed_base<16, 1, true, (ap_q_mode)0, (ap_o_mode)3, 0> const&) const' (C:/Xilinx/Vitis_HLS/2022.1/common/technology/autopilot\ap_fixed_base.h:1393:333)
INFO: [HLS 214-131] Inlining function 'ap_fixed_base<17, 2, true, (ap_q_mode)5, (ap_o_mode)3, 0>::operator!() const' into 'ap_fixed_base<16, 1, true, (ap_q_mode)0, (ap_o_mode)3, 0>& ap_fixed_base<16, 1, true, (ap_q_mode)0, (ap_o_mode)3, 0>::operator=<17, 2, true, (ap_q_mode)5, (ap_o_mode)3, 0>(ap_fixed_base<17, 2, true, (ap_q_mode)5, (ap_o_mode)3, 0> const&)' (C:/Xilinx/Vitis_HLS/2022.1/common/technology/autopilot\ap_fixed_base.h:854:9)
INFO: [HLS 214-131] Inlining function 'ssdm_int<16, true>::ssdm_int(short)' into 'ap_fixed_base<16, 1, true, (ap_q_mode)0, (ap_o_mode)3, 0>::ap_fixed_base<17, 2, true, (ap_q_mode)5, (ap_o_mode)3, 0>(ap_fixed_base<17, 2, true, (ap_q_mode)5, (ap_o_mode)3, 0> const&)' (C:/Xilinx/Vitis_HLS/2022.1/common/technology/autopilot\ap_fixed_base.h:447:80)
INFO: [HLS 214-131] Inlining function 'ap_fixed_base<16, 1, true, (ap_q_mode)0, (ap_o_mode)3, 0>& ap_fixed_base<16, 1, true, (ap_q_mode)0, (ap_o_mode)3, 0>::operator=<17, 2, true, (ap_q_mode)5, (ap_o_mode)3, 0>(ap_fixed_base<17, 2, true, (ap_q_mode)5, (ap_o_mode)3, 0> const&)' into 'ap_fixed_base<16, 1, true, (ap_q_mode)0, (ap_o_mode)3, 0>::ap_fixed_base<17, 2, true, (ap_q_mode)5, (ap_o_mode)3, 0>(ap_fixed_base<17, 2, true, (ap_q_mode)5, (ap_o_mode)3, 0> const&)' (C:/Xilinx/Vitis_HLS/2022.1/common/technology/autopilot\ap_fixed_base.h:449:5)
INFO: [HLS 214-131] Inlining function 'ap_fixed_base<16, 1, true, (ap_q_mode)0, (ap_o_mode)3, 0>::ap_fixed_base<17, 2, true, (ap_q_mode)5, (ap_o_mode)3, 0>(ap_fixed_base<17, 2, true, (ap_q_mode)5, (ap_o_mode)3, 0> const&)' into 'ap_fixed<16, 1, (ap_q_mode)0, (ap_o_mode)3, 0>::ap_fixed<17, 2, true, (ap_q_mode)5, (ap_o_mode)3, 0>(ap_fixed_base<17, 2, true, (ap_q_mode)5, (ap_o_mode)3, 0> const&)' (C:/Xilinx/Vitis_HLS/2022.1/common/technology/autopilot\ap_fixed.h:75:9)
INFO: [HLS 214-131] Inlining function 'ap_fixed_base<32, 32, true, (ap_q_mode)5, (ap_o_mode)3, 0>::operator!() const' into 'ap_fixed_base<17, 4, true, (ap_q_mode)5, (ap_o_mode)3, 0>& ap_fixed_base<17, 4, true, (ap_q_mode)5, (ap_o_mode)3, 0>::operator=<32, 32, true, (ap_q_mode)5, (ap_o_mode)3, 0>(ap_fixed_base<32, 32, true, (ap_q_mode)5, (ap_o_mode)3, 0> const&)' (C:/Xilinx/Vitis_HLS/2022.1/common/technology/autopilot\ap_fixed_base.h:854:9)
INFO: [HLS 214-131] Inlining function 'ap_fixed_base<17, 4, true, (ap_q_mode)5, (ap_o_mode)3, 0>& ap_fixed_base<17, 4, true, (ap_q_mode)5, (ap_o_mode)3, 0>::operator=<32, 32, true, (ap_q_mode)5, (ap_o_mode)3, 0>(ap_fixed_base<32, 32, true, (ap_q_mode)5, (ap_o_mode)3, 0> const&)' into 'ap_fixed_base<17, 4, true, (ap_q_mode)5, (ap_o_mode)3, 0>::ap_fixed_base(int)' (C:/Xilinx/Vitis_HLS/2022.1/common/technology/autopilot\ap_fixed_base.h:576:146)
INFO: [HLS 214-131] Inlining function 'ap_fixed_base<16, 3, true, (ap_q_mode)0, (ap_o_mode)3, 0>::operator!() const' into 'ap_fixed_base<17, 4, true, (ap_q_mode)5, (ap_o_mode)3, 0>& ap_fixed_base<17, 4, true, (ap_q_mode)5, (ap_o_mode)3, 0>::operator=<16, 3, true, (ap_q_mode)0, (ap_o_mode)3, 0>(ap_fixed_base<16, 3, true, (ap_q_mode)0, (ap_o_mode)3, 0> const&)' (C:/Xilinx/Vitis_HLS/2022.1/common/technology/autopilot\ap_fixed_base.h:854:9)
INFO: [HLS 214-131] Inlining function '_ZN8ssdm_intILi17ELb1EEC2EDq17_i' into 'ap_fixed_base<17, 4, true, (ap_q_mode)5, (ap_o_mode)3, 0>::ap_fixed_base<16, 3, true, (ap_q_mode)0, (ap_o_mode)3, 0>(ap_fixed_base<16, 3, true, (ap_q_mode)0, (ap_o_mode)3, 0> const&)' (C:/Xilinx/Vitis_HLS/2022.1/common/technology/autopilot\ap_fixed_base.h:447:80)
INFO: [HLS 214-131] Inlining function 'ap_fixed_base<17, 4, true, (ap_q_mode)5, (ap_o_mode)3, 0>& ap_fixed_base<17, 4, true, (ap_q_mode)5, (ap_o_mode)3, 0>::operator=<16, 3, true, (ap_q_mode)0, (ap_o_mode)3, 0>(ap_fixed_base<16, 3, true, (ap_q_mode)0, (ap_o_mode)3, 0> const&)' into 'ap_fixed_base<17, 4, true, (ap_q_mode)5, (ap_o_mode)3, 0>::ap_fixed_base<16, 3, true, (ap_q_mode)0, (ap_o_mode)3, 0>(ap_fixed_base<16, 3, true, (ap_q_mode)0, (ap_o_mode)3, 0> const&)' (C:/Xilinx/Vitis_HLS/2022.1/common/technology/autopilot\ap_fixed_base.h:449:5)
INFO: [HLS 214-131] Inlining function 'ap_fixed_base<17, 4, true, (ap_q_mode)5, (ap_o_mode)3, 0>::ap_fixed_base(int)' into 'ap_fixed_base<16, 3, true, (ap_q_mode)0, (ap_o_mode)3, 0>::RType<16, 3, true>::plus ap_fixed_base<16, 3, true, (ap_q_mode)0, (ap_o_mode)3, 0>::operator+<16, 3, true, (ap_q_mode)0, (ap_o_mode)3, 0>(ap_fixed_base<16, 3, true, (ap_q_mode)0, (ap_o_mode)3, 0> const&) const' (C:/Xilinx/Vitis_HLS/2022.1/common/technology/autopilot\ap_fixed_base.h:1393:325)
INFO: [HLS 214-131] Inlining function 'ap_fixed<17, 4, (ap_q_mode)5, (ap_o_mode)3, 0>::ap_fixed<17, 4, true, (ap_q_mode)5, (ap_o_mode)3, 0>(ap_fixed_base<17, 4, true, (ap_q_mode)5, (ap_o_mode)3, 0> const&)' into 'ap_fixed_base<16, 3, true, (ap_q_mode)0, (ap_o_mode)3, 0>::RType<16, 3, true>::plus ap_fixed_base<16, 3, true, (ap_q_mode)0, (ap_o_mode)3, 0>::operator+<16, 3, true, (ap_q_mode)0, (ap_o_mode)3, 0>(ap_fixed_base<16, 3, true, (ap_q_mode)0, (ap_o_mode)3, 0> const&) const' (C:/Xilinx/Vitis_HLS/2022.1/common/technology/autopilot\ap_fixed_base.h:1393:385)
INFO: [HLS 214-131] Inlining function 'ap_fixed_base<17, 4, true, (ap_q_mode)5, (ap_o_mode)3, 0>::ap_fixed_base<16, 3, true, (ap_q_mode)0, (ap_o_mode)3, 0>(ap_fixed_base<16, 3, true, (ap_q_mode)0, (ap_o_mode)3, 0> const&)' into 'ap_fixed_base<16, 3, true, (ap_q_mode)0, (ap_o_mode)3, 0>::RType<16, 3, true>::plus ap_fixed_base<16, 3, true, (ap_q_mode)0, (ap_o_mode)3, 0>::operator+<16, 3, true, (ap_q_mode)0, (ap_o_mode)3, 0>(ap_fixed_base<16, 3, true, (ap_q_mode)0, (ap_o_mode)3, 0> const&) const' (C:/Xilinx/Vitis_HLS/2022.1/common/technology/autopilot\ap_fixed_base.h:1393:345)
INFO: [HLS 214-131] Inlining function 'ap_fixed_base<17, 4, true, (ap_q_mode)5, (ap_o_mode)3, 0>::ap_fixed_base<16, 3, true, (ap_q_mode)0, (ap_o_mode)3, 0>(ap_fixed_base<16, 3, true, (ap_q_mode)0, (ap_o_mode)3, 0> const&)' into 'ap_fixed_base<16, 3, true, (ap_q_mode)0, (ap_o_mode)3, 0>::RType<16, 3, true>::plus ap_fixed_base<16, 3, true, (ap_q_mode)0, (ap_o_mode)3, 0>::operator+<16, 3, true, (ap_q_mode)0, (ap_o_mode)3, 0>(ap_fixed_base<16, 3, true, (ap_q_mode)0, (ap_o_mode)3, 0> const&) const' (C:/Xilinx/Vitis_HLS/2022.1/common/technology/autopilot\ap_fixed_base.h:1393:333)
INFO: [HLS 214-131] Inlining function 'ap_fixed_base<17, 4, true, (ap_q_mode)5, (ap_o_mode)3, 0>::ap_fixed_base(int)' into 'ap_fixed_base<16, 3, true, (ap_q_mode)0, (ap_o_mode)3, 0>::RType<16, 3, true>::minus ap_fixed_base<16, 3, true, (ap_q_mode)0, (ap_o_mode)3, 0>::operator-<16, 3, true, (ap_q_mode)0, (ap_o_mode)3, 0>(ap_fixed_base<16, 3, true, (ap_q_mode)0, (ap_o_mode)3, 0> const&) const' (C:/Xilinx/Vitis_HLS/2022.1/common/technology/autopilot\ap_fixed_base.h:1394:327)
INFO: [HLS 214-131] Inlining function 'ap_fixed<17, 4, (ap_q_mode)5, (ap_o_mode)3, 0>::ap_fixed<17, 4, true, (ap_q_mode)5, (ap_o_mode)3, 0>(ap_fixed_base<17, 4, true, (ap_q_mode)5, (ap_o_mode)3, 0> const&)' into 'ap_fixed_base<16, 3, true, (ap_q_mode)0, (ap_o_mode)3, 0>::RType<16, 3, true>::minus ap_fixed_base<16, 3, true, (ap_q_mode)0, (ap_o_mode)3, 0>::operator-<16, 3, true, (ap_q_mode)0, (ap_o_mode)3, 0>(ap_fixed_base<16, 3, true, (ap_q_mode)0, (ap_o_mode)3, 0> const&) const' (C:/Xilinx/Vitis_HLS/2022.1/common/technology/autopilot\ap_fixed_base.h:1394:387)
INFO: [HLS 214-131] Inlining function 'ap_fixed_base<17, 4, true, (ap_q_mode)5, (ap_o_mode)3, 0>::ap_fixed_base<16, 3, true, (ap_q_mode)0, (ap_o_mode)3, 0>(ap_fixed_base<16, 3, true, (ap_q_mode)0, (ap_o_mode)3, 0> const&)' into 'ap_fixed_base<16, 3, true, (ap_q_mode)0, (ap_o_mode)3, 0>::RType<16, 3, true>::minus ap_fixed_base<16, 3, true, (ap_q_mode)0, (ap_o_mode)3, 0>::operator-<16, 3, true, (ap_q_mode)0, (ap_o_mode)3, 0>(ap_fixed_base<16, 3, true, (ap_q_mode)0, (ap_o_mode)3, 0> const&) const' (C:/Xilinx/Vitis_HLS/2022.1/common/technology/autopilot\ap_fixed_base.h:1394:347)
INFO: [HLS 214-131] Inlining function 'ap_fixed_base<17, 4, true, (ap_q_mode)5, (ap_o_mode)3, 0>::ap_fixed_base<16, 3, true, (ap_q_mode)0, (ap_o_mode)3, 0>(ap_fixed_base<16, 3, true, (ap_q_mode)0, (ap_o_mode)3, 0> const&)' into 'ap_fixed_base<16, 3, true, (ap_q_mode)0, (ap_o_mode)3, 0>::RType<16, 3, true>::minus ap_fixed_base<16, 3, true, (ap_q_mode)0, (ap_o_mode)3, 0>::operator-<16, 3, true, (ap_q_mode)0, (ap_o_mode)3, 0>(ap_fixed_base<16, 3, true, (ap_q_mode)0, (ap_o_mode)3, 0> const&) const' (C:/Xilinx/Vitis_HLS/2022.1/common/technology/autopilot\ap_fixed_base.h:1394:335)
INFO: [HLS 214-131] Inlining function 'ap_fixed_base<17, 4, true, (ap_q_mode)5, (ap_o_mode)3, 0>::operator!() const' into 'ap_fixed_base<16, 3, true, (ap_q_mode)0, (ap_o_mode)3, 0>& ap_fixed_base<16, 3, true, (ap_q_mode)0, (ap_o_mode)3, 0>::operator=<17, 4, true, (ap_q_mode)5, (ap_o_mode)3, 0>(ap_fixed_base<17, 4, true, (ap_q_mode)5, (ap_o_mode)3, 0> const&)' (C:/Xilinx/Vitis_HLS/2022.1/common/technology/autopilot\ap_fixed_base.h:854:9)
INFO: [HLS 214-131] Inlining function 'ssdm_int<16, true>::ssdm_int(short)' into 'ap_fixed_base<16, 3, true, (ap_q_mode)0, (ap_o_mode)3, 0>::ap_fixed_base<17, 4, true, (ap_q_mode)5, (ap_o_mode)3, 0>(ap_fixed_base<17, 4, true, (ap_q_mode)5, (ap_o_mode)3, 0> const&)' (C:/Xilinx/Vitis_HLS/2022.1/common/technology/autopilot\ap_fixed_base.h:447:80)
INFO: [HLS 214-131] Inlining function 'ap_fixed_base<16, 3, true, (ap_q_mode)0, (ap_o_mode)3, 0>& ap_fixed_base<16, 3, true, (ap_q_mode)0, (ap_o_mode)3, 0>::operator=<17, 4, true, (ap_q_mode)5, (ap_o_mode)3, 0>(ap_fixed_base<17, 4, true, (ap_q_mode)5, (ap_o_mode)3, 0> const&)' into 'ap_fixed_base<16, 3, true, (ap_q_mode)0, (ap_o_mode)3, 0>::ap_fixed_base<17, 4, true, (ap_q_mode)5, (ap_o_mode)3, 0>(ap_fixed_base<17, 4, true, (ap_q_mode)5, (ap_o_mode)3, 0> const&)' (C:/Xilinx/Vitis_HLS/2022.1/common/technology/autopilot\ap_fixed_base.h:449:5)
INFO: [HLS 214-131] Inlining function 'ap_fixed_base<16, 3, true, (ap_q_mode)0, (ap_o_mode)3, 0>::ap_fixed_base<17, 4, true, (ap_q_mode)5, (ap_o_mode)3, 0>(ap_fixed_base<17, 4, true, (ap_q_mode)5, (ap_o_mode)3, 0> const&)' into 'ap_fixed<16, 3, (ap_q_mode)0, (ap_o_mode)3, 0>::ap_fixed<17, 4, true, (ap_q_mode)5, (ap_o_mode)3, 0>(ap_fixed_base<17, 4, true, (ap_q_mode)5, (ap_o_mode)3, 0> const&)' (C:/Xilinx/Vitis_HLS/2022.1/common/technology/autopilot\ap_fixed.h:75:9)
INFO: [HLS 214-131] Inlining function 'ap_fixed<16, 3, (ap_q_mode)0, (ap_o_mode)3, 0>::ap_fixed(int)' into 'circular_cordic(ap_fixed<16, 3, (ap_q_mode)0, (ap_o_mode)3, 0>, ap_fixed<16, 1, (ap_q_mode)0, (ap_o_mode)3, 0>*, ap_fixed<16, 1, (ap_q_mode)0, (ap_o_mode)3, 0>*)' (../code/cordic.cpp:8:34)
INFO: [HLS 214-131] Inlining function 'ap_fixed<16, 3, (ap_q_mode)0, (ap_o_mode)3, 0>::ap_fixed<17, 4, true, (ap_q_mode)5, (ap_o_mode)3, 0>(ap_fixed_base<17, 4, true, (ap_q_mode)5, (ap_o_mode)3, 0> const&)' into 'circular_cordic(ap_fixed<16, 3, (ap_q_mode)0, (ap_o_mode)3, 0>, ap_fixed<16, 1, (ap_q_mode)0, (ap_o_mode)3, 0>*, ap_fixed<16, 1, (ap_q_mode)0, (ap_o_mode)3, 0>*)' (../code/cordic.cpp:24:19)
INFO: [HLS 214-131] Inlining function 'ap_fixed_base<16, 3, true, (ap_q_mode)0, (ap_o_mode)3, 0>::RType<16, 3, true>::minus ap_fixed_base<16, 3, true, (ap_q_mode)0, (ap_o_mode)3, 0>::operator-<16, 3, true, (ap_q_mode)0, (ap_o_mode)3, 0>(ap_fixed_base<16, 3, true, (ap_q_mode)0, (ap_o_mode)3, 0> const&) const' into 'circular_cordic(ap_fixed<16, 3, (ap_q_mode)0, (ap_o_mode)3, 0>, ap_fixed<16, 1, (ap_q_mode)0, (ap_o_mode)3, 0>*, ap_fixed<16, 1, (ap_q_mode)0, (ap_o_mode)3, 0>*)' (../code/cordic.cpp:25:55)
INFO: [HLS 214-131] Inlining function 'ap_fixed_base<16, 3, true, (ap_q_mode)0, (ap_o_mode)3, 0>::RType<16, 3, true>::plus ap_fixed_base<16, 3, true, (ap_q_mode)0, (ap_o_mode)3, 0>::operator+<16, 3, true, (ap_q_mode)0, (ap_o_mode)3, 0>(ap_fixed_base<16, 3, true, (ap_q_mode)0, (ap_o_mode)3, 0> const&) const' into 'circular_cordic(ap_fixed<16, 3, (ap_q_mode)0, (ap_o_mode)3, 0>, ap_fixed<16, 1, (ap_q_mode)0, (ap_o_mode)3, 0>*, ap_fixed<16, 1, (ap_q_mode)0, (ap_o_mode)3, 0>*)' (../code/cordic.cpp:25:17)
INFO: [HLS 214-131] Inlining function 'bool ap_fixed_base<16, 3, true, (ap_q_mode)0, (ap_o_mode)3, 0>::operator<<16, 3, true, (ap_q_mode)0, (ap_o_mode)3, 0>(ap_fixed_base<16, 3, true, (ap_q_mode)0, (ap_o_mode)3, 0> const&) const' into 'circular_cordic(ap_fixed<16, 3, (ap_q_mode)0, (ap_o_mode)3, 0>, ap_fixed<16, 1, (ap_q_mode)0, (ap_o_mode)3, 0>*, ap_fixed<16, 1, (ap_q_mode)0, (ap_o_mode)3, 0>*)' (../code/cordic.cpp:24:33)
INFO: [HLS 214-131] Inlining function 'ap_fixed<16, 1, (ap_q_mode)0, (ap_o_mode)3, 0>::ap_fixed<17, 2, true, (ap_q_mode)5, (ap_o_mode)3, 0>(ap_fixed_base<17, 2, true, (ap_q_mode)5, (ap_o_mode)3, 0> const&)' into 'circular_cordic(ap_fixed<16, 3, (ap_q_mode)0, (ap_o_mode)3, 0>, ap_fixed<16, 1, (ap_q_mode)0, (ap_o_mode)3, 0>*, ap_fixed<16, 1, (ap_q_mode)0, (ap_o_mode)3, 0>*)' (../code/cordic.cpp:18:11)
INFO: [HLS 214-131] Inlining function 'ap_fixed_base<16, 1, true, (ap_q_mode)0, (ap_o_mode)3, 0>::RType<16, 1, true>::minus ap_fixed_base<16, 1, true, (ap_q_mode)0, (ap_o_mode)3, 0>::operator-<16, 1, true, (ap_q_mode)0, (ap_o_mode)3, 0>(ap_fixed_base<16, 1, true, (ap_q_mode)0, (ap_o_mode)3, 0> const&) const' into 'circular_cordic(ap_fixed<16, 3, (ap_q_mode)0, (ap_o_mode)3, 0>, ap_fixed<16, 1, (ap_q_mode)0, (ap_o_mode)3, 0>*, ap_fixed<16, 1, (ap_q_mode)0, (ap_o_mode)3, 0>*)' (../code/cordic.cpp:19:49)
INFO: [HLS 214-131] Inlining function 'ap_fixed_base<16, 1, true, (ap_q_mode)0, (ap_o_mode)3, 0>::operator>>(int) const' into 'circular_cordic(ap_fixed<16, 3, (ap_q_mode)0, (ap_o_mode)3, 0>, ap_fixed<16, 1, (ap_q_mode)0, (ap_o_mode)3, 0>*, ap_fixed<16, 1, (ap_q_mode)0, (ap_o_mode)3, 0>*)' (../code/cordic.cpp:19:65)
INFO: [HLS 214-131] Inlining function 'ap_fixed_base<16, 1, true, (ap_q_mode)0, (ap_o_mode)3, 0>::RType<16, 1, true>::plus ap_fixed_base<16, 1, true, (ap_q_mode)0, (ap_o_mode)3, 0>::operator+<16, 1, true, (ap_q_mode)0, (ap_o_mode)3, 0>(ap_fixed_base<16, 1, true, (ap_q_mode)0, (ap_o_mode)3, 0> const&) const' into 'circular_cordic(ap_fixed<16, 3, (ap_q_mode)0, (ap_o_mode)3, 0>, ap_fixed<16, 1, (ap_q_mode)0, (ap_o_mode)3, 0>*, ap_fixed<16, 1, (ap_q_mode)0, (ap_o_mode)3, 0>*)' (../code/cordic.cpp:19:14)
INFO: [HLS 214-131] Inlining function 'ap_fixed_base<16, 1, true, (ap_q_mode)0, (ap_o_mode)3, 0>::operator>>(int) const' into 'circular_cordic(ap_fixed<16, 3, (ap_q_mode)0, (ap_o_mode)3, 0>, ap_fixed<16, 1, (ap_q_mode)0, (ap_o_mode)3, 0>*, ap_fixed<16, 1, (ap_q_mode)0, (ap_o_mode)3, 0>*)' (../code/cordic.cpp:19:30)
INFO: [HLS 214-131] Inlining function 'bool ap_fixed_base<16, 3, true, (ap_q_mode)0, (ap_o_mode)3, 0>::operator<<16, 3, true, (ap_q_mode)0, (ap_o_mode)3, 0>(ap_fixed_base<16, 3, true, (ap_q_mode)0, (ap_o_mode)3, 0> const&) const' into 'circular_cordic(ap_fixed<16, 3, (ap_q_mode)0, (ap_o_mode)3, 0>, ap_fixed<16, 1, (ap_q_mode)0, (ap_o_mode)3, 0>*, ap_fixed<16, 1, (ap_q_mode)0, (ap_o_mode)3, 0>*)' (../code/cordic.cpp:18:25)
INFO: [HLS 214-131] Inlining function 'ap_fixed<16, 1, (ap_q_mode)0, (ap_o_mode)3, 0>::ap_fixed<17, 2, true, (ap_q_mode)5, (ap_o_mode)3, 0>(ap_fixed_base<17, 2, true, (ap_q_mode)5, (ap_o_mode)3, 0> const&)' into 'circular_cordic(ap_fixed<16, 3, (ap_q_mode)0, (ap_o_mode)3, 0>, ap_fixed<16, 1, (ap_q_mode)0, (ap_o_mode)3, 0>*, ap_fixed<16, 1, (ap_q_mode)0, (ap_o_mode)3, 0>*)' (../code/cordic.cpp:15:12)
INFO: [HLS 214-131] Inlining function 'ap_fixed_base<16, 1, true, (ap_q_mode)0, (ap_o_mode)3, 0>::RType<16, 1, true>::plus ap_fixed_base<16, 1, true, (ap_q_mode)0, (ap_o_mode)3, 0>::operator+<16, 1, true, (ap_q_mode)0, (ap_o_mode)3, 0>(ap_fixed_base<16, 1, true, (ap_q_mode)0, (ap_o_mode)3, 0> const&) const' into 'circular_cordic(ap_fixed<16, 3, (ap_q_mode)0, (ap_o_mode)3, 0>, ap_fixed<16, 1, (ap_q_mode)0, (ap_o_mode)3, 0>*, ap_fixed<16, 1, (ap_q_mode)0, (ap_o_mode)3, 0>*)' (../code/cordic.cpp:16:51)
INFO: [HLS 214-131] Inlining function 'ap_fixed_base<16, 1, true, (ap_q_mode)0, (ap_o_mode)3, 0>::operator>>(int) const' into 'circular_cordic(ap_fixed<16, 3, (ap_q_mode)0, (ap_o_mode)3, 0>, ap_fixed<16, 1, (ap_q_mode)0, (ap_o_mode)3, 0>*, ap_fixed<16, 1, (ap_q_mode)0, (ap_o_mode)3, 0>*)' (../code/cordic.cpp:16:65)
INFO: [HLS 214-131] Inlining function 'ap_fixed_base<16, 1, true, (ap_q_mode)0, (ap_o_mode)3, 0>::RType<16, 1, true>::minus ap_fixed_base<16, 1, true, (ap_q_mode)0, (ap_o_mode)3, 0>::operator-<16, 1, true, (ap_q_mode)0, (ap_o_mode)3, 0>(ap_fixed_base<16, 1, true, (ap_q_mode)0, (ap_o_mode)3, 0> const&) const' into 'circular_cordic(ap_fixed<16, 3, (ap_q_mode)0, (ap_o_mode)3, 0>, ap_fixed<16, 1, (ap_q_mode)0, (ap_o_mode)3, 0>*, ap_fixed<16, 1, (ap_q_mode)0, (ap_o_mode)3, 0>*)' (../code/cordic.cpp:16:16)
INFO: [HLS 214-131] Inlining function 'ap_fixed_base<16, 1, true, (ap_q_mode)0, (ap_o_mode)3, 0>::operator>>(int) const' into 'circular_cordic(ap_fixed<16, 3, (ap_q_mode)0, (ap_o_mode)3, 0>, ap_fixed<16, 1, (ap_q_mode)0, (ap_o_mode)3, 0>*, ap_fixed<16, 1, (ap_q_mode)0, (ap_o_mode)3, 0>*)' (../code/cordic.cpp:16:30)
INFO: [HLS 214-131] Inlining function 'bool ap_fixed_base<16, 3, true, (ap_q_mode)0, (ap_o_mode)3, 0>::operator<<16, 3, true, (ap_q_mode)0, (ap_o_mode)3, 0>(ap_fixed_base<16, 3, true, (ap_q_mode)0, (ap_o_mode)3, 0> const&) const' into 'circular_cordic(ap_fixed<16, 3, (ap_q_mode)0, (ap_o_mode)3, 0>, ap_fixed<16, 1, (ap_q_mode)0, (ap_o_mode)3, 0>*, ap_fixed<16, 1, (ap_q_mode)0, (ap_o_mode)3, 0>*)' (../code/cordic.cpp:15:26)
INFO: [HLS 214-131] Inlining function 'ap_fixed<16, 1, (ap_q_mode)0, (ap_o_mode)3, 0>::ap_fixed(int)' into 'circular_cordic(ap_fixed<16, 3, (ap_q_mode)0, (ap_o_mode)3, 0>, ap_fixed<16, 1, (ap_q_mode)0, (ap_o_mode)3, 0>*, ap_fixed<16, 1, (ap_q_mode)0, (ap_o_mode)3, 0>*)' (../code/cordic.cpp:11:31)
INFO: [HLS 214-131] Inlining function 'ap_fixed<16, 1, (ap_q_mode)0, (ap_o_mode)3, 0>::ap_fixed(double)' into 'circular_cordic(ap_fixed<16, 3, (ap_q_mode)0, (ap_o_mode)3, 0>, ap_fixed<16, 1, (ap_q_mode)0, (ap_o_mode)3, 0>*, ap_fixed<16, 1, (ap_q_mode)0, (ap_o_mode)3, 0>*)' (../code/cordic.cpp:10:33)
INFO: [HLS 214-178] Inlining function 'ap_fixed_base<16, 1, true, (ap_q_mode)0, (ap_o_mode)3, 0>::ap_fixed_base(double)' into 'circular_cordic(ap_fixed<16, 3, (ap_q_mode)0, (ap_o_mode)3, 0>, ap_fixed<16, 1, (ap_q_mode)0, (ap_o_mode)3, 0>*, ap_fixed<16, 1, (ap_q_mode)0, (ap_o_mode)3, 0>*)' (../code/cordic.cpp:6:0)
INFO: [HLS 214-241] Aggregating maxi variable 'sine' with compact=none mode in 16-bits (../code/cordic.cpp:6:0)
INFO: [HLS 214-241] Aggregating maxi variable 'cosine' with compact=none mode in 16-bits (../code/cordic.cpp:6:0)
INFO: [HLS 200-111] Finished Compiling Optimization and Transform: CPU user time: 0 seconds. CPU system time: 0 seconds. Elapsed time: 3.864 seconds; current allocated memory: 1.107 GB.
INFO: [HLS 200-111] Finished Checking Pragmas: CPU user time: 0 seconds. CPU system time: 0 seconds. Elapsed time: 0.002 seconds; current allocated memory: 1.107 GB.
INFO: [HLS 200-10] Starting code transformations ...
INFO: [HLS 200-111] Finished Standard Transforms: CPU user time: 0 seconds. CPU system time: 0 seconds. Elapsed time: 0.045 seconds; current allocated memory: 1.107 GB.
INFO: [HLS 200-10] Checking synthesizability ...
INFO: [HLS 200-111] Finished Checking Synthesizability: CPU user time: 1 seconds. CPU system time: 0 seconds. Elapsed time: 0.066 seconds; current allocated memory: 1.107 GB.
INFO: [HLS 200-111] Finished Loop, function and other optimizations: CPU user time: 0 seconds. CPU system time: 0 seconds. Elapsed time: 0.09 seconds; current allocated memory: 1.107 GB.
INFO: [HLS 200-111] Finished Architecture Synthesis: CPU user time: 0 seconds. CPU system time: 0 seconds. Elapsed time: 0.046 seconds; current allocated memory: 1.107 GB.
INFO: [HLS 200-10] Starting hardware synthesis ...
INFO: [HLS 200-10] Synthesizing 'circular_cordic' ...
INFO: [HLS 200-10] ----------------------------------------------------------------
INFO: [HLS 200-42] -- Implementing module 'circular_cordic' 
INFO: [HLS 200-10] ----------------------------------------------------------------
INFO: [SCHED 204-11] Starting scheduling ...
INFO: [SCHED 204-61] Pipelining loop 'CORD_LOOP'.
INFO: [HLS 200-1470] Pipelining result : Target II = NA, Final II = 1, Depth = 3, loop 'CORD_LOOP'
INFO: [SCHED 204-11] Finished scheduling.
INFO: [HLS 200-111] Finished Scheduling: CPU user time: 0 seconds. CPU system time: 0 seconds. Elapsed time: 0.21 seconds; current allocated memory: 1.107 GB.
INFO: [BIND 205-100] Starting micro-architecture generation ...
INFO: [BIND 205-101] Performing variable lifetime analysis.
INFO: [BIND 205-101] Exploring resource sharing.
INFO: [BIND 205-101] Binding ...
INFO: [BIND 205-100] Finished micro-architecture generation.
INFO: [HLS 200-111] Finished Binding: CPU user time: 0 seconds. CPU system time: 0 seconds. Elapsed time: 0.216 seconds; current allocated memory: 1.107 GB.
INFO: [HLS 200-10] ----------------------------------------------------------------
INFO: [HLS 200-10] -- Generating RTL for module 'circular_cordic' 
INFO: [HLS 200-10] ----------------------------------------------------------------
WARNING: [RTGEN 206-101] Design contains AXI ports. Reset is fixed to synchronous and active low.
INFO: [RTGEN 206-500] Setting interface mode on port 'circular_cordic/gmem' to 'm_axi'.
INFO: [RTGEN 206-500] Setting interface mode on port 'circular_cordic/angle' to 's_axilite & ap_none'.
INFO: [RTGEN 206-500] Setting interface mode on port 'circular_cordic/cosine' to 's_axilite & ap_none'.
INFO: [RTGEN 206-500] Setting interface mode on port 'circular_cordic/sine' to 's_axilite & ap_none'.
INFO: [RTGEN 206-500] Setting interface mode on function 'circular_cordic' to 's_axilite & ap_ctrl_chain'.
INFO: [RTGEN 206-100] Bundling port 'angle', 'cosine', 'sine' to AXI-Lite port control.
INFO: [RTGEN 206-100] Finished creating RTL model for 'circular_cordic'.
INFO: [HLS 200-111] Finished Creating RTL model: CPU user time: 0 seconds. CPU system time: 0 seconds. Elapsed time: 0.152 seconds; current allocated memory: 1.107 GB.
INFO: [RTMG 210-279] Implementing memory 'circular_cordic_Cordic_Rotations_V_ROM_AUTO_1R' using auto ROMs.
INFO: [HLS 200-111] Finished Generating all RTL models: CPU user time: 0 seconds. CPU system time: 0 seconds. Elapsed time: 0.43 seconds; current allocated memory: 1.107 GB.
INFO: [HLS 200-111] Finished Updating report files: CPU user time: 1 seconds. CPU system time: 0 seconds. Elapsed time: 0.405 seconds; current allocated memory: 1.107 GB.
INFO: [VHDL 208-304] Generating VHDL RTL for circular_cordic.
INFO: [VLOG 209-307] Generating Verilog RTL for circular_cordic.
INFO: [HLS 200-790] **** Loop Constraint Status: All loop constraints were satisfied.
INFO: [HLS 200-789] **** Estimated Fmax: 136.99 MHz
INFO: [HLS 200-111] Finished Command csynth_design CPU user time: 3 seconds. CPU system time: 0 seconds. Elapsed time: 9.182 seconds; current allocated memory: 198.500 MB.
INFO: [HLS 200-112] Total CPU user time: 4 seconds. Total CPU system time: 1 seconds. Total elapsed time: 10.09 seconds; peak allocated memory: 1.107 GB.
