--------------------------------- Version Log ----------------------------------
Version                                 Path
System Generator 2022.1                 C:/Xilinx/Vivado/2022.1
Matlab 9.10.0.1602886 (R2021a)          C:\Program Files\MATLAB\R2021a
Vivado 2022.1                           C:/Xilinx/Vivado/2022.1
--------------------------------------------------------------------------------
Summary of Errors:
Error 0001: ERROR: An error occurred when creating the Vivado project...
     Block: Unspecified
--------------------------------------------------------------------------------

Error 0001:

Reported by:
  Unspecified

Details:
ERROR: An error occurred when creating the Vivado project.
ERROR: [Common 17-39] 'create_bd_port' failed due to earlier errors.

INFO: [Common 17-206] Exiting Vivado at Fri Sep  9 17:24:27 2022...
ERROR: [BD 41-85] Exec TCL - Illegal Name: The name 'input'
cannot be used because it is a keyword in a Hardware Description
Language. 
... 

For more information please refer to 'C:/ELEC522/venaik/Lab2/M_code/mcode_detect1011_work/vivado.log'

--------------------------------------------------------------------------------
