--------------------------------- Version Log ----------------------------------
Version                                 Path
System Generator 2022.1                 C:/Xilinx/Vivado/2022.1
Matlab 9.10.0.1602886 (R2021a)          C:\Program Files\MATLAB\R2021a
Vivado 2022.1                           C:/Xilinx/Vivado/2022.1
--------------------------------------------------------------------------------
Summary of Errors:
Error 0001: ERROR: An error occurred when creating the Vivado project...
     Block: Unspecified
--------------------------------------------------------------------------------

Error 0001:

Reported by:
  Unspecified

Details:
ERROR: An error occurred when creating the Vivado project.
error copying "{C:/Users/kv25/Desktop/ELEC 552 -
VLSI/Assignments/Lab1/netlist2/sysgen/lab1_1_clock.xdc}": no such
file or directory
INFO: [Common 17-206] Exiting Vivado at Fri Sep  9 14:56:01 2022...
... 

For more information please refer to 'C:/Users/kv25/Desktop/ELEC
552 - VLSI/Assignments/Lab1/netlist2/vivado.log'

--------------------------------------------------------------------------------
