--------------------------------- Version Log ----------------------------------
Version                                 Path
System Generator 2022.1                 C:/Xilinx/Vivado/2022.1
Matlab 9.10.0.1602886 (R2021a)          C:\Program Files\MATLAB\R2021a
Vivado 2022.1                           C:/Xilinx/Vivado/2022.1
--------------------------------------------------------------------------------
Summary of Errors:
Error 0001: Part on the System Generator Token in your design is set ...
     Block: 'Lab1_3/ASR'
Error 0002: Part on the System Generator Token in your design is set ...
     Block: 'Lab1_3/Capture Register'
Error 0003: Part on the System Generator Token in your design is set ...
     Block: 'Lab1_3/Constant 0'
Error 0004: Part on the System Generator Token in your design is set ...
     Block: 'Lab1_3/Convert'
Error 0005: Part on the System Generator Token in your design is set ...
     Block: 'Lab1_3/Counter'
Error 0006: Part on the System Generator Token in your design is set ...
     Block: 'Lab1_3/DSP Macro 1.0'
Error 0007: Part on the System Generator Token in your design is set ...
     Block: 'Lab1_3/Down Sample1'
Error 0008: Part on the System Generator Token in your design is set ...
     Block: 'Lab1_3/Gateway In'
Error 0009: Part on the System Generator Token in your design is set ...
     Block: 'Lab1_3/Gateway Out'
Error 0010: Part on the System Generator Token in your design is set ...
     Block: 'Lab1_3/ROM'
Error 0011: Part on the System Generator Token in your design is set ...
     Block: 'Lab1_3/Relational1'
Error 0012: Part on the System Generator Token in your design is set ...
     Block: 'Lab1_3/r0'
Error 0013: Part on the System Generator Token in your design is set ...
     Block: 'Lab1_3/r2'
Error 0014: Part on the System Generator Token in your design is set ...
     Block: 'Lab1_3/r3'
--------------------------------------------------------------------------------

Error 0001:

Reported by:
  'Lab1_3/ASR'

Details:
Part on the System Generator Token in your design is set to
kintex7 xc7k325t-3fbg676. This part is not found in your Vivado
installation. Please modify the System Generator Token to a part
that is currently installed or update Vivado by installing this part.
--------------------------------------------------------------------------------

Error 0001:

Reported by:
  'Lab1_3/Capture Register'

Details:
Part on the System Generator Token in your design is set to
kintex7 xc7k325t-3fbg676. This part is not found in your Vivado
installation. Please modify the System Generator Token to a part
that is currently installed or update Vivado by installing this part.
--------------------------------------------------------------------------------

Error 0001:

Reported by:
  'Lab1_3/Constant 0'

Details:
Part on the System Generator Token in your design is set to
kintex7 xc7k325t-3fbg676. This part is not found in your Vivado
installation. Please modify the System Generator Token to a part
that is currently installed or update Vivado by installing this part.
--------------------------------------------------------------------------------

Error 0001:

Reported by:
  'Lab1_3/Convert'

Details:
Part on the System Generator Token in your design is set to
kintex7 xc7k325t-3fbg676. This part is not found in your Vivado
installation. Please modify the System Generator Token to a part
that is currently installed or update Vivado by installing this part.
--------------------------------------------------------------------------------

Error 0001:

Reported by:
  'Lab1_3/Counter'

Details:
Part on the System Generator Token in your design is set to
kintex7 xc7k325t-3fbg676. This part is not found in your Vivado
installation. Please modify the System Generator Token to a part
that is currently installed or update Vivado by installing this part.
--------------------------------------------------------------------------------

Error 0001:

Reported by:
  'Lab1_3/DSP Macro 1.0'

Details:
Part on the System Generator Token in your design is set to
kintex7 xc7k325t-3fbg676. This part is not found in your Vivado
installation. Please modify the System Generator Token to a part
that is currently installed or update Vivado by installing this part.
--------------------------------------------------------------------------------

Error 0001:

Reported by:
  'Lab1_3/Down Sample1'

Details:
Part on the System Generator Token in your design is set to
kintex7 xc7k325t-3fbg676. This part is not found in your Vivado
installation. Please modify the System Generator Token to a part
that is currently installed or update Vivado by installing this part.
--------------------------------------------------------------------------------

Error 0001:

Reported by:
  'Lab1_3/Gateway In'

Details:
Part on the System Generator Token in your design is set to
kintex7 xc7k325t-3fbg676. This part is not found in your Vivado
installation. Please modify the System Generator Token to a part
that is currently installed or update Vivado by installing this part.
--------------------------------------------------------------------------------

Error 0001:

Reported by:
  'Lab1_3/Gateway Out'

Details:
Part on the System Generator Token in your design is set to
kintex7 xc7k325t-3fbg676. This part is not found in your Vivado
installation. Please modify the System Generator Token to a part
that is currently installed or update Vivado by installing this part.
--------------------------------------------------------------------------------

Error 0001:

Reported by:
  'Lab1_3/ROM'

Details:
Part on the System Generator Token in your design is set to
kintex7 xc7k325t-3fbg676. This part is not found in your Vivado
installation. Please modify the System Generator Token to a part
that is currently installed or update Vivado by installing this part.
--------------------------------------------------------------------------------

Error 0001:

Reported by:
  'Lab1_3/Relational1'

Details:
Part on the System Generator Token in your design is set to
kintex7 xc7k325t-3fbg676. This part is not found in your Vivado
installation. Please modify the System Generator Token to a part
that is currently installed or update Vivado by installing this part.
--------------------------------------------------------------------------------

Error 0001:

Reported by:
  'Lab1_3/r0'

Details:
Part on the System Generator Token in your design is set to
kintex7 xc7k325t-3fbg676. This part is not found in your Vivado
installation. Please modify the System Generator Token to a part
that is currently installed or update Vivado by installing this part.
--------------------------------------------------------------------------------

Error 0001:

Reported by:
  'Lab1_3/r2'

Details:
Part on the System Generator Token in your design is set to
kintex7 xc7k325t-3fbg676. This part is not found in your Vivado
installation. Please modify the System Generator Token to a part
that is currently installed or update Vivado by installing this part.
--------------------------------------------------------------------------------

Error 0001:

Reported by:
  'Lab1_3/r3'

Details:
Part on the System Generator Token in your design is set to
kintex7 xc7k325t-3fbg676. This part is not found in your Vivado
installation. Please modify the System Generator Token to a part
that is currently installed or update Vivado by installing this part.
--------------------------------------------------------------------------------
