Warning:
 code:     
 severity: L2
 open_fcn:   
 summary:  Testbench generation is not supported with AXI Lite Interface Synthesis.
 details:  Testbench generation is not supported with AXI Lite Interface Synthesis. The testbench file will not be created.


Warning:
 code:     
 severity: L2
 open_fcn:   
 summary:  Testbench generation is not supported with AXI Lite Interface Synthesis.
 details:  Testbench generation is not supported with AXI Lite Interface Synthesis. The testbench file will not be created.


Warning:
 code:     
 severity: L2
 open_fcn:   
 summary:  Testbench generation is not supported with AXI Lite Interface Synthesis.
 details:  Testbench generation is not supported with AXI Lite Interface Synthesis. The testbench file will not be created.


Warning:
 code:     
 severity: L2
 open_fcn:   
 summary:  Testbench generation is not supported with AXI Lite Interface Synthesis.
 details:  Testbench generation is not supported with AXI Lite Interface Synthesis. The testbench file will not be created.


Warning:
 code:     
 severity: L2
 open_fcn:   
 summary:  Testbench generation is not supported with AXI Lite Interface Synthesis.
 details:  Testbench generation is not supported with AXI Lite Interface Synthesis. The testbench file will not be created.


Warning:
 code:     
 severity: L2
 open_fcn:   
 summary:  Testbench generation is not supported with AXI Lite Interface Synthesis.
 details:  Testbench generation is not supported with AXI Lite Interface Synthesis. The testbench file will not be created.


Warning:
 code:     
 severity: L2
 open_fcn:   
 summary:  Testbench generation is not supported with AXI Lite Interface Synthesis.
 details:  Testbench generation is not supported with AXI Lite Interface Synthesis. The testbench file will not be created.


Warning:
 code:     
 severity: L2
 open_fcn:   
 summary:  Testbench generation is not supported with AXI Lite Interface Synthesis.
 details:  Testbench generation is not supported with AXI Lite Interface Synthesis. The testbench file will not be created.


Warning:
 code:     
 severity: L2
 open_fcn:   
 summary:  Testbench generation is not supported with AXI Lite Interface Synthesis.
 details:  Testbench generation is not supported with AXI Lite Interface Synthesis. The testbench file will not be created.


Warning:
 code:     
 severity: L2
 open_fcn:   
 summary:  Testbench generation is not supported with AXI Lite Interface Synthesis.
 details:  Testbench generation is not supported with AXI Lite Interface Synthesis. The testbench file will not be created.


Warning:
 code:     
 severity: L2
 open_fcn:   
 summary:  Testbench generation is not supported with AXI Lite Interface Synthesis.
 details:  Testbench generation is not supported with AXI Lite Interface Synthesis. The testbench file will not be created.


Warning:
 code:     
 severity: L2
 open_fcn:   
 summary:  Testbench generation is not supported with AXI Lite Interface Synthesis.
 details:  Testbench generation is not supported with AXI Lite Interface Synthesis. The testbench file will not be created.


Warning:
 code:     
 severity: L2
 open_fcn:   
 summary:  Testbench generation is not supported with AXI Lite Interface Synthesis.
 details:  Testbench generation is not supported with AXI Lite Interface Synthesis. The testbench file will not be created.


Warning:
 code:     
 severity: L2
 open_fcn:   
 summary:  Testbench generation is not supported with AXI Lite Interface Synthesis.
 details:  Testbench generation is not supported with AXI Lite Interface Synthesis. The testbench file will not be created.


Warning:
 code:     
 severity: L2
 open_fcn:   
 summary:  Testbench generation is not supported with AXI Lite Interface Synthesis.
 details:  Testbench generation is not supported with AXI Lite Interface Synthesis. The testbench file will not be created.


Warning:
 code:     
 severity: L2
 open_fcn:   
 summary:  Testbench generation is not supported with AXI Lite Interface Synthesis.
 details:  Testbench generation is not supported with AXI Lite Interface Synthesis. The testbench file will not be created.


Warning:
 code:     
 severity: L2
 open_fcn:   
 summary:  Testbench generation is not supported with AXI Lite Interface Synthesis.
 details:  Testbench generation is not supported with AXI Lite Interface Synthesis. The testbench file will not be created.


Warning:
 code:     
 severity: L2
 open_fcn:   
 summary:  Testbench generation is not supported with AXI Lite Interface Synthesis.
 details:  Testbench generation is not supported with AXI Lite Interface Synthesis. The testbench file will not be created.


Warning:
 code:     
 severity: L2
 open_fcn:   
 summary:  Testbench generation is not supported with AXI Lite Interface Synthesis.
 details:  Testbench generation is not supported with AXI Lite Interface Synthesis. The testbench file will not be created.


Warning:
 code:     
 severity: L2
 open_fcn:   
 summary:  Testbench generation is not supported with AXI Lite Interface Synthesis.
 details:  Testbench generation is not supported with AXI Lite Interface Synthesis. The testbench file will not be created.


