

================================================================
== Vitis HLS Report for 'cordic'
================================================================
* Date:           Mon Nov 21 12:35:39 2022

* Version:        2022.1 (Build 3526262 on Mon Apr 18 15:48:16 MDT 2022)
* Project:        cordic_raw
* Solution:       solution1 (Vivado IP Flow Target)
* Product family: zynq
* Target device:  xc7z020-clg484-1


================================================================
== Performance Estimates
================================================================
+ Timing: 
    * Summary: 
    +--------+----------+----------+------------+
    |  Clock |  Target  | Estimated| Uncertainty|
    +--------+----------+----------+------------+
    |ap_clk  |  10.00 ns|  7.088 ns|     2.70 ns|
    +--------+----------+----------+------------+

+ Latency: 
    * Summary: 
    +---------+---------+----------+----------+-----+-----+---------+
    |  Latency (cycles) |  Latency (absolute) |  Interval | Pipeline|
    |   min   |   max   |    min   |    max   | min | max |   Type  |
    +---------+---------+----------+----------+-----+-----+---------+
    |       20|       20|  0.200 us|  0.200 us|    1|    1|      yes|
    +---------+---------+----------+----------+-----+-----+---------+

    + Detail: 
        * Instance: 
        N/A

        * Loop: 
        N/A



================================================================
== Utilization Estimates
================================================================
* Summary: 
+-----------------+---------+-----+--------+-------+-----+
|       Name      | BRAM_18K| DSP |   FF   |  LUT  | URAM|
+-----------------+---------+-----+--------+-------+-----+
|DSP              |        -|    -|       -|      -|    -|
|Expression       |        -|    -|       0|   8936|    -|
|FIFO             |        -|    -|       -|      -|    -|
|Instance         |        -|    -|       -|      -|    -|
|Memory           |        -|    -|       -|      -|    -|
|Multiplexer      |        -|    -|       -|      -|    -|
|Register         |        -|    -|    1369|     96|    -|
+-----------------+---------+-----+--------+-------+-----+
|Total            |        0|    0|    1369|   9032|    0|
+-----------------+---------+-----+--------+-------+-----+
|Available        |      280|  220|  106400|  53200|    0|
+-----------------+---------+-----+--------+-------+-----+
|Utilization (%)  |        0|    0|       1|     16|    0|
+-----------------+---------+-----+--------+-------+-----+

+ Detail: 
    * Instance: 
    N/A

    * DSP: 
    N/A

    * Memory: 
    N/A

    * FIFO: 
    N/A

    * Expression: 
    +-----------------------------+----------+----+---+----+------------+------------+
    |        Variable Name        | Operation| DSP| FF| LUT| Bitwidth P0| Bitwidth P1|
    +-----------------------------+----------+----+---+----+------------+------------+
    |ret_V_10_fu_1482_p2          |         +|   0|  0|  24|          17|          11|
    |ret_V_12_fu_1751_p2          |         +|   0|  0|  24|          17|          17|
    |ret_V_13_fu_1815_p2          |         +|   0|  0|  24|          17|          11|
    |ret_V_14_fu_1860_p2          |         +|   0|  0|  24|          17|          17|
    |ret_V_16_fu_1981_p2          |         +|   0|  0|  24|          17|          10|
    |ret_V_18_fu_2250_p2          |         +|   0|  0|  24|          17|          17|
    |ret_V_19_fu_2314_p2          |         +|   0|  0|  24|          17|          10|
    |ret_V_1_fu_808_p2            |         +|   0|  0|  24|          17|          17|
    |ret_V_20_fu_2359_p2          |         +|   0|  0|  24|          17|          17|
    |ret_V_22_fu_2480_p2          |         +|   0|  0|  24|          17|           9|
    |ret_V_24_fu_2749_p2          |         +|   0|  0|  24|          17|          17|
    |ret_V_25_fu_2813_p2          |         +|   0|  0|  24|          17|          10|
    |ret_V_26_fu_2858_p2          |         +|   0|  0|  24|          17|          17|
    |ret_V_28_fu_2979_p2          |         +|   0|  0|  24|          17|           9|
    |ret_V_2_fu_872_p2            |         +|   0|  0|  24|          17|          13|
    |ret_V_30_fu_3248_p2          |         +|   0|  0|  24|          17|          17|
    |ret_V_31_fu_3312_p2          |         +|   0|  0|  24|          17|           9|
    |ret_V_32_fu_3357_p2          |         +|   0|  0|  24|          17|          17|
    |ret_V_34_fu_3478_p2          |         +|   0|  0|  24|          17|           8|
    |ret_V_36_fu_3747_p2          |         +|   0|  0|  24|          17|          17|
    |ret_V_37_fu_3811_p2          |         +|   0|  0|  24|          17|           8|
    |ret_V_38_fu_3856_p2          |         +|   0|  0|  24|          17|          17|
    |ret_V_40_fu_3977_p2          |         +|   0|  0|  24|          17|           7|
    |ret_V_42_fu_4246_p2          |         +|   0|  0|  24|          17|          17|
    |ret_V_43_fu_4310_p2          |         +|   0|  0|  24|          17|           7|
    |ret_V_44_fu_4355_p2          |         +|   0|  0|  24|          17|          17|
    |ret_V_46_fu_4476_p2          |         +|   0|  0|  24|          17|           6|
    |ret_V_48_fu_4745_p2          |         +|   0|  0|  24|          17|          17|
    |ret_V_49_fu_4809_p2          |         +|   0|  0|  24|          17|           6|
    |ret_V_4_fu_978_p2            |         +|   0|  0|  24|          17|          12|
    |ret_V_50_fu_4854_p2          |         +|   0|  0|  24|          17|          17|
    |ret_V_52_fu_4975_p2          |         +|   0|  0|  24|          17|           5|
    |ret_V_54_fu_5244_p2          |         +|   0|  0|  24|          17|          17|
    |ret_V_55_fu_5308_p2          |         +|   0|  0|  24|          17|           5|
    |ret_V_56_fu_5353_p2          |         +|   0|  0|  24|          17|          17|
    |ret_V_58_fu_5474_p2          |         +|   0|  0|  24|          17|           4|
    |ret_V_60_fu_5743_p2          |         +|   0|  0|  24|          17|          17|
    |ret_V_61_fu_5807_p2          |         +|   0|  0|  24|          17|           4|
    |ret_V_62_fu_5852_p2          |         +|   0|  0|  24|          17|          17|
    |ret_V_64_fu_5973_p2          |         +|   0|  0|  24|          17|           3|
    |ret_V_66_fu_6242_p2          |         +|   0|  0|  24|          17|          17|
    |ret_V_67_fu_6306_p2          |         +|   0|  0|  24|          17|           3|
    |ret_V_68_fu_6351_p2          |         +|   0|  0|  24|          17|          17|
    |ret_V_6_fu_1250_p2           |         +|   0|  0|  24|          17|          17|
    |ret_V_70_fu_6472_p2          |         +|   0|  0|  24|          17|           2|
    |ret_V_72_fu_6741_p2          |         +|   0|  0|  24|          17|          17|
    |ret_V_73_fu_6805_p2          |         +|   0|  0|  24|          17|           2|
    |ret_V_74_fu_6850_p2          |         +|   0|  0|  24|          17|          17|
    |ret_V_76_fu_6971_p2          |         +|   0|  0|  24|          17|           1|
    |ret_V_78_fu_7248_p2          |         +|   0|  0|  24|          17|          17|
    |ret_V_79_fu_7309_p2          |         +|   0|  0|  24|          17|          17|
    |ret_V_7_fu_1315_p2           |         +|   0|  0|  24|          17|          12|
    |ret_V_82_fu_7560_p2          |         +|   0|  0|  24|          17|          17|
    |ret_V_83_fu_7621_p2          |         +|   0|  0|  24|          17|          17|
    |ret_V_86_fu_7877_p2          |         +|   0|  0|  24|          17|          17|
    |ret_V_87_fu_7945_p2          |         +|   0|  0|  24|          17|          17|
    |ret_V_8_fu_1360_p2           |         +|   0|  0|  24|          17|          17|
    |ret_V_91_fu_8254_p2          |         +|   0|  0|  24|          17|          17|
    |ret_V_92_fu_8304_p2          |         +|   0|  0|  24|          17|          17|
    |ret_V_95_fu_8568_p2          |         +|   0|  0|  24|          17|          17|
    |ret_V_96_fu_8652_p2          |         +|   0|  0|  24|          17|          17|
    |theta_V_10_fu_2328_p2        |         +|   0|  0|  23|          16|          10|
    |theta_V_11_fu_2494_p2        |         +|   0|  0|  23|          16|           9|
    |theta_V_13_fu_2827_p2        |         +|   0|  0|  23|          16|          10|
    |theta_V_14_fu_2993_p2        |         +|   0|  0|  23|          16|           9|
    |theta_V_16_fu_3326_p2        |         +|   0|  0|  23|          16|           9|
    |theta_V_17_fu_3492_p2        |         +|   0|  0|  23|          16|           8|
    |theta_V_19_fu_3825_p2        |         +|   0|  0|  23|          16|           8|
    |theta_V_1_fu_886_p2          |         +|   0|  0|  23|          16|          13|
    |theta_V_20_fu_3991_p2        |         +|   0|  0|  23|          16|           7|
    |theta_V_22_fu_4324_p2        |         +|   0|  0|  23|          16|           7|
    |theta_V_23_fu_4490_p2        |         +|   0|  0|  23|          16|           6|
    |theta_V_25_fu_4823_p2        |         +|   0|  0|  23|          16|           6|
    |theta_V_26_fu_4989_p2        |         +|   0|  0|  23|          16|           5|
    |theta_V_28_fu_5322_p2        |         +|   0|  0|  23|          16|           5|
    |theta_V_29_fu_5488_p2        |         +|   0|  0|  23|          16|           4|
    |theta_V_2_fu_992_p2          |         +|   0|  0|  23|          16|          12|
    |theta_V_31_fu_5821_p2        |         +|   0|  0|  23|          16|           4|
    |theta_V_32_fu_5987_p2        |         +|   0|  0|  23|          16|           3|
    |theta_V_34_fu_6320_p2        |         +|   0|  0|  23|          16|           3|
    |theta_V_35_fu_6486_p2        |         +|   0|  0|  23|          16|           2|
    |theta_V_37_fu_6819_p2        |         +|   0|  0|  23|          16|           2|
    |theta_V_38_fu_6985_p2        |         +|   0|  0|  23|          16|           1|
    |theta_V_4_fu_1329_p2         |         +|   0|  0|  23|          16|          12|
    |theta_V_5_fu_1496_p2         |         +|   0|  0|  23|          16|          11|
    |theta_V_7_fu_1829_p2         |         +|   0|  0|  23|          16|          11|
    |theta_V_8_fu_1995_p2         |         +|   0|  0|  23|          16|          10|
    |x_V_102_fu_2373_p2           |         +|   0|  0|  23|          16|          16|
    |x_V_105_fu_2872_p2           |         +|   0|  0|  23|          16|          16|
    |x_V_108_fu_3371_p2           |         +|   0|  0|  23|          16|          16|
    |x_V_111_fu_3870_p2           |         +|   0|  0|  23|          16|          16|
    |x_V_114_fu_4369_p2           |         +|   0|  0|  23|          16|          16|
    |x_V_117_fu_4868_p2           |         +|   0|  0|  23|          16|          16|
    |x_V_120_fu_5367_p2           |         +|   0|  0|  23|          16|          16|
    |x_V_123_fu_5866_p2           |         +|   0|  0|  23|          16|          16|
    |x_V_126_fu_6365_p2           |         +|   0|  0|  23|          16|          16|
    |x_V_129_fu_6864_p2           |         +|   0|  0|  23|          16|          16|
    |x_V_132_fu_7323_p2           |         +|   0|  0|  23|          16|          16|
    |x_V_135_fu_7635_p2           |         +|   0|  0|  23|          16|          16|
    |x_V_138_fu_7959_p2           |         +|   0|  0|  23|          16|          16|
    |x_V_142_fu_8268_p2           |         +|   0|  0|  23|          16|          16|
    |x_V_146_fu_8582_p2           |         +|   0|  0|  23|          16|          16|
    |x_V_96_fu_1374_p2            |         +|   0|  0|  23|          16|          16|
    |x_V_99_fu_1874_p2            |         +|   0|  0|  23|          16|          16|
    |y_V_100_fu_2264_p2           |         +|   0|  0|  23|          16|          16|
    |y_V_103_fu_2763_p2           |         +|   0|  0|  23|          16|          16|
    |y_V_106_fu_3262_p2           |         +|   0|  0|  23|          16|          16|
    |y_V_109_fu_3761_p2           |         +|   0|  0|  23|          16|          16|
    |y_V_112_fu_4260_p2           |         +|   0|  0|  23|          16|          16|
    |y_V_115_fu_4759_p2           |         +|   0|  0|  23|          16|          16|
    |y_V_118_fu_5258_p2           |         +|   0|  0|  23|          16|          16|
    |y_V_121_fu_5757_p2           |         +|   0|  0|  23|          16|          16|
    |y_V_124_fu_6256_p2           |         +|   0|  0|  23|          16|          16|
    |y_V_127_fu_6755_p2           |         +|   0|  0|  23|          16|          16|
    |y_V_130_fu_7262_p2           |         +|   0|  0|  23|          16|          16|
    |y_V_133_fu_7574_p2           |         +|   0|  0|  23|          16|          16|
    |y_V_136_fu_7891_p2           |         +|   0|  0|  23|          16|          16|
    |y_V_141_fu_8318_p2           |         +|   0|  0|  23|          16|          16|
    |y_V_145_fu_8666_p2           |         +|   0|  0|  23|          16|          16|
    |y_V_90_fu_822_p2             |         +|   0|  0|  23|          16|          16|
    |y_V_94_fu_1264_p2            |         +|   0|  0|  23|          16|          16|
    |y_V_97_fu_1765_p2            |         +|   0|  0|  23|          16|          16|
    |p_Val2_2_fu_343_p2           |         -|   0|  0|  23|           1|          16|
    |r_V_1_fu_377_p2              |         -|   0|  0|  24|           1|          17|
    |r_V_2_fu_455_p2              |         -|   0|  0|  24|           1|          17|
    |r_V_3_fu_519_p2              |         -|   0|  0|  24|           1|          17|
    |r_V_fu_299_p2                |         -|   0|  0|  24|           1|          17|
    |ret_V_11_fu_1685_p2          |         -|   0|  0|  24|          17|          17|
    |ret_V_15_fu_1921_p2          |         -|   0|  0|  24|          17|          17|
    |ret_V_17_fu_2184_p2          |         -|   0|  0|  24|          17|          17|
    |ret_V_21_fu_2420_p2          |         -|   0|  0|  24|          17|          17|
    |ret_V_23_fu_2683_p2          |         -|   0|  0|  24|          17|          17|
    |ret_V_27_fu_2919_p2          |         -|   0|  0|  24|          17|          17|
    |ret_V_29_fu_3182_p2          |         -|   0|  0|  24|          17|          17|
    |ret_V_33_fu_3418_p2          |         -|   0|  0|  24|          17|          17|
    |ret_V_35_fu_3681_p2          |         -|   0|  0|  24|          17|          17|
    |ret_V_39_fu_3917_p2          |         -|   0|  0|  24|          17|          17|
    |ret_V_3_fu_918_p2            |         -|   0|  0|  24|          17|          17|
    |ret_V_41_fu_4180_p2          |         -|   0|  0|  24|          17|          17|
    |ret_V_45_fu_4416_p2          |         -|   0|  0|  24|          17|          17|
    |ret_V_47_fu_4679_p2          |         -|   0|  0|  24|          17|          17|
    |ret_V_51_fu_4915_p2          |         -|   0|  0|  24|          17|          17|
    |ret_V_53_fu_5178_p2          |         -|   0|  0|  24|          17|          17|
    |ret_V_57_fu_5414_p2          |         -|   0|  0|  24|          17|          17|
    |ret_V_59_fu_5677_p2          |         -|   0|  0|  24|          17|          17|
    |ret_V_5_fu_1182_p2           |         -|   0|  0|  24|          17|          17|
    |ret_V_63_fu_5913_p2          |         -|   0|  0|  24|          17|          17|
    |ret_V_65_fu_6176_p2          |         -|   0|  0|  24|          17|          17|
    |ret_V_69_fu_6412_p2          |         -|   0|  0|  24|          17|          17|
    |ret_V_71_fu_6675_p2          |         -|   0|  0|  24|          17|          17|
    |ret_V_75_fu_6911_p2          |         -|   0|  0|  24|          17|          17|
    |ret_V_77_fu_7182_p2          |         -|   0|  0|  24|          17|          17|
    |ret_V_80_fu_7370_p2          |         -|   0|  0|  24|          17|          17|
    |ret_V_81_fu_7494_p2          |         -|   0|  0|  24|          17|          17|
    |ret_V_84_fu_7682_p2          |         -|   0|  0|  24|          17|          17|
    |ret_V_85_fu_7800_p2          |         -|   0|  0|  24|          17|          17|
    |ret_V_88_fu_8006_p2          |         -|   0|  0|  24|          17|          17|
    |ret_V_89_fu_8106_p2          |         -|   0|  0|  24|          17|          17|
    |ret_V_90_fu_8172_p2          |         -|   0|  0|  24|          17|          17|
    |ret_V_93_fu_8408_p2          |         -|   0|  0|  24|          17|          17|
    |ret_V_94_fu_8486_p2          |         -|   0|  0|  24|          17|          17|
    |ret_V_9_fu_1422_p2           |         -|   0|  0|  24|          17|          17|
    |ret_V_fu_748_p2              |         -|   0|  0|  24|          17|          17|
    |and_ln17_1_fu_577_p2         |       and|   0|  0|   2|           1|           1|
    |and_ln17_fu_571_p2           |       and|   0|  0|   2|           1|           1|
    |and_ln24_1_fu_603_p2         |       and|   0|  0|   2|           1|           1|
    |and_ln24_2_fu_609_p2         |       and|   0|  0|   2|           1|           1|
    |and_ln24_fu_421_p2           |       and|   0|  0|  16|          16|          16|
    |and_ln348_10_fu_3072_p2      |       and|   0|  0|   2|           1|           1|
    |and_ln348_11_fu_3571_p2      |       and|   0|  0|   2|           1|           1|
    |and_ln348_12_fu_4070_p2      |       and|   0|  0|   2|           1|           1|
    |and_ln348_13_fu_4569_p2      |       and|   0|  0|   2|           1|           1|
    |and_ln348_14_fu_5068_p2      |       and|   0|  0|   2|           1|           1|
    |and_ln348_15_fu_5567_p2      |       and|   0|  0|   2|           1|           1|
    |and_ln348_16_fu_6066_p2      |       and|   0|  0|   2|           1|           1|
    |and_ln348_17_fu_6565_p2      |       and|   0|  0|   2|           1|           1|
    |and_ln348_18_fu_7064_p2      |       and|   0|  0|   2|           1|           1|
    |and_ln348_1_fu_637_p2        |       and|   0|  0|   2|           1|           1|
    |and_ln348_2_fu_657_p2        |       and|   0|  0|   2|           1|           1|
    |and_ln348_3_fu_677_p2        |       and|   0|  0|   2|           1|           1|
    |and_ln348_4_fu_691_p2        |       and|   0|  0|   2|           1|           1|
    |and_ln348_5_fu_1071_p2       |       and|   0|  0|   2|           1|           1|
    |and_ln348_6_fu_1091_p2       |       and|   0|  0|   2|           1|           1|
    |and_ln348_7_fu_1575_p2       |       and|   0|  0|   2|           1|           1|
    |and_ln348_8_fu_2074_p2       |       and|   0|  0|   2|           1|           1|
    |and_ln348_9_fu_2573_p2       |       and|   0|  0|   2|           1|           1|
    |and_ln348_fu_623_p2          |       and|   0|  0|   2|           1|           1|
    |and_ln41_10_fu_3167_p2       |       and|   0|  0|   2|           1|           1|
    |and_ln41_11_fu_3172_p2       |       and|   0|  0|   2|           1|           1|
    |and_ln41_12_fu_3666_p2       |       and|   0|  0|   2|           1|           1|
    |and_ln41_13_fu_3671_p2       |       and|   0|  0|   2|           1|           1|
    |and_ln41_14_fu_4165_p2       |       and|   0|  0|   2|           1|           1|
    |and_ln41_15_fu_4170_p2       |       and|   0|  0|   2|           1|           1|
    |and_ln41_16_fu_4664_p2       |       and|   0|  0|   2|           1|           1|
    |and_ln41_17_fu_4669_p2       |       and|   0|  0|   2|           1|           1|
    |and_ln41_18_fu_5163_p2       |       and|   0|  0|   2|           1|           1|
    |and_ln41_19_fu_5168_p2       |       and|   0|  0|   2|           1|           1|
    |and_ln41_1_fu_738_p2         |       and|   0|  0|   2|           1|           1|
    |and_ln41_20_fu_5662_p2       |       and|   0|  0|   2|           1|           1|
    |and_ln41_21_fu_5667_p2       |       and|   0|  0|   2|           1|           1|
    |and_ln41_22_fu_6161_p2       |       and|   0|  0|   2|           1|           1|
    |and_ln41_23_fu_6166_p2       |       and|   0|  0|   2|           1|           1|
    |and_ln41_24_fu_6660_p2       |       and|   0|  0|   2|           1|           1|
    |and_ln41_25_fu_6665_p2       |       and|   0|  0|   2|           1|           1|
    |and_ln41_26_fu_7146_p2       |       and|   0|  0|   2|           1|           1|
    |and_ln41_27_fu_7159_p2       |       and|   0|  0|   2|           1|           1|
    |and_ln41_28_fu_7472_p2       |       and|   0|  0|   2|           1|           1|
    |and_ln41_29_fu_7780_p2       |       and|   0|  0|   2|           1|           1|
    |and_ln41_2_fu_1156_p2        |       and|   0|  0|   2|           1|           1|
    |and_ln41_30_fu_1046_p2       |       and|   0|  0|   2|           1|           1|
    |and_ln41_31_fu_1589_p2       |       and|   0|  0|   2|           1|           1|
    |and_ln41_32_fu_1609_p2       |       and|   0|  0|   2|           1|           1|
    |and_ln41_33_fu_2088_p2       |       and|   0|  0|   2|           1|           1|
    |and_ln41_34_fu_2108_p2       |       and|   0|  0|   2|           1|           1|
    |and_ln41_35_fu_2587_p2       |       and|   0|  0|   2|           1|           1|
    |and_ln41_36_fu_2607_p2       |       and|   0|  0|   2|           1|           1|
    |and_ln41_37_fu_3086_p2       |       and|   0|  0|   2|           1|           1|
    |and_ln41_38_fu_3106_p2       |       and|   0|  0|   2|           1|           1|
    |and_ln41_39_fu_3585_p2       |       and|   0|  0|   2|           1|           1|
    |and_ln41_3_fu_1169_p2        |       and|   0|  0|   2|           1|           1|
    |and_ln41_40_fu_3605_p2       |       and|   0|  0|   2|           1|           1|
    |and_ln41_41_fu_4084_p2       |       and|   0|  0|   2|           1|           1|
    |and_ln41_42_fu_4104_p2       |       and|   0|  0|   2|           1|           1|
    |and_ln41_43_fu_4583_p2       |       and|   0|  0|   2|           1|           1|
    |and_ln41_44_fu_4603_p2       |       and|   0|  0|   2|           1|           1|
    |and_ln41_45_fu_5082_p2       |       and|   0|  0|   2|           1|           1|
    |and_ln41_46_fu_5102_p2       |       and|   0|  0|   2|           1|           1|
    |and_ln41_47_fu_5581_p2       |       and|   0|  0|   2|           1|           1|
    |and_ln41_48_fu_5601_p2       |       and|   0|  0|   2|           1|           1|
    |and_ln41_49_fu_6080_p2       |       and|   0|  0|   2|           1|           1|
    |and_ln41_4_fu_1670_p2        |       and|   0|  0|   2|           1|           1|
    |and_ln41_50_fu_6100_p2       |       and|   0|  0|   2|           1|           1|
    |and_ln41_51_fu_6579_p2       |       and|   0|  0|   2|           1|           1|
    |and_ln41_52_fu_6599_p2       |       and|   0|  0|   2|           1|           1|
    |and_ln41_53_fu_7078_p2       |       and|   0|  0|   2|           1|           1|
    |and_ln41_54_fu_7098_p2       |       and|   0|  0|   2|           1|           1|
    |and_ln41_5_fu_1675_p2        |       and|   0|  0|   2|           1|           1|
    |and_ln41_6_fu_2169_p2        |       and|   0|  0|   2|           1|           1|
    |and_ln41_7_fu_2174_p2        |       and|   0|  0|   2|           1|           1|
    |and_ln41_8_fu_2668_p2        |       and|   0|  0|   2|           1|           1|
    |and_ln41_9_fu_2673_p2        |       and|   0|  0|   2|           1|           1|
    |and_ln41_fu_733_p2           |       and|   0|  0|   2|           1|           1|
    |overflow_100_fu_8602_p2      |       and|   0|  0|   2|           1|           1|
    |overflow_101_fu_8686_p2      |       and|   0|  0|   2|           1|           1|
    |overflow_10_fu_1214_p2       |       and|   0|  0|   2|           1|           1|
    |overflow_11_fu_1284_p2       |       and|   0|  0|   2|           1|           1|
    |overflow_12_fu_1348_p2       |       and|   0|  0|   2|           1|           1|
    |overflow_13_fu_1394_p2       |       and|   0|  0|   2|           1|           1|
    |overflow_14_fu_1454_p2       |       and|   0|  0|   2|           1|           1|
    |overflow_15_fu_1515_p2       |       and|   0|  0|   2|           1|           1|
    |overflow_16_fu_1717_p2       |       and|   0|  0|   2|           1|           1|
    |overflow_17_fu_1784_p2       |       and|   0|  0|   2|           1|           1|
    |overflow_18_fu_1848_p2       |       and|   0|  0|   2|           1|           1|
    |overflow_19_fu_1893_p2       |       and|   0|  0|   2|           1|           1|
    |overflow_20_fu_1953_p2       |       and|   0|  0|   2|           1|           1|
    |overflow_21_fu_2014_p2       |       and|   0|  0|   2|           1|           1|
    |overflow_22_fu_2216_p2       |       and|   0|  0|   2|           1|           1|
    |overflow_23_fu_2283_p2       |       and|   0|  0|   2|           1|           1|
    |overflow_24_fu_2347_p2       |       and|   0|  0|   2|           1|           1|
    |overflow_25_fu_2392_p2       |       and|   0|  0|   2|           1|           1|
    |overflow_26_fu_2452_p2       |       and|   0|  0|   2|           1|           1|
    |overflow_27_fu_2513_p2       |       and|   0|  0|   2|           1|           1|
    |overflow_28_fu_2715_p2       |       and|   0|  0|   2|           1|           1|
    |overflow_29_fu_2782_p2       |       and|   0|  0|   2|           1|           1|
    |overflow_2_fu_409_p2         |       and|   0|  0|   2|           1|           1|
    |overflow_30_fu_2846_p2       |       and|   0|  0|   2|           1|           1|
    |overflow_31_fu_2891_p2       |       and|   0|  0|   2|           1|           1|
    |overflow_32_fu_2951_p2       |       and|   0|  0|   2|           1|           1|
    |overflow_33_fu_3012_p2       |       and|   0|  0|   2|           1|           1|
    |overflow_34_fu_3214_p2       |       and|   0|  0|   2|           1|           1|
    |overflow_35_fu_3281_p2       |       and|   0|  0|   2|           1|           1|
    |overflow_36_fu_3345_p2       |       and|   0|  0|   2|           1|           1|
    |overflow_37_fu_3390_p2       |       and|   0|  0|   2|           1|           1|
    |overflow_38_fu_3450_p2       |       and|   0|  0|   2|           1|           1|
    |overflow_39_fu_3511_p2       |       and|   0|  0|   2|           1|           1|
    |overflow_3_fu_487_p2         |       and|   0|  0|   2|           1|           1|
    |overflow_40_fu_3713_p2       |       and|   0|  0|   2|           1|           1|
    |overflow_41_fu_3780_p2       |       and|   0|  0|   2|           1|           1|
    |overflow_42_fu_3844_p2       |       and|   0|  0|   2|           1|           1|
    |overflow_43_fu_3889_p2       |       and|   0|  0|   2|           1|           1|
    |overflow_44_fu_3949_p2       |       and|   0|  0|   2|           1|           1|
    |overflow_45_fu_4010_p2       |       and|   0|  0|   2|           1|           1|
    |overflow_46_fu_4212_p2       |       and|   0|  0|   2|           1|           1|
    |overflow_47_fu_4279_p2       |       and|   0|  0|   2|           1|           1|
    |overflow_48_fu_4343_p2       |       and|   0|  0|   2|           1|           1|
    |overflow_49_fu_4388_p2       |       and|   0|  0|   2|           1|           1|
    |overflow_4_fu_551_p2         |       and|   0|  0|   2|           1|           1|
    |overflow_50_fu_4448_p2       |       and|   0|  0|   2|           1|           1|
    |overflow_51_fu_4509_p2       |       and|   0|  0|   2|           1|           1|
    |overflow_52_fu_4711_p2       |       and|   0|  0|   2|           1|           1|
    |overflow_53_fu_4778_p2       |       and|   0|  0|   2|           1|           1|
    |overflow_54_fu_4842_p2       |       and|   0|  0|   2|           1|           1|
    |overflow_55_fu_4887_p2       |       and|   0|  0|   2|           1|           1|
    |overflow_56_fu_4947_p2       |       and|   0|  0|   2|           1|           1|
    |overflow_57_fu_5008_p2       |       and|   0|  0|   2|           1|           1|
    |overflow_58_fu_5210_p2       |       and|   0|  0|   2|           1|           1|
    |overflow_59_fu_5277_p2       |       and|   0|  0|   2|           1|           1|
    |overflow_5_fu_780_p2         |       and|   0|  0|   2|           1|           1|
    |overflow_60_fu_5341_p2       |       and|   0|  0|   2|           1|           1|
    |overflow_61_fu_5386_p2       |       and|   0|  0|   2|           1|           1|
    |overflow_62_fu_5446_p2       |       and|   0|  0|   2|           1|           1|
    |overflow_63_fu_5507_p2       |       and|   0|  0|   2|           1|           1|
    |overflow_64_fu_5709_p2       |       and|   0|  0|   2|           1|           1|
    |overflow_65_fu_5776_p2       |       and|   0|  0|   2|           1|           1|
    |overflow_66_fu_5840_p2       |       and|   0|  0|   2|           1|           1|
    |overflow_67_fu_5885_p2       |       and|   0|  0|   2|           1|           1|
    |overflow_68_fu_5945_p2       |       and|   0|  0|   2|           1|           1|
    |overflow_69_fu_6006_p2       |       and|   0|  0|   2|           1|           1|
    |overflow_6_fu_840_p2         |       and|   0|  0|   2|           1|           1|
    |overflow_70_fu_6208_p2       |       and|   0|  0|   2|           1|           1|
    |overflow_71_fu_6275_p2       |       and|   0|  0|   2|           1|           1|
    |overflow_72_fu_6339_p2       |       and|   0|  0|   2|           1|           1|
    |overflow_73_fu_6384_p2       |       and|   0|  0|   2|           1|           1|
    |overflow_74_fu_6444_p2       |       and|   0|  0|   2|           1|           1|
    |overflow_75_fu_6505_p2       |       and|   0|  0|   2|           1|           1|
    |overflow_76_fu_6707_p2       |       and|   0|  0|   2|           1|           1|
    |overflow_77_fu_6774_p2       |       and|   0|  0|   2|           1|           1|
    |overflow_78_fu_6838_p2       |       and|   0|  0|   2|           1|           1|
    |overflow_79_fu_6883_p2       |       and|   0|  0|   2|           1|           1|
    |overflow_7_fu_906_p2         |       and|   0|  0|   2|           1|           1|
    |overflow_80_fu_6943_p2       |       and|   0|  0|   2|           1|           1|
    |overflow_81_fu_7004_p2       |       and|   0|  0|   2|           1|           1|
    |overflow_82_fu_7214_p2       |       and|   0|  0|   2|           1|           1|
    |overflow_83_fu_7281_p2       |       and|   0|  0|   2|           1|           1|
    |overflow_84_fu_7342_p2       |       and|   0|  0|   2|           1|           1|
    |overflow_85_fu_7402_p2       |       and|   0|  0|   2|           1|           1|
    |overflow_86_fu_7526_p2       |       and|   0|  0|   2|           1|           1|
    |overflow_87_fu_7593_p2       |       and|   0|  0|   2|           1|           1|
    |overflow_88_fu_7654_p2       |       and|   0|  0|   2|           1|           1|
    |overflow_89_fu_7714_p2       |       and|   0|  0|   2|           1|           1|
    |overflow_8_fu_950_p2         |       and|   0|  0|   2|           1|           1|
    |overflow_90_fu_7832_p2       |       and|   0|  0|   2|           1|           1|
    |overflow_91_fu_7910_p2       |       and|   0|  0|   2|           1|           1|
    |overflow_92_fu_7978_p2       |       and|   0|  0|   2|           1|           1|
    |overflow_93_fu_8038_p2       |       and|   0|  0|   2|           1|           1|
    |overflow_94_fu_8138_p2       |       and|   0|  0|   2|           1|           1|
    |overflow_95_fu_8204_p2       |       and|   0|  0|   2|           1|           1|
    |overflow_96_fu_8337_p2       |       and|   0|  0|   2|           1|           1|
    |overflow_97_fu_8366_p2       |       and|   0|  0|   2|           1|           1|
    |overflow_98_fu_8440_p2       |       and|   0|  0|   2|           1|           1|
    |overflow_99_fu_8518_p2       |       and|   0|  0|   2|           1|           1|
    |overflow_9_fu_1012_p2        |       and|   0|  0|   2|           1|           1|
    |overflow_fu_331_p2           |       and|   0|  0|   2|           1|           1|
    |or_ln17_fu_597_p2            |        or|   0|  0|   2|           1|           1|
    |or_ln41_10_fu_3539_p2        |        or|   0|  0|   2|           1|           1|
    |or_ln41_11_fu_3561_p2        |        or|   0|  0|   2|           1|           1|
    |or_ln41_12_fu_4038_p2        |        or|   0|  0|   2|           1|           1|
    |or_ln41_13_fu_4060_p2        |        or|   0|  0|   2|           1|           1|
    |or_ln41_14_fu_4537_p2        |        or|   0|  0|   2|           1|           1|
    |or_ln41_15_fu_4559_p2        |        or|   0|  0|   2|           1|           1|
    |or_ln41_16_fu_5036_p2        |        or|   0|  0|   2|           1|           1|
    |or_ln41_17_fu_5058_p2        |        or|   0|  0|   2|           1|           1|
    |or_ln41_18_fu_5535_p2        |        or|   0|  0|   2|           1|           1|
    |or_ln41_19_fu_5557_p2        |        or|   0|  0|   2|           1|           1|
    |or_ln41_1_fu_1060_p2         |        or|   0|  0|   2|           1|           1|
    |or_ln41_20_fu_6034_p2        |        or|   0|  0|   2|           1|           1|
    |or_ln41_21_fu_6056_p2        |        or|   0|  0|   2|           1|           1|
    |or_ln41_22_fu_6533_p2        |        or|   0|  0|   2|           1|           1|
    |or_ln41_23_fu_6555_p2        |        or|   0|  0|   2|           1|           1|
    |or_ln41_24_fu_7032_p2        |        or|   0|  0|   2|           1|           1|
    |or_ln41_25_fu_7054_p2        |        or|   0|  0|   2|           1|           1|
    |or_ln41_26_fu_7164_p2        |        or|   0|  0|   2|           1|           1|
    |or_ln41_27_fu_7477_p2        |        or|   0|  0|   2|           1|           1|
    |or_ln41_28_fu_7785_p2        |        or|   0|  0|   2|           1|           1|
    |or_ln41_2_fu_1543_p2         |        or|   0|  0|   2|           1|           1|
    |or_ln41_3_fu_1565_p2         |        or|   0|  0|   2|           1|           1|
    |or_ln41_4_fu_2042_p2         |        or|   0|  0|   2|           1|           1|
    |or_ln41_5_fu_2064_p2         |        or|   0|  0|   2|           1|           1|
    |or_ln41_6_fu_2541_p2         |        or|   0|  0|   2|           1|           1|
    |or_ln41_7_fu_2563_p2         |        or|   0|  0|   2|           1|           1|
    |or_ln41_8_fu_3040_p2         |        or|   0|  0|   2|           1|           1|
    |or_ln41_9_fu_3062_p2         |        or|   0|  0|   2|           1|           1|
    |or_ln41_fu_1040_p2           |        or|   0|  0|   2|           1|           1|
    |select_ln1393_1_fu_7938_p3   |    select|   0|  0|   2|           1|           2|
    |select_ln1393_fu_7870_p3     |    select|   0|  0|   2|           1|           2|
    |select_ln348_14_fu_1581_p3   |    select|   0|  0|  16|           1|          16|
    |select_ln348_19_fu_2080_p3   |    select|   0|  0|  16|           1|          16|
    |select_ln348_1_fu_643_p3     |    select|   0|  0|  16|           1|          16|
    |select_ln348_24_fu_2579_p3   |    select|   0|  0|  16|           1|          16|
    |select_ln348_29_fu_3078_p3   |    select|   0|  0|  16|           1|          16|
    |select_ln348_2_fu_663_p3     |    select|   0|  0|  16|           1|          16|
    |select_ln348_34_fu_3577_p3   |    select|   0|  0|  16|           1|          16|
    |select_ln348_39_fu_4076_p3   |    select|   0|  0|  16|           1|          16|
    |select_ln348_44_fu_4575_p3   |    select|   0|  0|  16|           1|          16|
    |select_ln348_49_fu_5074_p3   |    select|   0|  0|  16|           1|          16|
    |select_ln348_4_fu_697_p3     |    select|   0|  0|  16|           1|          16|
    |select_ln348_54_fu_5573_p3   |    select|   0|  0|  16|           1|          16|
    |select_ln348_59_fu_6072_p3   |    select|   0|  0|  16|           1|          16|
    |select_ln348_64_fu_6571_p3   |    select|   0|  0|  16|           1|          16|
    |select_ln348_69_fu_7070_p3   |    select|   0|  0|  16|           1|          16|
    |select_ln348_8_fu_1077_p3    |    select|   0|  0|  16|           1|          16|
    |select_ln348_fu_629_p3       |    select|   0|  0|  16|           1|          16|
    |select_ln392_100_fu_8698_p3  |    select|   0|  0|  17|           1|          15|
    |select_ln392_10_fu_1296_p3   |    select|   0|  0|  17|           1|          15|
    |select_ln392_11_fu_1406_p3   |    select|   0|  0|  17|           1|          15|
    |select_ln392_12_fu_1466_p3   |    select|   0|  0|  17|           1|          15|
    |select_ln392_13_fu_1527_p3   |    select|   0|  0|  17|           1|          15|
    |select_ln392_14_fu_1535_p3   |    select|   0|  0|  17|           1|          15|
    |select_ln392_15_fu_1729_p3   |    select|   0|  0|  17|           1|          15|
    |select_ln392_16_fu_1796_p3   |    select|   0|  0|  17|           1|          15|
    |select_ln392_17_fu_1905_p3   |    select|   0|  0|  17|           1|          15|
    |select_ln392_18_fu_1965_p3   |    select|   0|  0|  17|           1|          15|
    |select_ln392_19_fu_2026_p3   |    select|   0|  0|  17|           1|          15|
    |select_ln392_1_fu_443_p3     |    select|   0|  0|  17|           1|          15|
    |select_ln392_20_fu_2034_p3   |    select|   0|  0|  17|           1|          15|
    |select_ln392_21_fu_2228_p3   |    select|   0|  0|  17|           1|          15|
    |select_ln392_22_fu_2295_p3   |    select|   0|  0|  17|           1|          15|
    |select_ln392_23_fu_2404_p3   |    select|   0|  0|  17|           1|          15|
    |select_ln392_24_fu_2464_p3   |    select|   0|  0|  17|           1|          15|
    |select_ln392_25_fu_2525_p3   |    select|   0|  0|  17|           1|          15|
    |select_ln392_26_fu_2533_p3   |    select|   0|  0|  17|           1|          15|
    |select_ln392_27_fu_2727_p3   |    select|   0|  0|  17|           1|          15|
    |select_ln392_28_fu_2794_p3   |    select|   0|  0|  17|           1|          15|
    |select_ln392_29_fu_2903_p3   |    select|   0|  0|  17|           1|          15|
    |select_ln392_2_fu_499_p3     |    select|   0|  0|  17|           1|          15|
    |select_ln392_30_fu_2963_p3   |    select|   0|  0|  17|           1|          15|
    |select_ln392_31_fu_3024_p3   |    select|   0|  0|  17|           1|          15|
    |select_ln392_32_fu_3032_p3   |    select|   0|  0|  17|           1|          15|
    |select_ln392_33_fu_3226_p3   |    select|   0|  0|  17|           1|          15|
    |select_ln392_34_fu_3293_p3   |    select|   0|  0|  17|           1|          15|
    |select_ln392_35_fu_3402_p3   |    select|   0|  0|  17|           1|          15|
    |select_ln392_36_fu_3462_p3   |    select|   0|  0|  17|           1|          15|
    |select_ln392_37_fu_3523_p3   |    select|   0|  0|  17|           1|          15|
    |select_ln392_38_fu_3531_p3   |    select|   0|  0|  17|           1|          15|
    |select_ln392_39_fu_3725_p3   |    select|   0|  0|  17|           1|          15|
    |select_ln392_3_fu_563_p3     |    select|   0|  0|  17|           1|          15|
    |select_ln392_40_fu_3792_p3   |    select|   0|  0|  17|           1|          15|
    |select_ln392_41_fu_3901_p3   |    select|   0|  0|  17|           1|          15|
    |select_ln392_42_fu_3961_p3   |    select|   0|  0|  17|           1|          15|
    |select_ln392_43_fu_4022_p3   |    select|   0|  0|  17|           1|          15|
    |select_ln392_44_fu_4030_p3   |    select|   0|  0|  17|           1|          15|
    |select_ln392_45_fu_4224_p3   |    select|   0|  0|  17|           1|          15|
    |select_ln392_46_fu_4291_p3   |    select|   0|  0|  17|           1|          15|
    |select_ln392_47_fu_4400_p3   |    select|   0|  0|  17|           1|          15|
    |select_ln392_48_fu_4460_p3   |    select|   0|  0|  17|           1|          15|
    |select_ln392_49_fu_4521_p3   |    select|   0|  0|  17|           1|          15|
    |select_ln392_4_fu_792_p3     |    select|   0|  0|  17|           1|          15|
    |select_ln392_50_fu_4529_p3   |    select|   0|  0|  17|           1|          15|
    |select_ln392_51_fu_4723_p3   |    select|   0|  0|  17|           1|          15|
    |select_ln392_52_fu_4790_p3   |    select|   0|  0|  17|           1|          15|
    |select_ln392_53_fu_4899_p3   |    select|   0|  0|  17|           1|          15|
    |select_ln392_54_fu_4959_p3   |    select|   0|  0|  17|           1|          15|
    |select_ln392_55_fu_5020_p3   |    select|   0|  0|  17|           1|          15|
    |select_ln392_56_fu_5028_p3   |    select|   0|  0|  17|           1|          15|
    |select_ln392_57_fu_5222_p3   |    select|   0|  0|  17|           1|          15|
    |select_ln392_58_fu_5289_p3   |    select|   0|  0|  17|           1|          15|
    |select_ln392_59_fu_5398_p3   |    select|   0|  0|  17|           1|          15|
    |select_ln392_5_fu_852_p3     |    select|   0|  0|  17|           1|          15|
    |select_ln392_60_fu_5458_p3   |    select|   0|  0|  17|           1|          15|
    |select_ln392_61_fu_5519_p3   |    select|   0|  0|  17|           1|          15|
    |select_ln392_62_fu_5527_p3   |    select|   0|  0|  17|           1|          15|
    |select_ln392_63_fu_5721_p3   |    select|   0|  0|  17|           1|          15|
    |select_ln392_64_fu_5788_p3   |    select|   0|  0|  17|           1|          15|
    |select_ln392_65_fu_5897_p3   |    select|   0|  0|  17|           1|          15|
    |select_ln392_66_fu_5957_p3   |    select|   0|  0|  17|           1|          15|
    |select_ln392_67_fu_6018_p3   |    select|   0|  0|  17|           1|          15|
    |select_ln392_68_fu_6026_p3   |    select|   0|  0|  17|           1|          15|
    |select_ln392_69_fu_6220_p3   |    select|   0|  0|  17|           1|          15|
    |select_ln392_6_fu_962_p3     |    select|   0|  0|  17|           1|          15|
    |select_ln392_70_fu_6287_p3   |    select|   0|  0|  17|           1|          15|
    |select_ln392_71_fu_6396_p3   |    select|   0|  0|  17|           1|          15|
    |select_ln392_72_fu_6456_p3   |    select|   0|  0|  17|           1|          15|
    |select_ln392_73_fu_6517_p3   |    select|   0|  0|  17|           1|          15|
    |select_ln392_74_fu_6525_p3   |    select|   0|  0|  17|           1|          15|
    |select_ln392_75_fu_6719_p3   |    select|   0|  0|  17|           1|          15|
    |select_ln392_76_fu_6786_p3   |    select|   0|  0|  17|           1|          15|
    |select_ln392_77_fu_6895_p3   |    select|   0|  0|  17|           1|          15|
    |select_ln392_78_fu_6955_p3   |    select|   0|  0|  17|           1|          15|
    |select_ln392_79_fu_7016_p3   |    select|   0|  0|  17|           1|          15|
    |select_ln392_7_fu_1024_p3    |    select|   0|  0|  17|           1|          15|
    |select_ln392_80_fu_7024_p3   |    select|   0|  0|  17|           1|          15|
    |select_ln392_81_fu_7226_p3   |    select|   0|  0|  17|           1|          15|
    |select_ln392_82_fu_7293_p3   |    select|   0|  0|  17|           1|          15|
    |select_ln392_83_fu_7354_p3   |    select|   0|  0|  17|           1|          15|
    |select_ln392_84_fu_7414_p3   |    select|   0|  0|  17|           1|          15|
    |select_ln392_85_fu_7538_p3   |    select|   0|  0|  17|           1|          15|
    |select_ln392_86_fu_7605_p3   |    select|   0|  0|  17|           1|          15|
    |select_ln392_87_fu_7666_p3   |    select|   0|  0|  17|           1|          15|
    |select_ln392_88_fu_7726_p3   |    select|   0|  0|  17|           1|          15|
    |select_ln392_89_fu_7844_p3   |    select|   0|  0|  17|           1|          15|
    |select_ln392_8_fu_1032_p3    |    select|   0|  0|  17|           1|          15|
    |select_ln392_90_fu_7922_p3   |    select|   0|  0|  17|           1|          15|
    |select_ln392_91_fu_7990_p3   |    select|   0|  0|  17|           1|          15|
    |select_ln392_92_fu_8050_p3   |    select|   0|  0|  17|           1|          15|
    |select_ln392_93_fu_8150_p3   |    select|   0|  0|  17|           1|          15|
    |select_ln392_94_fu_8216_p3   |    select|   0|  0|  17|           1|          15|
    |select_ln392_95_fu_8346_p3   |    select|   0|  0|  17|           1|          15|
    |select_ln392_96_fu_8375_p3   |    select|   0|  0|  17|           1|          15|
    |select_ln392_97_fu_8452_p3   |    select|   0|  0|  17|           1|          15|
    |select_ln392_98_fu_8530_p3   |    select|   0|  0|  17|           1|          15|
    |select_ln392_99_fu_8614_p3   |    select|   0|  0|  17|           1|          15|
    |select_ln392_9_fu_1226_p3    |    select|   0|  0|  17|           1|          15|
    |select_ln392_fu_435_p3       |    select|   0|  0|  17|           1|          15|
    |select_ln41_11_fu_2593_p3    |    select|   0|  0|  16|           1|          16|
    |select_ln41_15_fu_3092_p3    |    select|   0|  0|  16|           1|          16|
    |select_ln41_19_fu_3591_p3    |    select|   0|  0|  16|           1|          16|
    |select_ln41_23_fu_4090_p3    |    select|   0|  0|  16|           1|          16|
    |select_ln41_27_fu_4589_p3    |    select|   0|  0|  16|           1|          16|
    |select_ln41_31_fu_5088_p3    |    select|   0|  0|  16|           1|          16|
    |select_ln41_35_fu_5587_p3    |    select|   0|  0|  16|           1|          16|
    |select_ln41_39_fu_6086_p3    |    select|   0|  0|  16|           1|          16|
    |select_ln41_3_fu_1595_p3     |    select|   0|  0|  16|           1|          16|
    |select_ln41_43_fu_6585_p3    |    select|   0|  0|  16|           1|          16|
    |select_ln41_47_fu_7084_p3    |    select|   0|  0|  16|           1|          16|
    |select_ln41_7_fu_2094_p3     |    select|   0|  0|  16|           1|          16|
    |select_ln41_fu_1052_p3       |    select|   0|  0|  16|           1|          16|
    |select_ln859_1_fu_7863_p3    |    select|   0|  0|   2|           1|           2|
    |select_ln859_fu_7793_p3      |    select|   0|  0|   2|           1|           2|
    |theta_V_12_fu_2613_p3        |    select|   0|  0|  16|           1|          16|
    |theta_V_15_fu_3112_p3        |    select|   0|  0|  16|           1|          16|
    |theta_V_18_fu_3611_p3        |    select|   0|  0|  16|           1|          16|
    |theta_V_21_fu_4110_p3        |    select|   0|  0|  16|           1|          16|
    |theta_V_24_fu_4609_p3        |    select|   0|  0|  16|           1|          16|
    |theta_V_27_fu_5108_p3        |    select|   0|  0|  16|           1|          16|
    |theta_V_30_fu_5607_p3        |    select|   0|  0|  16|           1|          16|
    |theta_V_33_fu_6106_p3        |    select|   0|  0|  16|           1|          16|
    |theta_V_36_fu_6605_p3        |    select|   0|  0|  16|           1|          16|
    |theta_V_39_fu_7104_p3        |    select|   0|  0|  16|           1|          16|
    |theta_V_3_fu_1097_p3         |    select|   0|  0|  16|           1|          16|
    |theta_V_6_fu_1615_p3         |    select|   0|  0|  16|           1|          16|
    |theta_V_9_fu_2114_p3         |    select|   0|  0|  16|           1|          16|
    |theta_V_fu_713_p3            |    select|   0|  0|  16|           1|           1|
    |x_V_100_fu_2048_p3           |    select|   0|  0|  16|           1|          16|
    |x_V_103_fu_2547_p3           |    select|   0|  0|  16|           1|          16|
    |x_V_106_fu_3046_p3           |    select|   0|  0|  16|           1|          16|
    |x_V_109_fu_3545_p3           |    select|   0|  0|  16|           1|          16|
    |x_V_10_fu_1234_p3            |    select|   0|  0|  16|           1|          16|
    |x_V_112_fu_4044_p3           |    select|   0|  0|  16|           1|          16|
    |x_V_115_fu_4543_p3           |    select|   0|  0|  16|           1|          16|
    |x_V_118_fu_5042_p3           |    select|   0|  0|  16|           1|          16|
    |x_V_121_fu_5541_p3           |    select|   0|  0|  16|           1|          16|
    |x_V_124_fu_6040_p3           |    select|   0|  0|  16|           1|          16|
    |x_V_127_fu_6539_p3           |    select|   0|  0|  16|           1|          16|
    |x_V_12_fu_1414_p3            |    select|   0|  0|  16|           1|          16|
    |x_V_130_fu_7038_p3           |    select|   0|  0|  16|           1|          16|
    |x_V_133_fu_7430_p3           |    select|   0|  0|  16|           1|          16|
    |x_V_136_fu_7742_p3           |    select|   0|  0|  16|           1|          16|
    |x_V_139_fu_8066_p3           |    select|   0|  0|  16|           1|          16|
    |x_V_141_fu_8158_p3           |    select|   0|  0|  16|           1|          16|
    |x_V_143_fu_8354_p3           |    select|   0|  0|  16|           1|          16|
    |x_V_145_fu_8460_p3           |    select|   0|  0|  16|           1|          16|
    |x_V_15_fu_1737_p3            |    select|   0|  0|  16|           1|          16|
    |x_V_17_fu_1913_p3            |    select|   0|  0|  16|           1|          16|
    |x_V_1_fu_507_p3              |    select|   0|  0|  16|           1|          16|
    |x_V_20_fu_2236_p3            |    select|   0|  0|  16|           1|          16|
    |x_V_22_fu_2412_p3            |    select|   0|  0|  16|           1|          16|
    |x_V_25_fu_2735_p3            |    select|   0|  0|  16|           1|          16|
    |x_V_27_fu_2911_p3            |    select|   0|  0|  16|           1|          16|
    |x_V_2_fu_583_p3              |    select|   0|  0|  16|           1|          16|
    |x_V_30_fu_3234_p3            |    select|   0|  0|  16|           1|          16|
    |x_V_32_fu_3410_p3            |    select|   0|  0|  16|           1|          16|
    |x_V_35_fu_3733_p3            |    select|   0|  0|  16|           1|          16|
    |x_V_37_fu_3909_p3            |    select|   0|  0|  16|           1|          16|
    |x_V_40_fu_4232_p3            |    select|   0|  0|  16|           1|          16|
    |x_V_42_fu_4408_p3            |    select|   0|  0|  16|           1|          16|
    |x_V_45_fu_4731_p3            |    select|   0|  0|  16|           1|          16|
    |x_V_47_fu_4907_p3            |    select|   0|  0|  16|           1|          16|
    |x_V_50_fu_5230_p3            |    select|   0|  0|  16|           1|          16|
    |x_V_52_fu_5406_p3            |    select|   0|  0|  16|           1|          16|
    |x_V_55_fu_5729_p3            |    select|   0|  0|  16|           1|          16|
    |x_V_57_fu_5905_p3            |    select|   0|  0|  16|           1|          16|
    |x_V_5_fu_800_p3              |    select|   0|  0|  16|           1|          16|
    |x_V_60_fu_6228_p3            |    select|   0|  0|  16|           1|          16|
    |x_V_62_fu_6404_p3            |    select|   0|  0|  16|           1|          16|
    |x_V_65_fu_6727_p3            |    select|   0|  0|  16|           1|          16|
    |x_V_67_fu_6903_p3            |    select|   0|  0|  16|           1|          16|
    |x_V_70_fu_7234_p3            |    select|   0|  0|  16|           1|          16|
    |x_V_72_fu_7362_p3            |    select|   0|  0|  16|           1|          16|
    |x_V_75_fu_7546_p3            |    select|   0|  0|  16|           1|          16|
    |x_V_77_fu_7674_p3            |    select|   0|  0|  16|           1|          16|
    |x_V_80_fu_7852_p3            |    select|   0|  0|  16|           1|          16|
    |x_V_82_fu_7998_p3            |    select|   0|  0|  16|           1|          16|
    |x_V_91_fu_8622_p3            |    select|   0|  0|  16|           1|          16|
    |x_V_92_fu_615_p3             |    select|   0|  0|  16|           1|          16|
    |x_V_94_fu_1113_p3            |    select|   0|  0|  16|           1|          16|
    |x_V_97_fu_1549_p3            |    select|   0|  0|  16|           1|          16|
    |x_V_fu_361_p3                |    select|   0|  0|  15|           1|           2|
    |y_V_102_fu_2555_p3           |    select|   0|  0|  16|           1|          16|
    |y_V_105_fu_3054_p3           |    select|   0|  0|  16|           1|          16|
    |y_V_108_fu_3553_p3           |    select|   0|  0|  16|           1|          16|
    |y_V_111_fu_4052_p3           |    select|   0|  0|  16|           1|          16|
    |y_V_114_fu_4551_p3           |    select|   0|  0|  16|           1|          16|
    |y_V_117_fu_5050_p3           |    select|   0|  0|  16|           1|          16|
    |y_V_120_fu_5549_p3           |    select|   0|  0|  16|           1|          16|
    |y_V_123_fu_6048_p3           |    select|   0|  0|  16|           1|          16|
    |y_V_126_fu_6547_p3           |    select|   0|  0|  16|           1|          16|
    |y_V_129_fu_7046_p3           |    select|   0|  0|  16|           1|          16|
    |y_V_12_fu_1804_p3            |    select|   0|  0|  16|           1|          16|
    |y_V_132_fu_7437_p3           |    select|   0|  0|  16|           1|          16|
    |y_V_135_fu_7749_p3           |    select|   0|  0|  16|           1|          16|
    |y_V_138_fu_8073_p3           |    select|   0|  0|  16|           1|          16|
    |y_V_140_fu_8224_p3           |    select|   0|  0|  16|           1|          16|
    |y_V_142_fu_8383_p3           |    select|   0|  0|  16|           1|          16|
    |y_V_144_fu_8538_p3           |    select|   0|  0|  16|           1|          16|
    |y_V_14_fu_1973_p3            |    select|   0|  0|  16|           1|          16|
    |y_V_17_fu_2303_p3            |    select|   0|  0|  16|           1|          16|
    |y_V_19_fu_2472_p3            |    select|   0|  0|  16|           1|          16|
    |y_V_22_fu_2802_p3            |    select|   0|  0|  16|           1|          16|
    |y_V_24_fu_2971_p3            |    select|   0|  0|  16|           1|          16|
    |y_V_27_fu_3301_p3            |    select|   0|  0|  16|           1|          16|
    |y_V_29_fu_3470_p3            |    select|   0|  0|  16|           1|          16|
    |y_V_32_fu_3800_p3            |    select|   0|  0|  16|           1|          16|
    |y_V_34_fu_3969_p3            |    select|   0|  0|  16|           1|          16|
    |y_V_37_fu_4299_p3            |    select|   0|  0|  16|           1|          16|
    |y_V_39_fu_4468_p3            |    select|   0|  0|  16|           1|          16|
    |y_V_42_fu_4798_p3            |    select|   0|  0|  16|           1|          16|
    |y_V_44_fu_4967_p3            |    select|   0|  0|  16|           1|          16|
    |y_V_47_fu_5297_p3            |    select|   0|  0|  16|           1|          16|
    |y_V_49_fu_5466_p3            |    select|   0|  0|  16|           1|          16|
    |y_V_52_fu_5796_p3            |    select|   0|  0|  16|           1|          16|
    |y_V_54_fu_5965_p3            |    select|   0|  0|  16|           1|          16|
    |y_V_57_fu_6295_p3            |    select|   0|  0|  16|           1|          16|
    |y_V_59_fu_6464_p3            |    select|   0|  0|  16|           1|          16|
    |y_V_62_fu_6794_p3            |    select|   0|  0|  16|           1|          16|
    |y_V_64_fu_6963_p3            |    select|   0|  0|  16|           1|          16|
    |y_V_67_fu_7301_p3            |    select|   0|  0|  16|           1|          16|
    |y_V_69_fu_7422_p3            |    select|   0|  0|  16|           1|          16|
    |y_V_72_fu_7613_p3            |    select|   0|  0|  16|           1|          16|
    |y_V_74_fu_7734_p3            |    select|   0|  0|  16|           1|          16|
    |y_V_77_fu_7930_p3            |    select|   0|  0|  16|           1|          16|
    |y_V_79_fu_8058_p3            |    select|   0|  0|  16|           1|          16|
    |y_V_7_fu_1304_p3             |    select|   0|  0|  16|           1|          16|
    |y_V_88_fu_8706_p3            |    select|   0|  0|  16|           1|          16|
    |y_V_89_fu_683_p3             |    select|   0|  0|  16|           1|          16|
    |y_V_91_fu_860_p3             |    select|   0|  0|  16|           1|          16|
    |y_V_93_fu_1118_p3            |    select|   0|  0|  16|           1|          16|
    |y_V_96_fu_1557_p3            |    select|   0|  0|  16|           1|          16|
    |y_V_99_fu_2056_p3            |    select|   0|  0|  16|           1|          16|
    |y_V_9_fu_1474_p3             |    select|   0|  0|  16|           1|          16|
    |y_V_fu_970_p3                |    select|   0|  0|  16|           1|          16|
    |ap_enable_pp0                |       xor|   0|  0|   2|           1|           2|
    |xor_ln11_fu_267_p2           |       xor|   0|  0|   2|           1|           2|
    |xor_ln1697_10_fu_5158_p2     |       xor|   0|  0|   2|           1|           2|
    |xor_ln1697_11_fu_5657_p2     |       xor|   0|  0|   2|           1|           2|
    |xor_ln1697_12_fu_6156_p2     |       xor|   0|  0|   2|           1|           2|
    |xor_ln1697_13_fu_6655_p2     |       xor|   0|  0|   2|           1|           2|
    |xor_ln1697_14_fu_7140_p2     |       xor|   0|  0|   2|           1|           2|
    |xor_ln1697_1_fu_727_p2       |       xor|   0|  0|   2|           1|           2|
    |xor_ln1697_2_fu_1151_p2      |       xor|   0|  0|   2|           1|           2|
    |xor_ln1697_3_fu_1665_p2      |       xor|   0|  0|   2|           1|           2|
    |xor_ln1697_4_fu_2164_p2      |       xor|   0|  0|   2|           1|           2|
    |xor_ln1697_5_fu_2663_p2      |       xor|   0|  0|   2|           1|           2|
    |xor_ln1697_6_fu_3162_p2      |       xor|   0|  0|   2|           1|           2|
    |xor_ln1697_7_fu_3661_p2      |       xor|   0|  0|   2|           1|           2|
    |xor_ln1697_8_fu_4160_p2      |       xor|   0|  0|   2|           1|           2|
    |xor_ln1697_9_fu_4659_p2      |       xor|   0|  0|   2|           1|           2|
    |xor_ln1697_fu_289_p2         |       xor|   0|  0|   2|           1|           2|
    |xor_ln17_1_fu_591_p2         |       xor|   0|  0|   2|           1|           2|
    |xor_ln348_100_fu_8608_p2     |       xor|   0|  0|   2|           1|           1|
    |xor_ln348_101_fu_8692_p2     |       xor|   0|  0|   2|           1|           1|
    |xor_ln348_102_fu_671_p2      |       xor|   0|  0|   2|           1|           2|
    |xor_ln348_103_fu_1085_p2     |       xor|   0|  0|   2|           1|           2|
    |xor_ln348_104_fu_1603_p2     |       xor|   0|  0|   2|           1|           2|
    |xor_ln348_105_fu_2102_p2     |       xor|   0|  0|   2|           1|           2|
    |xor_ln348_106_fu_2601_p2     |       xor|   0|  0|   2|           1|           2|
    |xor_ln348_107_fu_3100_p2     |       xor|   0|  0|   2|           1|           2|
    |xor_ln348_108_fu_3599_p2     |       xor|   0|  0|   2|           1|           2|
    |xor_ln348_109_fu_4098_p2     |       xor|   0|  0|   2|           1|           2|
    |xor_ln348_10_fu_1220_p2      |       xor|   0|  0|   2|           1|           1|
    |xor_ln348_110_fu_4597_p2     |       xor|   0|  0|   2|           1|           2|
    |xor_ln348_111_fu_5096_p2     |       xor|   0|  0|   2|           1|           2|
    |xor_ln348_112_fu_5595_p2     |       xor|   0|  0|   2|           1|           2|
    |xor_ln348_113_fu_6094_p2     |       xor|   0|  0|   2|           1|           2|
    |xor_ln348_114_fu_6593_p2     |       xor|   0|  0|   2|           1|           2|
    |xor_ln348_115_fu_7092_p2     |       xor|   0|  0|   2|           1|           2|
    |xor_ln348_11_fu_1290_p2      |       xor|   0|  0|   2|           1|           1|
    |xor_ln348_12_fu_1354_p2      |       xor|   0|  0|   2|           1|           1|
    |xor_ln348_13_fu_1400_p2      |       xor|   0|  0|   2|           1|           1|
    |xor_ln348_14_fu_1460_p2      |       xor|   0|  0|   2|           1|           1|
    |xor_ln348_15_fu_1521_p2      |       xor|   0|  0|   2|           1|           1|
    |xor_ln348_16_fu_1723_p2      |       xor|   0|  0|   2|           1|           1|
    |xor_ln348_17_fu_1790_p2      |       xor|   0|  0|   2|           1|           1|
    |xor_ln348_18_fu_1854_p2      |       xor|   0|  0|   2|           1|           1|
    |xor_ln348_19_fu_1899_p2      |       xor|   0|  0|   2|           1|           1|
    |xor_ln348_1_fu_415_p2        |       xor|   0|  0|   2|           1|           1|
    |xor_ln348_20_fu_1959_p2      |       xor|   0|  0|   2|           1|           1|
    |xor_ln348_21_fu_2020_p2      |       xor|   0|  0|   2|           1|           1|
    |xor_ln348_22_fu_2222_p2      |       xor|   0|  0|   2|           1|           1|
    |xor_ln348_23_fu_2289_p2      |       xor|   0|  0|   2|           1|           1|
    |xor_ln348_24_fu_2353_p2      |       xor|   0|  0|   2|           1|           1|
    |xor_ln348_25_fu_2398_p2      |       xor|   0|  0|   2|           1|           1|
    |xor_ln348_26_fu_2458_p2      |       xor|   0|  0|   2|           1|           1|
    |xor_ln348_27_fu_2519_p2      |       xor|   0|  0|   2|           1|           1|
    |xor_ln348_28_fu_2721_p2      |       xor|   0|  0|   2|           1|           1|
    |xor_ln348_29_fu_2788_p2      |       xor|   0|  0|   2|           1|           1|
    |xor_ln348_2_fu_493_p2        |       xor|   0|  0|   2|           1|           1|
    |xor_ln348_30_fu_2852_p2      |       xor|   0|  0|   2|           1|           1|
    |xor_ln348_31_fu_2897_p2      |       xor|   0|  0|   2|           1|           1|
    |xor_ln348_32_fu_2957_p2      |       xor|   0|  0|   2|           1|           1|
    |xor_ln348_33_fu_3018_p2      |       xor|   0|  0|   2|           1|           1|
    |xor_ln348_34_fu_3220_p2      |       xor|   0|  0|   2|           1|           1|
    |xor_ln348_35_fu_3287_p2      |       xor|   0|  0|   2|           1|           1|
    |xor_ln348_36_fu_3351_p2      |       xor|   0|  0|   2|           1|           1|
    |xor_ln348_37_fu_3396_p2      |       xor|   0|  0|   2|           1|           1|
    |xor_ln348_38_fu_3456_p2      |       xor|   0|  0|   2|           1|           1|
    |xor_ln348_39_fu_3517_p2      |       xor|   0|  0|   2|           1|           1|
    |xor_ln348_3_fu_557_p2        |       xor|   0|  0|   2|           1|           1|
    |xor_ln348_40_fu_3719_p2      |       xor|   0|  0|   2|           1|           1|
    |xor_ln348_41_fu_3786_p2      |       xor|   0|  0|   2|           1|           1|
    |xor_ln348_42_fu_3850_p2      |       xor|   0|  0|   2|           1|           1|
    |xor_ln348_43_fu_3895_p2      |       xor|   0|  0|   2|           1|           1|
    |xor_ln348_44_fu_3955_p2      |       xor|   0|  0|   2|           1|           1|
    |xor_ln348_45_fu_4016_p2      |       xor|   0|  0|   2|           1|           1|
    |xor_ln348_46_fu_4218_p2      |       xor|   0|  0|   2|           1|           1|
    |xor_ln348_47_fu_4285_p2      |       xor|   0|  0|   2|           1|           1|
    |xor_ln348_48_fu_4349_p2      |       xor|   0|  0|   2|           1|           1|
    |xor_ln348_49_fu_4394_p2      |       xor|   0|  0|   2|           1|           1|
    |xor_ln348_4_fu_786_p2        |       xor|   0|  0|   2|           1|           1|
    |xor_ln348_50_fu_4454_p2      |       xor|   0|  0|   2|           1|           1|
    |xor_ln348_51_fu_4515_p2      |       xor|   0|  0|   2|           1|           1|
    |xor_ln348_52_fu_4717_p2      |       xor|   0|  0|   2|           1|           1|
    |xor_ln348_53_fu_4784_p2      |       xor|   0|  0|   2|           1|           1|
    |xor_ln348_54_fu_4848_p2      |       xor|   0|  0|   2|           1|           1|
    |xor_ln348_55_fu_4893_p2      |       xor|   0|  0|   2|           1|           1|
    |xor_ln348_56_fu_4953_p2      |       xor|   0|  0|   2|           1|           1|
    |xor_ln348_57_fu_5014_p2      |       xor|   0|  0|   2|           1|           1|
    |xor_ln348_58_fu_5216_p2      |       xor|   0|  0|   2|           1|           1|
    |xor_ln348_59_fu_5283_p2      |       xor|   0|  0|   2|           1|           1|
    |xor_ln348_5_fu_846_p2        |       xor|   0|  0|   2|           1|           1|
    |xor_ln348_60_fu_5347_p2      |       xor|   0|  0|   2|           1|           1|
    |xor_ln348_61_fu_5392_p2      |       xor|   0|  0|   2|           1|           1|
    |xor_ln348_62_fu_5452_p2      |       xor|   0|  0|   2|           1|           1|
    |xor_ln348_63_fu_5513_p2      |       xor|   0|  0|   2|           1|           1|
    |xor_ln348_64_fu_5715_p2      |       xor|   0|  0|   2|           1|           1|
    |xor_ln348_65_fu_5782_p2      |       xor|   0|  0|   2|           1|           1|
    |xor_ln348_66_fu_5846_p2      |       xor|   0|  0|   2|           1|           1|
    |xor_ln348_67_fu_5891_p2      |       xor|   0|  0|   2|           1|           1|
    |xor_ln348_68_fu_5951_p2      |       xor|   0|  0|   2|           1|           1|
    |xor_ln348_69_fu_6012_p2      |       xor|   0|  0|   2|           1|           1|
    |xor_ln348_6_fu_912_p2        |       xor|   0|  0|   2|           1|           1|
    |xor_ln348_70_fu_6214_p2      |       xor|   0|  0|   2|           1|           1|
    |xor_ln348_71_fu_6281_p2      |       xor|   0|  0|   2|           1|           1|
    |xor_ln348_72_fu_6345_p2      |       xor|   0|  0|   2|           1|           1|
    |xor_ln348_73_fu_6390_p2      |       xor|   0|  0|   2|           1|           1|
    |xor_ln348_74_fu_6450_p2      |       xor|   0|  0|   2|           1|           1|
    |xor_ln348_75_fu_6511_p2      |       xor|   0|  0|   2|           1|           1|
    |xor_ln348_76_fu_6713_p2      |       xor|   0|  0|   2|           1|           1|
    |xor_ln348_77_fu_6780_p2      |       xor|   0|  0|   2|           1|           1|
    |xor_ln348_78_fu_6844_p2      |       xor|   0|  0|   2|           1|           1|
    |xor_ln348_79_fu_6889_p2      |       xor|   0|  0|   2|           1|           1|
    |xor_ln348_7_fu_651_p2        |       xor|   0|  0|   2|           1|           2|
    |xor_ln348_80_fu_6949_p2      |       xor|   0|  0|   2|           1|           1|
    |xor_ln348_81_fu_7010_p2      |       xor|   0|  0|   2|           1|           1|
    |xor_ln348_82_fu_7220_p2      |       xor|   0|  0|   2|           1|           1|
    |xor_ln348_83_fu_7287_p2      |       xor|   0|  0|   2|           1|           1|
    |xor_ln348_84_fu_7348_p2      |       xor|   0|  0|   2|           1|           1|
    |xor_ln348_85_fu_7408_p2      |       xor|   0|  0|   2|           1|           1|
    |xor_ln348_86_fu_7532_p2      |       xor|   0|  0|   2|           1|           1|
    |xor_ln348_87_fu_7599_p2      |       xor|   0|  0|   2|           1|           1|
    |xor_ln348_88_fu_7660_p2      |       xor|   0|  0|   2|           1|           1|
    |xor_ln348_89_fu_7720_p2      |       xor|   0|  0|   2|           1|           1|
    |xor_ln348_8_fu_956_p2        |       xor|   0|  0|   2|           1|           1|
    |xor_ln348_90_fu_7838_p2      |       xor|   0|  0|   2|           1|           1|
    |xor_ln348_91_fu_7916_p2      |       xor|   0|  0|   2|           1|           1|
    |xor_ln348_92_fu_7984_p2      |       xor|   0|  0|   2|           1|           1|
    |xor_ln348_93_fu_8044_p2      |       xor|   0|  0|   2|           1|           1|
    |xor_ln348_94_fu_8144_p2      |       xor|   0|  0|   2|           1|           1|
    |xor_ln348_95_fu_8210_p2      |       xor|   0|  0|   2|           1|           1|
    |xor_ln348_96_fu_8342_p2      |       xor|   0|  0|   2|           1|           1|
    |xor_ln348_97_fu_8371_p2      |       xor|   0|  0|   2|           1|           1|
    |xor_ln348_98_fu_8446_p2      |       xor|   0|  0|   2|           1|           1|
    |xor_ln348_99_fu_8524_p2      |       xor|   0|  0|   2|           1|           1|
    |xor_ln348_9_fu_1018_p2       |       xor|   0|  0|   2|           1|           1|
    |xor_ln348_fu_337_p2          |       xor|   0|  0|   2|           1|           1|
    |xor_ln41_10_fu_6060_p2       |       xor|   0|  0|   2|           1|           1|
    |xor_ln41_11_fu_6559_p2       |       xor|   0|  0|   2|           1|           1|
    |xor_ln41_12_fu_7058_p2       |       xor|   0|  0|   2|           1|           1|
    |xor_ln41_1_fu_1569_p2        |       xor|   0|  0|   2|           1|           1|
    |xor_ln41_2_fu_2068_p2        |       xor|   0|  0|   2|           1|           1|
    |xor_ln41_3_fu_2567_p2        |       xor|   0|  0|   2|           1|           1|
    |xor_ln41_4_fu_3066_p2        |       xor|   0|  0|   2|           1|           1|
    |xor_ln41_5_fu_3565_p2        |       xor|   0|  0|   2|           1|           1|
    |xor_ln41_6_fu_4064_p2        |       xor|   0|  0|   2|           1|           1|
    |xor_ln41_7_fu_4563_p2        |       xor|   0|  0|   2|           1|           1|
    |xor_ln41_8_fu_5062_p2        |       xor|   0|  0|   2|           1|           1|
    |xor_ln41_9_fu_5561_p2        |       xor|   0|  0|   2|           1|           1|
    |xor_ln41_fu_1065_p2          |       xor|   0|  0|   2|           1|           1|
    |xor_ln941_100_fu_8680_p2     |       xor|   0|  0|   2|           1|           2|
    |xor_ln941_10_fu_1278_p2      |       xor|   0|  0|   2|           1|           2|
    |xor_ln941_11_fu_1342_p2      |       xor|   0|  0|   2|           1|           2|
    |xor_ln941_12_fu_1388_p2      |       xor|   0|  0|   2|           1|           2|
    |xor_ln941_13_fu_1448_p2      |       xor|   0|  0|   2|           1|           2|
    |xor_ln941_14_fu_1509_p2      |       xor|   0|  0|   2|           1|           2|
    |xor_ln941_15_fu_1711_p2      |       xor|   0|  0|   2|           1|           2|
    |xor_ln941_16_fu_1778_p2      |       xor|   0|  0|   2|           1|           2|
    |xor_ln941_17_fu_1842_p2      |       xor|   0|  0|   2|           1|           2|
    |xor_ln941_18_fu_1887_p2      |       xor|   0|  0|   2|           1|           2|
    |xor_ln941_19_fu_1947_p2      |       xor|   0|  0|   2|           1|           2|
    |xor_ln941_1_fu_403_p2        |       xor|   0|  0|   2|           1|           2|
    |xor_ln941_20_fu_2008_p2      |       xor|   0|  0|   2|           1|           2|
    |xor_ln941_21_fu_2210_p2      |       xor|   0|  0|   2|           1|           2|
    |xor_ln941_22_fu_2277_p2      |       xor|   0|  0|   2|           1|           2|
    |xor_ln941_23_fu_2341_p2      |       xor|   0|  0|   2|           1|           2|
    |xor_ln941_24_fu_2386_p2      |       xor|   0|  0|   2|           1|           2|
    |xor_ln941_25_fu_2446_p2      |       xor|   0|  0|   2|           1|           2|
    |xor_ln941_26_fu_2507_p2      |       xor|   0|  0|   2|           1|           2|
    |xor_ln941_27_fu_2709_p2      |       xor|   0|  0|   2|           1|           2|
    |xor_ln941_28_fu_2776_p2      |       xor|   0|  0|   2|           1|           2|
    |xor_ln941_29_fu_2840_p2      |       xor|   0|  0|   2|           1|           2|
    |xor_ln941_2_fu_481_p2        |       xor|   0|  0|   2|           1|           2|
    |xor_ln941_30_fu_2885_p2      |       xor|   0|  0|   2|           1|           2|
    |xor_ln941_31_fu_2945_p2      |       xor|   0|  0|   2|           1|           2|
    |xor_ln941_32_fu_3006_p2      |       xor|   0|  0|   2|           1|           2|
    |xor_ln941_33_fu_3208_p2      |       xor|   0|  0|   2|           1|           2|
    |xor_ln941_34_fu_3275_p2      |       xor|   0|  0|   2|           1|           2|
    |xor_ln941_35_fu_3339_p2      |       xor|   0|  0|   2|           1|           2|
    |xor_ln941_36_fu_3384_p2      |       xor|   0|  0|   2|           1|           2|
    |xor_ln941_37_fu_3444_p2      |       xor|   0|  0|   2|           1|           2|
    |xor_ln941_38_fu_3505_p2      |       xor|   0|  0|   2|           1|           2|
    |xor_ln941_39_fu_3707_p2      |       xor|   0|  0|   2|           1|           2|
    |xor_ln941_3_fu_545_p2        |       xor|   0|  0|   2|           1|           2|
    |xor_ln941_40_fu_3774_p2      |       xor|   0|  0|   2|           1|           2|
    |xor_ln941_41_fu_3838_p2      |       xor|   0|  0|   2|           1|           2|
    |xor_ln941_42_fu_3883_p2      |       xor|   0|  0|   2|           1|           2|
    |xor_ln941_43_fu_3943_p2      |       xor|   0|  0|   2|           1|           2|
    |xor_ln941_44_fu_4004_p2      |       xor|   0|  0|   2|           1|           2|
    |xor_ln941_45_fu_4206_p2      |       xor|   0|  0|   2|           1|           2|
    |xor_ln941_46_fu_4273_p2      |       xor|   0|  0|   2|           1|           2|
    |xor_ln941_47_fu_4337_p2      |       xor|   0|  0|   2|           1|           2|
    |xor_ln941_48_fu_4382_p2      |       xor|   0|  0|   2|           1|           2|
    |xor_ln941_49_fu_4442_p2      |       xor|   0|  0|   2|           1|           2|
    |xor_ln941_4_fu_774_p2        |       xor|   0|  0|   2|           1|           2|
    |xor_ln941_50_fu_4503_p2      |       xor|   0|  0|   2|           1|           2|
    |xor_ln941_51_fu_4705_p2      |       xor|   0|  0|   2|           1|           2|
    |xor_ln941_52_fu_4772_p2      |       xor|   0|  0|   2|           1|           2|
    |xor_ln941_53_fu_4836_p2      |       xor|   0|  0|   2|           1|           2|
    |xor_ln941_54_fu_4881_p2      |       xor|   0|  0|   2|           1|           2|
    |xor_ln941_55_fu_4941_p2      |       xor|   0|  0|   2|           1|           2|
    |xor_ln941_56_fu_5002_p2      |       xor|   0|  0|   2|           1|           2|
    |xor_ln941_57_fu_5204_p2      |       xor|   0|  0|   2|           1|           2|
    |xor_ln941_58_fu_5271_p2      |       xor|   0|  0|   2|           1|           2|
    |xor_ln941_59_fu_5335_p2      |       xor|   0|  0|   2|           1|           2|
    |xor_ln941_5_fu_834_p2        |       xor|   0|  0|   2|           1|           2|
    |xor_ln941_60_fu_5380_p2      |       xor|   0|  0|   2|           1|           2|
    |xor_ln941_61_fu_5440_p2      |       xor|   0|  0|   2|           1|           2|
    |xor_ln941_62_fu_5501_p2      |       xor|   0|  0|   2|           1|           2|
    |xor_ln941_63_fu_5703_p2      |       xor|   0|  0|   2|           1|           2|
    |xor_ln941_64_fu_5770_p2      |       xor|   0|  0|   2|           1|           2|
    |xor_ln941_65_fu_5834_p2      |       xor|   0|  0|   2|           1|           2|
    |xor_ln941_66_fu_5879_p2      |       xor|   0|  0|   2|           1|           2|
    |xor_ln941_67_fu_5939_p2      |       xor|   0|  0|   2|           1|           2|
    |xor_ln941_68_fu_6000_p2      |       xor|   0|  0|   2|           1|           2|
    |xor_ln941_69_fu_6202_p2      |       xor|   0|  0|   2|           1|           2|
    |xor_ln941_6_fu_900_p2        |       xor|   0|  0|   2|           1|           2|
    |xor_ln941_70_fu_6269_p2      |       xor|   0|  0|   2|           1|           2|
    |xor_ln941_71_fu_6333_p2      |       xor|   0|  0|   2|           1|           2|
    |xor_ln941_72_fu_6378_p2      |       xor|   0|  0|   2|           1|           2|
    |xor_ln941_73_fu_6438_p2      |       xor|   0|  0|   2|           1|           2|
    |xor_ln941_74_fu_6499_p2      |       xor|   0|  0|   2|           1|           2|
    |xor_ln941_75_fu_6701_p2      |       xor|   0|  0|   2|           1|           2|
    |xor_ln941_76_fu_6768_p2      |       xor|   0|  0|   2|           1|           2|
    |xor_ln941_77_fu_6832_p2      |       xor|   0|  0|   2|           1|           2|
    |xor_ln941_78_fu_6877_p2      |       xor|   0|  0|   2|           1|           2|
    |xor_ln941_79_fu_6937_p2      |       xor|   0|  0|   2|           1|           2|
    |xor_ln941_7_fu_944_p2        |       xor|   0|  0|   2|           1|           2|
    |xor_ln941_80_fu_6998_p2      |       xor|   0|  0|   2|           1|           2|
    |xor_ln941_81_fu_7208_p2      |       xor|   0|  0|   2|           1|           2|
    |xor_ln941_82_fu_7275_p2      |       xor|   0|  0|   2|           1|           2|
    |xor_ln941_83_fu_7336_p2      |       xor|   0|  0|   2|           1|           2|
    |xor_ln941_84_fu_7396_p2      |       xor|   0|  0|   2|           1|           2|
    |xor_ln941_85_fu_7520_p2      |       xor|   0|  0|   2|           1|           2|
    |xor_ln941_86_fu_7587_p2      |       xor|   0|  0|   2|           1|           2|
    |xor_ln941_87_fu_7648_p2      |       xor|   0|  0|   2|           1|           2|
    |xor_ln941_88_fu_7708_p2      |       xor|   0|  0|   2|           1|           2|
    |xor_ln941_89_fu_7826_p2      |       xor|   0|  0|   2|           1|           2|
    |xor_ln941_8_fu_1006_p2       |       xor|   0|  0|   2|           1|           2|
    |xor_ln941_90_fu_7904_p2      |       xor|   0|  0|   2|           1|           2|
    |xor_ln941_91_fu_7972_p2      |       xor|   0|  0|   2|           1|           2|
    |xor_ln941_92_fu_8032_p2      |       xor|   0|  0|   2|           1|           2|
    |xor_ln941_93_fu_8132_p2      |       xor|   0|  0|   2|           1|           2|
    |xor_ln941_94_fu_8198_p2      |       xor|   0|  0|   2|           1|           2|
    |xor_ln941_95_fu_8332_p2      |       xor|   0|  0|   2|           1|           2|
    |xor_ln941_96_fu_8361_p2      |       xor|   0|  0|   2|           1|           2|
    |xor_ln941_97_fu_8434_p2      |       xor|   0|  0|   2|           1|           2|
    |xor_ln941_98_fu_8512_p2      |       xor|   0|  0|   2|           1|           2|
    |xor_ln941_99_fu_8596_p2      |       xor|   0|  0|   2|           1|           2|
    |xor_ln941_9_fu_1208_p2       |       xor|   0|  0|   2|           1|           2|
    |xor_ln941_fu_325_p2          |       xor|   0|  0|   2|           1|           2|
    +-----------------------------+----------+----+---+----+------------+------------+
    |Total                        |          |   0|  0|8936|        3360|        6758|
    +-----------------------------+----------+----+---+----+------------+------------+

    * Multiplexer: 
    N/A

    * Register: 
    +-------------------------------------+----+----+-----+-----------+
    |                 Name                | FF | LUT| Bits| Const Bits|
    +-------------------------------------+----+----+-----+-----------+
    |and_ln41_26_reg_9314                 |   1|   0|    1|          0|
    |and_ln41_26_reg_9314_pp0_iter14_reg  |   1|   0|    1|          0|
    |ap_CS_fsm                            |   1|   0|    1|          0|
    |ap_enable_reg_pp0_iter1              |   1|   0|    1|          0|
    |ap_enable_reg_pp0_iter10             |   1|   0|    1|          0|
    |ap_enable_reg_pp0_iter11             |   1|   0|    1|          0|
    |ap_enable_reg_pp0_iter12             |   1|   0|    1|          0|
    |ap_enable_reg_pp0_iter13             |   1|   0|    1|          0|
    |ap_enable_reg_pp0_iter14             |   1|   0|    1|          0|
    |ap_enable_reg_pp0_iter15             |   1|   0|    1|          0|
    |ap_enable_reg_pp0_iter16             |   1|   0|    1|          0|
    |ap_enable_reg_pp0_iter17             |   1|   0|    1|          0|
    |ap_enable_reg_pp0_iter18             |   1|   0|    1|          0|
    |ap_enable_reg_pp0_iter19             |   1|   0|    1|          0|
    |ap_enable_reg_pp0_iter2              |   1|   0|    1|          0|
    |ap_enable_reg_pp0_iter20             |   1|   0|    1|          0|
    |ap_enable_reg_pp0_iter3              |   1|   0|    1|          0|
    |ap_enable_reg_pp0_iter4              |   1|   0|    1|          0|
    |ap_enable_reg_pp0_iter5              |   1|   0|    1|          0|
    |ap_enable_reg_pp0_iter6              |   1|   0|    1|          0|
    |ap_enable_reg_pp0_iter7              |   1|   0|    1|          0|
    |ap_enable_reg_pp0_iter8              |   1|   0|    1|          0|
    |ap_enable_reg_pp0_iter9              |   1|   0|    1|          0|
    |mode_read_reg_8714                   |   1|   0|    1|          0|
    |or_ln41_26_reg_9320                  |   1|   0|    1|          0|
    |or_ln41_27_reg_9350                  |   1|   0|    1|          0|
    |or_ln41_28_reg_9380                  |   1|   0|    1|          0|
    |or_ln41_reg_8804                     |   1|   0|    1|          0|
    |p_Result_191_reg_9406                |   1|   0|    1|          0|
    |p_Result_192_reg_9417                |   1|   0|    1|          0|
    |p_Result_193_reg_9423                |   1|   0|    1|          0|
    |p_Result_194_reg_9434                |   1|   0|    1|          0|
    |r_V_10_reg_8926                      |  12|   0|   12|          0|
    |r_V_11_reg_8932                      |  12|   0|   12|          0|
    |r_V_12_reg_8968                      |  11|   0|   11|          0|
    |r_V_13_reg_8974                      |  11|   0|   11|          0|
    |r_V_14_reg_9010                      |  10|   0|   10|          0|
    |r_V_15_reg_9016                      |  10|   0|   10|          0|
    |r_V_16_reg_9052                      |   9|   0|    9|          0|
    |r_V_17_reg_9058                      |   9|   0|    9|          0|
    |r_V_18_reg_9094                      |   8|   0|    8|          0|
    |r_V_19_reg_9100                      |   8|   0|    8|          0|
    |r_V_20_reg_9136                      |   7|   0|    7|          0|
    |r_V_21_reg_9142                      |   7|   0|    7|          0|
    |r_V_22_reg_9178                      |   6|   0|    6|          0|
    |r_V_23_reg_9184                      |   6|   0|    6|          0|
    |r_V_24_reg_9220                      |   5|   0|    5|          0|
    |r_V_25_reg_9226                      |   5|   0|    5|          0|
    |r_V_26_reg_9262                      |   4|   0|    4|          0|
    |r_V_27_reg_9268                      |   4|   0|    4|          0|
    |r_V_28_reg_9302                      |   3|   0|    3|          0|
    |r_V_29_reg_9308                      |   3|   0|    3|          0|
    |r_V_30_reg_9338                      |   2|   0|    2|          0|
    |r_V_31_reg_9344                      |   2|   0|    2|          0|
    |r_V_6_reg_8842                       |  14|   0|   14|          0|
    |r_V_7_reg_8848                       |  14|   0|   14|          0|
    |r_V_8_reg_8884                       |  13|   0|   13|          0|
    |r_V_9_reg_8890                       |  13|   0|   13|          0|
    |rhs_28_reg_9374                      |   1|   0|    1|          0|
    |rhs_29_reg_9368                      |   1|   0|    1|          0|
    |rhs_30_reg_9396                      |  15|   0|   15|          0|
    |rhs_31_reg_9401                      |  15|   0|   15|          0|
    |select_ln348_4_reg_8778              |  16|   0|   16|          0|
    |theta_V_12_reg_8919                  |  16|   0|   16|          0|
    |theta_V_15_reg_8961                  |  16|   0|   16|          0|
    |theta_V_18_reg_9003                  |  16|   0|   16|          0|
    |theta_V_21_reg_9045                  |  16|   0|   16|          0|
    |theta_V_24_reg_9087                  |  16|   0|   16|          0|
    |theta_V_27_reg_9129                  |  16|   0|   16|          0|
    |theta_V_30_reg_9171                  |  16|   0|   16|          0|
    |theta_V_33_reg_9213                  |  16|   0|   16|          0|
    |theta_V_36_reg_9255                  |  16|   0|   16|          0|
    |theta_V_39_reg_9297                  |  16|   0|   16|          0|
    |theta_V_3_reg_8810                   |  16|   0|   16|          0|
    |theta_V_6_reg_8835                   |  16|   0|   16|          0|
    |theta_V_9_reg_8877                   |  16|   0|   16|          0|
    |tmp_108_reg_9064                     |   1|   0|    1|          0|
    |tmp_109_reg_9070                     |   1|   0|    1|          0|
    |tmp_122_reg_9106                     |   1|   0|    1|          0|
    |tmp_123_reg_9112                     |   1|   0|    1|          0|
    |tmp_136_reg_9148                     |   1|   0|    1|          0|
    |tmp_137_reg_9154                     |   1|   0|    1|          0|
    |tmp_13_reg_8783                      |   1|   0|    1|          0|
    |tmp_150_reg_9190                     |   1|   0|    1|          0|
    |tmp_151_reg_9196                     |   1|   0|    1|          0|
    |tmp_164_reg_9232                     |   1|   0|    1|          0|
    |tmp_165_reg_9238                     |   1|   0|    1|          0|
    |tmp_178_reg_9274                     |   1|   0|    1|          0|
    |tmp_179_reg_9280                     |   1|   0|    1|          0|
    |tmp_24_reg_8817                      |   1|   0|    1|          0|
    |tmp_38_reg_8854                      |   1|   0|    1|          0|
    |tmp_39_reg_8860                      |   1|   0|    1|          0|
    |tmp_52_reg_8896                      |   1|   0|    1|          0|
    |tmp_53_reg_8902                      |   1|   0|    1|          0|
    |tmp_66_reg_8938                      |   1|   0|    1|          0|
    |tmp_67_reg_8944                      |   1|   0|    1|          0|
    |tmp_80_reg_8980                      |   1|   0|    1|          0|
    |tmp_81_reg_8986                      |   1|   0|    1|          0|
    |tmp_94_reg_9022                      |   1|   0|    1|          0|
    |tmp_95_reg_9028                      |   1|   0|    1|          0|
    |x_V_100_reg_8865                     |  16|   0|   16|          0|
    |x_V_103_reg_8907                     |  16|   0|   16|          0|
    |x_V_106_reg_8949                     |  16|   0|   16|          0|
    |x_V_109_reg_8991                     |  16|   0|   16|          0|
    |x_V_112_reg_9033                     |  16|   0|   16|          0|
    |x_V_115_reg_9075                     |  16|   0|   16|          0|
    |x_V_118_reg_9117                     |  16|   0|   16|          0|
    |x_V_121_reg_9159                     |  16|   0|   16|          0|
    |x_V_124_reg_9201                     |  16|   0|   16|          0|
    |x_V_127_reg_9243                     |  16|   0|   16|          0|
    |x_V_130_reg_9285                     |  16|   0|   16|          0|
    |x_V_133_reg_9326                     |  16|   0|   16|          0|
    |x_V_136_reg_9356                     |  16|   0|   16|          0|
    |x_V_139_reg_9386                     |  16|   0|   16|          0|
    |x_V_142_reg_9412                     |  16|   0|   16|          0|
    |x_V_5_reg_8788                       |  16|   0|   16|          0|
    |x_V_91_reg_9440                      |  16|   0|   16|          0|
    |x_V_91_reg_9440_pp0_iter19_reg       |  16|   0|   16|          0|
    |x_V_92_reg_8766                      |  16|   0|   16|          0|
    |x_V_97_reg_8823                      |  16|   0|   16|          0|
    |xor_ln11_reg_8748                    |   1|   0|    1|          0|
    |y_V_102_reg_8913                     |  16|   0|   16|          0|
    |y_V_105_reg_8955                     |  16|   0|   16|          0|
    |y_V_108_reg_8997                     |  16|   0|   16|          0|
    |y_V_111_reg_9039                     |  16|   0|   16|          0|
    |y_V_114_reg_9081                     |  16|   0|   16|          0|
    |y_V_117_reg_9123                     |  16|   0|   16|          0|
    |y_V_120_reg_9165                     |  16|   0|   16|          0|
    |y_V_123_reg_9207                     |  16|   0|   16|          0|
    |y_V_126_reg_9249                     |  16|   0|   16|          0|
    |y_V_129_reg_9291                     |  16|   0|   16|          0|
    |y_V_132_reg_9332                     |  16|   0|   16|          0|
    |y_V_135_reg_9362                     |  16|   0|   16|          0|
    |y_V_138_reg_9391                     |  16|   0|   16|          0|
    |y_V_141_reg_9429                     |  16|   0|   16|          0|
    |y_V_88_reg_9445                      |  16|   0|   16|          0|
    |y_V_88_reg_9445_pp0_iter19_reg       |  16|   0|   16|          0|
    |y_V_89_reg_8772                      |  16|   0|   16|          0|
    |y_V_91_reg_8793                      |  16|   0|   16|          0|
    |y_V_96_reg_8829                      |  16|   0|   16|          0|
    |y_V_99_reg_8871                      |  16|   0|   16|          0|
    |y_V_reg_8799                         |  16|   0|   16|          0|
    |mode_read_reg_8714                   |  64|  32|    1|          0|
    |theta_V_39_reg_9297                  |  64|  32|   16|          0|
    |xor_ln11_reg_8748                    |  64|  32|    1|          0|
    +-------------------------------------+----+----+-----+-----------+
    |Total                                |1369|  96| 1195|          0|
    +-------------------------------------+----+----+-----+-----------+



================================================================
== Interface
================================================================
* Summary: 
+--------------------+-----+-----+------------+--------------+--------------+
|      RTL Ports     | Dir | Bits|  Protocol  | Source Object|    C Type    |
+--------------------+-----+-----+------------+--------------+--------------+
|ap_clk              |   in|    1|  ap_ctrl_hs|        cordic|  return value|
|ap_rst              |   in|    1|  ap_ctrl_hs|        cordic|  return value|
|ap_start            |   in|    1|  ap_ctrl_hs|        cordic|  return value|
|ap_done             |  out|    1|  ap_ctrl_hs|        cordic|  return value|
|ap_idle             |  out|    1|  ap_ctrl_hs|        cordic|  return value|
|ap_ready            |  out|    1|  ap_ctrl_hs|        cordic|  return value|
|initial_x           |   in|   16|     ap_none|     initial_x|        scalar|
|initial_y           |   in|   16|     ap_none|     initial_y|        scalar|
|final_x             |  out|   16|      ap_vld|       final_x|       pointer|
|final_x_ap_vld      |  out|    1|      ap_vld|       final_x|       pointer|
|final_y             |  out|   16|      ap_vld|       final_y|       pointer|
|final_y_ap_vld      |  out|    1|      ap_vld|       final_y|       pointer|
|mode                |   in|    1|     ap_none|          mode|        scalar|
|mode0_theta         |   in|   16|     ap_none|   mode0_theta|        scalar|
|mode1_theta         |  out|   16|      ap_vld|   mode1_theta|       pointer|
|mode1_theta_ap_vld  |  out|    1|      ap_vld|   mode1_theta|       pointer|
+--------------------+-----+-----+------------+--------------+--------------+

