INFO: [HLS 200-10] Running 'C:/Xilinx/Vitis_HLS/2022.1/bin/unwrapped/win64.o/vitis_hls.exe'
INFO: [HLS 200-10] For user 'asc8' on host 'ryn-b10-pc-04' (Windows NT_amd64 version 6.2) on Mon Nov 21 12:35:19 -0600 2022
INFO: [HLS 200-10] In directory 'C:/ELEC522/asc8/prj5/Vitis_HLS'
Sourcing Tcl script 'C:/ELEC522/asc8/prj5/Vitis_HLS/cordic_raw/solution1/csynth.tcl'
INFO: [HLS 200-1510] Running: source C:/ELEC522/asc8/prj5/Vitis_HLS/cordic_raw/solution1/csynth.tcl
INFO: [HLS 200-1510] Running: open_project cordic_raw 
INFO: [HLS 200-10] Opening project 'C:/ELEC522/asc8/prj5/Vitis_HLS/cordic_raw'.
INFO: [HLS 200-1510] Running: set_top cordic 
INFO: [HLS 200-1510] Running: add_files ../fpga_hls_raw/cordic.cpp 
INFO: [HLS 200-10] Adding design file '../fpga_hls_raw/cordic.cpp' to the project
INFO: [HLS 200-1510] Running: add_files -tb ../fpga_hls_raw/cordic_test.cpp 
INFO: [HLS 200-10] Adding test bench file '../fpga_hls_raw/cordic_test.cpp' to the project
INFO: [HLS 200-1510] Running: open_solution solution1 -flow_target vivado 
INFO: [HLS 200-10] Opening solution 'C:/ELEC522/asc8/prj5/Vitis_HLS/cordic_raw/solution1'.
INFO: [SYN 201-201] Setting up clock 'default' with a period of 10ns.
INFO: [HLS 200-1611] Setting target device to 'xc7z020-clg484-1'
INFO: [HLS 200-1505] Using flow_target 'vivado'
Resolution: For help on HLS 200-1505 see www.xilinx.com/cgi-bin/docs/rdoc?v=2022.1;t=hls+guidance;d=200-1505.html
INFO: [HLS 200-1510] Running: set_part xc7z020clg484-1 
INFO: [HLS 200-1510] Running: create_clock -period 10 -name default 
INFO: [HLS 200-1510] Running: csynth_design 
INFO: [HLS 200-111] Finished File checks and directory preparation: CPU user time: 0 seconds. CPU system time: 0 seconds. Elapsed time: 0.019 seconds; current allocated memory: 953.547 MB.
INFO: [HLS 200-10] Analyzing design file '../fpga_hls_raw/cordic.cpp' ... 
INFO: [HLS 200-111] Finished Source Code Analysis and Preprocessing: CPU user time: 1 seconds. CPU system time: 0 seconds. Elapsed time: 3.531 seconds; current allocated memory: 1.108 GB.
INFO: [HLS 200-777] Using interface defaults for 'Vivado' flow target.
INFO: [HLS 214-131] Inlining function 'ssdm_int<64, true>::ssdm_int(long)' into 'ap_int_base<64, true>::ap_int_base(long)' (C:/Xilinx/Vitis_HLS/2022.1/common/technology/autopilot\ap_int_base.h:262:68)
INFO: [HLS 214-131] Inlining function '_ZN8ssdm_intILi65ELb1EEC2EDq65_i' into 'ap_int_base<65, true>::ap_int_base<11, false>(ap_int_base<11, false> const&)' (C:/Xilinx/Vitis_HLS/2022.1/common/technology/autopilot\ap_int_base.h:231:106)
INFO: [HLS 214-131] Inlining function '_ZN8ssdm_intILi65ELb1EEC2EDq65_i' into 'ap_int_base<65, true>::ap_int_base<64, true>(ap_int_base<64, true> const&)' (C:/Xilinx/Vitis_HLS/2022.1/common/technology/autopilot\ap_int_base.h:231:106)
INFO: [HLS 214-131] Inlining function '_ZN8ssdm_intILi65ELb1EEC2EDq65_i' into 'ap_int_base<65, true>::ap_int_base(int)' (C:/Xilinx/Vitis_HLS/2022.1/common/technology/autopilot\ap_int_base.h:260:67)
INFO: [HLS 214-131] Inlining function 'ap_int_base<65, true>::ap_int_base<11, false>(ap_int_base<11, false> const&)' into 'ap_int_base<11, false>::RType<64, true>::minus operator-<11, false, 64, true>(ap_int_base<11, false> const&, ap_int_base<64, true> const&)' (C:/Xilinx/Vitis_HLS/2022.1/common/technology/autopilot\ap_int_base.h:1542:341)
INFO: [HLS 214-131] Inlining function 'ap_int<65>::ap_int<65, true>(ap_int_base<65, true> const&)' into 'ap_int_base<11, false>::RType<64, true>::minus operator-<11, false, 64, true>(ap_int_base<11, false> const&, ap_int_base<64, true> const&)' (C:/Xilinx/Vitis_HLS/2022.1/common/technology/autopilot\ap_int_base.h:1542:558)
INFO: [HLS 214-131] Inlining function 'ap_int_base<65, true>::ap_int_base(int)' into 'ap_int_base<11, false>::RType<64, true>::minus operator-<11, false, 64, true>(ap_int_base<11, false> const&, ap_int_base<64, true> const&)' (C:/Xilinx/Vitis_HLS/2022.1/common/technology/autopilot\ap_int_base.h:1542:520)
INFO: [HLS 214-131] Inlining function 'ap_int_base<65, true>::ap_int_base<64, true>(ap_int_base<64, true> const&)' into 'ap_int_base<11, false>::RType<64, true>::minus operator-<11, false, 64, true>(ap_int_base<11, false> const&, ap_int_base<64, true> const&)' (C:/Xilinx/Vitis_HLS/2022.1/common/technology/autopilot\ap_int_base.h:1542:430)
INFO: [HLS 214-131] Inlining function 'ap_int_base<64, true>::ap_int_base(long)' into 'ap_int_base<11, false>::RType<($_0)64, true>::minus operator-<11, false>(ap_int_base<11, false> const&, long)' (C:/Xilinx/Vitis_HLS/2022.1/common/technology/autopilot\ap_int_base.h:1681:1548)
INFO: [HLS 214-131] Inlining function 'ap_int_base<11, false>::RType<64, true>::minus operator-<11, false, 64, true>(ap_int_base<11, false> const&, ap_int_base<64, true> const&)' into 'ap_int_base<11, false>::RType<($_0)64, true>::minus operator-<11, false>(ap_int_base<11, false> const&, long)' (C:/Xilinx/Vitis_HLS/2022.1/common/technology/autopilot\ap_int_base.h:1681:1546)
INFO: [HLS 214-131] Inlining function '_ZN8ssdm_intILi1ELb0EEC2EDq1_j' into 'ap_int_base<1, false>::ap_int_base(int)' (C:/Xilinx/Vitis_HLS/2022.1/common/technology/autopilot\ap_int_base.h:260:67)
INFO: [HLS 214-131] Inlining function '_ZN8ssdm_intILi55ELb1EEC2EDq55_i' into 'ap_int_base<55, true>::ap_int_base<1, false>(ap_int_base<1, false> const&)' (C:/Xilinx/Vitis_HLS/2022.1/common/technology/autopilot\ap_int_base.h:231:106)
INFO: [HLS 214-131] Inlining function '_ZN8ssdm_intILi55ELb1EEC2EDq55_i' into 'ap_int_base<55, true>::ap_int_base<54, true>(ap_int_base<54, true> const&)' (C:/Xilinx/Vitis_HLS/2022.1/common/technology/autopilot\ap_int_base.h:231:106)
INFO: [HLS 214-131] Inlining function '_ZN8ssdm_intILi55ELb1EEC2EDq55_i' into 'ap_int_base<55, true>::ap_int_base(int)' (C:/Xilinx/Vitis_HLS/2022.1/common/technology/autopilot\ap_int_base.h:260:67)
INFO: [HLS 214-131] Inlining function 'ap_int_base<55, true>::ap_int_base<1, false>(ap_int_base<1, false> const&)' into 'ap_int_base<1, false>::RType<54, true>::minus operator-<1, false, 54, true>(ap_int_base<1, false> const&, ap_int_base<54, true> const&)' (C:/Xilinx/Vitis_HLS/2022.1/common/technology/autopilot\ap_int_base.h:1542:341)
INFO: [HLS 214-131] Inlining function 'ap_int<55>::ap_int<55, true>(ap_int_base<55, true> const&)' into 'ap_int_base<1, false>::RType<54, true>::minus operator-<1, false, 54, true>(ap_int_base<1, false> const&, ap_int_base<54, true> const&)' (C:/Xilinx/Vitis_HLS/2022.1/common/technology/autopilot\ap_int_base.h:1542:558)
INFO: [HLS 214-131] Inlining function 'ap_int_base<55, true>::ap_int_base(int)' into 'ap_int_base<1, false>::RType<54, true>::minus operator-<1, false, 54, true>(ap_int_base<1, false> const&, ap_int_base<54, true> const&)' (C:/Xilinx/Vitis_HLS/2022.1/common/technology/autopilot\ap_int_base.h:1542:520)
INFO: [HLS 214-131] Inlining function 'ap_int_base<55, true>::ap_int_base<54, true>(ap_int_base<54, true> const&)' into 'ap_int_base<1, false>::RType<54, true>::minus operator-<1, false, 54, true>(ap_int_base<1, false> const&, ap_int_base<54, true> const&)' (C:/Xilinx/Vitis_HLS/2022.1/common/technology/autopilot\ap_int_base.h:1542:430)
INFO: [HLS 214-131] Inlining function 'ap_int_base<1, false>::ap_int_base(int)' into 'ap_int_base<54, true>::operator-() const' (C:/Xilinx/Vitis_HLS/2022.1/common/technology/autopilot\ap_int_base.h:941:12)
INFO: [HLS 214-131] Inlining function 'ap_int_base<1, false>::RType<54, true>::minus operator-<1, false, 54, true>(ap_int_base<1, false> const&, ap_int_base<54, true> const&)' into 'ap_int_base<54, true>::operator-() const' (C:/Xilinx/Vitis_HLS/2022.1/common/technology/autopilot\ap_int_base.h:941:37)
INFO: [HLS 214-131] Inlining function '_ZN8ssdm_intILi54ELb0EEC2EDq54_j' into 'ap_int_base<54, false>::ap_int_base(int)' (C:/Xilinx/Vitis_HLS/2022.1/common/technology/autopilot\ap_int_base.h:260:67)
INFO: [HLS 214-131] Inlining function 'ap_int_base<54, false>::ap_int_base(int)' into 'ap_int_base<54, false>::RType<54, false>::arg1 operator>><54, false>(ap_int_base<54, false> const&, int)' (C:/Xilinx/Vitis_HLS/2022.1/common/technology/autopilot\ap_int_base.h:1715:558)
INFO: [HLS 214-131] Inlining function 'ap_uint<54>::ap_uint<54, false>(ap_int_base<54, false> const&)' into 'ap_int_base<54, false>::RType<54, false>::arg1 operator>><54, false>(ap_int_base<54, false> const&, int)' (C:/Xilinx/Vitis_HLS/2022.1/common/technology/autopilot\ap_int_base.h:1715:656)
INFO: [HLS 214-131] Inlining function 'doubleToRawBits(double)' into 'ap_fixed_base<16, 4, true, (ap_q_mode)0, (ap_o_mode)0, 0>::ap_fixed_base(double)' (C:/Xilinx/Vitis_HLS/2022.1/common/technology/autopilot\ap_fixed_base.h:591:14)
INFO: [HLS 214-131] Inlining function 'ap_fixed_base<16, 4, true, (ap_q_mode)0, (ap_o_mode)0, 0>::overflow_adjust(bool, bool, bool, bool)' into 'ap_fixed_base<16, 4, true, (ap_q_mode)0, (ap_o_mode)0, 0>::ap_fixed_base(double)' (C:/Xilinx/Vitis_HLS/2022.1/common/technology/autopilot\ap_fixed_base.h:700:9)
INFO: [HLS 214-131] Inlining function 'bool ap_int_base<54, false>::operator==<54, false>(ap_int_base<54, false> const&) const' into 'ap_fixed_base<16, 4, true, (ap_q_mode)0, (ap_o_mode)0, 0>::ap_fixed_base(double)' (C:/Xilinx/Vitis_HLS/2022.1/common/technology/autopilot\ap_fixed_base.h:671:38)
INFO: [HLS 214-131] Inlining function 'ap_int_base<54, false>::RType<54, false>::arg1 operator>><54, false>(ap_int_base<54, false> const&, int)' into 'ap_fixed_base<16, 4, true, (ap_q_mode)0, (ap_o_mode)0, 0>::ap_fixed_base(double)' (C:/Xilinx/Vitis_HLS/2022.1/common/technology/autopilot\ap_fixed_base.h:671:51)
INFO: [HLS 214-131] Inlining function 'ap_int_base<54, false>::ap_int_base(int)' into 'ap_fixed_base<16, 4, true, (ap_q_mode)0, (ap_o_mode)0, 0>::ap_fixed_base(double)' (C:/Xilinx/Vitis_HLS/2022.1/common/technology/autopilot\ap_fixed_base.h:664:38)
INFO: [HLS 214-131] Inlining function 'ap_fixed_base<16, 4, true, (ap_q_mode)0, (ap_o_mode)0, 0>::quantization_adjust(bool, bool, bool)' into 'ap_fixed_base<16, 4, true, (ap_q_mode)0, (ap_o_mode)0, 0>::ap_fixed_base(double)' (C:/Xilinx/Vitis_HLS/2022.1/common/technology/autopilot\ap_fixed_base.h:634:19)
INFO: [HLS 214-131] Inlining function 'ap_int_base<54, true>& ap_int_base<54, true>::operator=<55, true>(ap_int_base<55, true> const&)' into 'ap_fixed_base<16, 4, true, (ap_q_mode)0, (ap_o_mode)0, 0>::ap_fixed_base(double)' (C:/Xilinx/Vitis_HLS/2022.1/common/technology/autopilot\ap_fixed_base.h:605:20)
INFO: [HLS 214-131] Inlining function 'ap_int_base<54, true>::operator-() const' into 'ap_fixed_base<16, 4, true, (ap_q_mode)0, (ap_o_mode)0, 0>::ap_fixed_base(double)' (C:/Xilinx/Vitis_HLS/2022.1/common/technology/autopilot\ap_fixed_base.h:605:22)
INFO: [HLS 214-131] Inlining function 'ap_int_base<12, true>& ap_int_base<12, true>::operator=<65, true>(ap_int_base<65, true> const&)' into 'ap_fixed_base<16, 4, true, (ap_q_mode)0, (ap_o_mode)0, 0>::ap_fixed_base(double)' (C:/Xilinx/Vitis_HLS/2022.1/common/technology/autopilot\ap_fixed_base.h:598:9)
INFO: [HLS 214-131] Inlining function 'ap_int_base<11, false>::RType<($_0)64, true>::minus operator-<11, false>(ap_int_base<11, false> const&, long)' into 'ap_fixed_base<16, 4, true, (ap_q_mode)0, (ap_o_mode)0, 0>::ap_fixed_base(double)' (C:/Xilinx/Vitis_HLS/2022.1/common/technology/autopilot\ap_fixed_base.h:598:19)
INFO: [HLS 214-131] Inlining function 'ap_fixed<16, 4, (ap_q_mode)0, (ap_o_mode)0, 0>::ap_fixed(double)' into '__cxx_global_var_init' (../fpga_hls_raw/cordic.h:13:41)
INFO: [HLS 214-131] Inlining function 'ap_fixed<16, 4, (ap_q_mode)0, (ap_o_mode)0, 0>::ap_fixed(double)' into '__cxx_global_var_init' (../fpga_hls_raw/cordic.h:13:64)
INFO: [HLS 214-131] Inlining function 'ap_fixed<16, 4, (ap_q_mode)0, (ap_o_mode)0, 0>::ap_fixed(double)' into '__cxx_global_var_init' (../fpga_hls_raw/cordic.h:13:87)
INFO: [HLS 214-131] Inlining function 'ap_fixed<16, 4, (ap_q_mode)0, (ap_o_mode)0, 0>::ap_fixed(double)' into '__cxx_global_var_init' (../fpga_hls_raw/cordic.h:13:110)
INFO: [HLS 214-131] Inlining function 'ap_fixed<16, 4, (ap_q_mode)0, (ap_o_mode)0, 0>::ap_fixed(double)' into '__cxx_global_var_init' (../fpga_hls_raw/cordic.h:13:133)
INFO: [HLS 214-131] Inlining function 'ap_fixed<16, 4, (ap_q_mode)0, (ap_o_mode)0, 0>::ap_fixed(double)' into '__cxx_global_var_init' (../fpga_hls_raw/cordic.h:13:156)
INFO: [HLS 214-131] Inlining function 'ap_fixed<16, 4, (ap_q_mode)0, (ap_o_mode)0, 0>::ap_fixed(double)' into '__cxx_global_var_init' (../fpga_hls_raw/cordic.h:13:179)
INFO: [HLS 214-131] Inlining function 'ap_fixed<16, 4, (ap_q_mode)0, (ap_o_mode)0, 0>::ap_fixed(double)' into '__cxx_global_var_init' (../fpga_hls_raw/cordic.h:13:202)
INFO: [HLS 214-131] Inlining function 'ap_fixed<16, 4, (ap_q_mode)0, (ap_o_mode)0, 0>::ap_fixed(double)' into '__cxx_global_var_init' (../fpga_hls_raw/cordic.h:13:225)
INFO: [HLS 214-131] Inlining function 'ap_fixed<16, 4, (ap_q_mode)0, (ap_o_mode)0, 0>::ap_fixed(double)' into '__cxx_global_var_init' (../fpga_hls_raw/cordic.h:13:248)
INFO: [HLS 214-131] Inlining function 'ap_fixed<16, 4, (ap_q_mode)0, (ap_o_mode)0, 0>::ap_fixed(double)' into '__cxx_global_var_init' (../fpga_hls_raw/cordic.h:13:271)
INFO: [HLS 214-131] Inlining function 'ap_fixed<16, 4, (ap_q_mode)0, (ap_o_mode)0, 0>::ap_fixed(double)' into '__cxx_global_var_init' (../fpga_hls_raw/cordic.h:13:294)
INFO: [HLS 214-131] Inlining function 'ap_fixed<16, 4, (ap_q_mode)0, (ap_o_mode)0, 0>::ap_fixed(double)' into '__cxx_global_var_init' (../fpga_hls_raw/cordic.h:13:317)
INFO: [HLS 214-131] Inlining function 'ap_fixed<16, 4, (ap_q_mode)0, (ap_o_mode)0, 0>::ap_fixed(double)' into '__cxx_global_var_init' (../fpga_hls_raw/cordic.h:13:340)
INFO: [HLS 214-131] Inlining function 'ap_fixed<16, 4, (ap_q_mode)0, (ap_o_mode)0, 0>::ap_fixed(double)' into '__cxx_global_var_init' (../fpga_hls_raw/cordic.h:13:363)
INFO: [HLS 214-131] Inlining function 'ap_fixed<16, 4, (ap_q_mode)0, (ap_o_mode)0, 0>::ap_fixed(double)' into '__cxx_global_var_init' (../fpga_hls_raw/cordic.h:13:386)
INFO: [HLS 214-131] Inlining function 'ap_fixed<16, 4, (ap_q_mode)0, (ap_o_mode)0, 0>::ap_fixed(double)' into '__cxx_global_var_init' (../fpga_hls_raw/cordic.h:13:409)
INFO: [HLS 214-131] Inlining function 'ap_fixed<16, 4, (ap_q_mode)0, (ap_o_mode)0, 0>::ap_fixed(double)' into '__cxx_global_var_init' (../fpga_hls_raw/cordic.h:13:432)
INFO: [HLS 214-131] Inlining function 'ap_fixed<16, 4, (ap_q_mode)0, (ap_o_mode)0, 0>::ap_fixed(double)' into '__cxx_global_var_init' (../fpga_hls_raw/cordic.h:13:455)
INFO: [HLS 214-131] Inlining function 'ap_fixed<16, 4, (ap_q_mode)0, (ap_o_mode)0, 0>::ap_fixed(double)' into '__cxx_global_var_init' (../fpga_hls_raw/cordic.h:13:478)
INFO: [HLS 214-131] Inlining function 'ap_fixed<16, 4, (ap_q_mode)0, (ap_o_mode)0, 0>::ap_fixed(double)' into '__cxx_global_var_init' (../fpga_hls_raw/cordic.h:13:501)
INFO: [HLS 214-131] Inlining function 'ap_fixed<16, 4, (ap_q_mode)0, (ap_o_mode)0, 0>::ap_fixed(double)' into '__cxx_global_var_init' (../fpga_hls_raw/cordic.h:13:524)
INFO: [HLS 214-131] Inlining function 'ap_fixed<16, 4, (ap_q_mode)0, (ap_o_mode)0, 0>::ap_fixed(double)' into '__cxx_global_var_init' (../fpga_hls_raw/cordic.h:13:547)
INFO: [HLS 214-131] Inlining function 'ap_fixed<16, 4, (ap_q_mode)0, (ap_o_mode)0, 0>::ap_fixed(double)' into '__cxx_global_var_init' (../fpga_hls_raw/cordic.h:13:570)
INFO: [HLS 214-131] Inlining function 'ap_fixed<16, 4, (ap_q_mode)0, (ap_o_mode)0, 0>::ap_fixed(double)' into '__cxx_global_var_init' (../fpga_hls_raw/cordic.h:13:593)
INFO: [HLS 214-131] Inlining function 'ap_fixed<16, 4, (ap_q_mode)0, (ap_o_mode)0, 0>::ap_fixed(double)' into '__cxx_global_var_init' (../fpga_hls_raw/cordic.h:13:616)
INFO: [HLS 214-131] Inlining function 'ap_fixed<16, 4, (ap_q_mode)0, (ap_o_mode)0, 0>::ap_fixed(double)' into '__cxx_global_var_init' (../fpga_hls_raw/cordic.h:13:639)
INFO: [HLS 214-131] Inlining function 'ap_fixed<16, 4, (ap_q_mode)0, (ap_o_mode)0, 0>::ap_fixed(double)' into '__cxx_global_var_init' (../fpga_hls_raw/cordic.h:13:662)
INFO: [HLS 214-131] Inlining function 'ap_fixed<16, 4, (ap_q_mode)0, (ap_o_mode)0, 0>::ap_fixed(double)' into '__cxx_global_var_init' (../fpga_hls_raw/cordic.h:13:685)
INFO: [HLS 214-131] Inlining function 'ap_fixed<16, 4, (ap_q_mode)0, (ap_o_mode)0, 0>::ap_fixed(double)' into '__cxx_global_var_init' (../fpga_hls_raw/cordic.h:13:708)
INFO: [HLS 214-131] Inlining function 'ap_fixed<16, 4, (ap_q_mode)0, (ap_o_mode)0, 0>::ap_fixed(double)' into '__cxx_global_var_init' (../fpga_hls_raw/cordic.h:13:731)
INFO: [HLS 214-131] Inlining function 'ap_fixed<16, 4, (ap_q_mode)0, (ap_o_mode)0, 0>::ap_fixed(double)' into '__cxx_global_var_init' (../fpga_hls_raw/cordic.h:13:754)
INFO: [HLS 214-131] Inlining function 'ap_fixed<16, 4, (ap_q_mode)0, (ap_o_mode)0, 0>::ap_fixed(double)' into '__cxx_global_var_init' (../fpga_hls_raw/cordic.h:13:777)
INFO: [HLS 214-131] Inlining function 'ap_fixed<16, 4, (ap_q_mode)0, (ap_o_mode)0, 0>::ap_fixed(double)' into '__cxx_global_var_init' (../fpga_hls_raw/cordic.h:13:800)
INFO: [HLS 214-131] Inlining function 'ap_fixed<16, 4, (ap_q_mode)0, (ap_o_mode)0, 0>::ap_fixed(double)' into '__cxx_global_var_init' (../fpga_hls_raw/cordic.h:13:823)
INFO: [HLS 214-131] Inlining function 'ap_fixed<16, 4, (ap_q_mode)0, (ap_o_mode)0, 0>::ap_fixed(double)' into '__cxx_global_var_init' (../fpga_hls_raw/cordic.h:13:846)
INFO: [HLS 214-131] Inlining function 'ap_fixed<16, 4, (ap_q_mode)0, (ap_o_mode)0, 0>::ap_fixed(double)' into '__cxx_global_var_init' (../fpga_hls_raw/cordic.h:13:869)
INFO: [HLS 214-131] Inlining function 'ap_fixed<16, 4, (ap_q_mode)0, (ap_o_mode)0, 0>::ap_fixed(double)' into '__cxx_global_var_init' (../fpga_hls_raw/cordic.h:13:892)
INFO: [HLS 214-131] Inlining function 'ap_fixed<16, 4, (ap_q_mode)0, (ap_o_mode)0, 0>::ap_fixed(double)' into '__cxx_global_var_init' (../fpga_hls_raw/cordic.h:13:915)
INFO: [HLS 214-131] Inlining function 'ap_fixed<16, 4, (ap_q_mode)0, (ap_o_mode)0, 0>::ap_fixed(double)' into '__cxx_global_var_init' (../fpga_hls_raw/cordic.h:13:938)
INFO: [HLS 214-131] Inlining function 'ap_fixed<16, 4, (ap_q_mode)0, (ap_o_mode)0, 0>::ap_fixed(double)' into '__cxx_global_var_init' (../fpga_hls_raw/cordic.h:13:961)
INFO: [HLS 214-131] Inlining function 'ap_fixed<16, 4, (ap_q_mode)0, (ap_o_mode)0, 0>::ap_fixed(double)' into '__cxx_global_var_init' (../fpga_hls_raw/cordic.h:13:984)
INFO: [HLS 214-131] Inlining function 'ap_fixed<16, 4, (ap_q_mode)0, (ap_o_mode)0, 0>::ap_fixed(double)' into '__cxx_global_var_init' (../fpga_hls_raw/cordic.h:13:1007)
INFO: [HLS 214-131] Inlining function 'ap_fixed<16, 4, (ap_q_mode)0, (ap_o_mode)0, 0>::ap_fixed(double)' into '__cxx_global_var_init' (../fpga_hls_raw/cordic.h:13:1030)
INFO: [HLS 214-131] Inlining function 'ap_fixed<16, 4, (ap_q_mode)0, (ap_o_mode)0, 0>::ap_fixed(double)' into '__cxx_global_var_init' (../fpga_hls_raw/cordic.h:13:1053)
INFO: [HLS 214-131] Inlining function 'ap_fixed<16, 4, (ap_q_mode)0, (ap_o_mode)0, 0>::ap_fixed(double)' into '__cxx_global_var_init' (../fpga_hls_raw/cordic.h:13:1076)
INFO: [HLS 214-131] Inlining function 'ap_fixed<16, 4, (ap_q_mode)0, (ap_o_mode)0, 0>::ap_fixed(double)' into '__cxx_global_var_init' (../fpga_hls_raw/cordic.h:13:1099)
INFO: [HLS 214-131] Inlining function 'ap_fixed<16, 4, (ap_q_mode)0, (ap_o_mode)0, 0>::ap_fixed(double)' into '__cxx_global_var_init' (../fpga_hls_raw/cordic.h:13:1122)
INFO: [HLS 214-131] Inlining function 'ap_fixed<16, 4, (ap_q_mode)0, (ap_o_mode)0, 0>::ap_fixed(double)' into '__cxx_global_var_init' (../fpga_hls_raw/cordic.h:13:1145)
INFO: [HLS 214-131] Inlining function 'ap_fixed<16, 4, (ap_q_mode)0, (ap_o_mode)0, 0>::ap_fixed(double)' into '__cxx_global_var_init' (../fpga_hls_raw/cordic.h:13:1168)
INFO: [HLS 214-131] Inlining function 'ap_fixed<16, 4, (ap_q_mode)0, (ap_o_mode)0, 0>::ap_fixed(double)' into '__cxx_global_var_init' (../fpga_hls_raw/cordic.h:13:1191)
INFO: [HLS 214-131] Inlining function 'ap_fixed<16, 4, (ap_q_mode)0, (ap_o_mode)0, 0>::ap_fixed(double)' into '__cxx_global_var_init' (../fpga_hls_raw/cordic.h:13:1214)
INFO: [HLS 214-131] Inlining function 'ap_fixed<16, 4, (ap_q_mode)0, (ap_o_mode)0, 0>::ap_fixed(double)' into '__cxx_global_var_init' (../fpga_hls_raw/cordic.h:13:1237)
INFO: [HLS 214-131] Inlining function 'ap_fixed<16, 4, (ap_q_mode)0, (ap_o_mode)0, 0>::ap_fixed(double)' into '__cxx_global_var_init' (../fpga_hls_raw/cordic.h:13:1260)
INFO: [HLS 214-131] Inlining function 'ap_fixed<16, 4, (ap_q_mode)0, (ap_o_mode)0, 0>::ap_fixed(double)' into '__cxx_global_var_init' (../fpga_hls_raw/cordic.h:13:1283)
INFO: [HLS 214-131] Inlining function 'ap_fixed<16, 4, (ap_q_mode)0, (ap_o_mode)0, 0>::ap_fixed(double)' into '__cxx_global_var_init' (../fpga_hls_raw/cordic.h:13:1306)
INFO: [HLS 214-131] Inlining function 'ap_fixed<16, 4, (ap_q_mode)0, (ap_o_mode)0, 0>::ap_fixed(double)' into '__cxx_global_var_init' (../fpga_hls_raw/cordic.h:13:1329)
INFO: [HLS 214-131] Inlining function 'ap_fixed<16, 4, (ap_q_mode)0, (ap_o_mode)0, 0>::ap_fixed(double)' into '__cxx_global_var_init' (../fpga_hls_raw/cordic.h:13:1352)
INFO: [HLS 214-131] Inlining function 'ap_fixed<16, 4, (ap_q_mode)0, (ap_o_mode)0, 0>::ap_fixed(double)' into '__cxx_global_var_init' (../fpga_hls_raw/cordic.h:13:1375)
INFO: [HLS 214-131] Inlining function 'ap_fixed<16, 4, (ap_q_mode)0, (ap_o_mode)0, 0>::ap_fixed(double)' into '__cxx_global_var_init' (../fpga_hls_raw/cordic.h:13:1398)
INFO: [HLS 214-131] Inlining function 'ap_fixed<16, 4, (ap_q_mode)0, (ap_o_mode)0, 0>::ap_fixed(double)' into '__cxx_global_var_init' (../fpga_hls_raw/cordic.h:13:1421)
INFO: [HLS 214-131] Inlining function 'ap_fixed<16, 4, (ap_q_mode)0, (ap_o_mode)0, 0>::ap_fixed(double)' into '__cxx_global_var_init' (../fpga_hls_raw/cordic.h:13:1444)
INFO: [HLS 214-131] Inlining function 'ap_fixed<16, 4, (ap_q_mode)0, (ap_o_mode)0, 0>::ap_fixed(double)' into '__cxx_global_var_init' (../fpga_hls_raw/cordic.h:13:1467)
INFO: [HLS 214-131] Inlining function 'ap_fixed<16, 4, (ap_q_mode)0, (ap_o_mode)0, 0>::ap_fixed(double)' into '__cxx_global_var_init' (../fpga_hls_raw/cordic.h:13:1490)
INFO: [HLS 214-131] Inlining function 'ap_fixed_base<16, 4, true, (ap_q_mode)0, (ap_o_mode)0, 0>::operator!() const' into 'ap_fixed_base<17, 5, true, (ap_q_mode)5, (ap_o_mode)3, 0>& ap_fixed_base<17, 5, true, (ap_q_mode)5, (ap_o_mode)3, 0>::operator=<16, 4, true, (ap_q_mode)0, (ap_o_mode)0, 0>(ap_fixed_base<16, 4, true, (ap_q_mode)0, (ap_o_mode)0, 0> const&)' (C:/Xilinx/Vitis_HLS/2022.1/common/technology/autopilot\ap_fixed_base.h:854:9)
INFO: [HLS 214-131] Inlining function '_ZN8ssdm_intILi17ELb1EEC2EDq17_i' into 'ap_fixed_base<17, 5, true, (ap_q_mode)5, (ap_o_mode)3, 0>::ap_fixed_base<16, 4, true, (ap_q_mode)0, (ap_o_mode)0, 0>(ap_fixed_base<16, 4, true, (ap_q_mode)0, (ap_o_mode)0, 0> const&)' (C:/Xilinx/Vitis_HLS/2022.1/common/technology/autopilot\ap_fixed_base.h:447:80)
INFO: [HLS 214-131] Inlining function 'ap_fixed_base<17, 5, true, (ap_q_mode)5, (ap_o_mode)3, 0>& ap_fixed_base<17, 5, true, (ap_q_mode)5, (ap_o_mode)3, 0>::operator=<16, 4, true, (ap_q_mode)0, (ap_o_mode)0, 0>(ap_fixed_base<16, 4, true, (ap_q_mode)0, (ap_o_mode)0, 0> const&)' into 'ap_fixed_base<17, 5, true, (ap_q_mode)5, (ap_o_mode)3, 0>::ap_fixed_base<16, 4, true, (ap_q_mode)0, (ap_o_mode)0, 0>(ap_fixed_base<16, 4, true, (ap_q_mode)0, (ap_o_mode)0, 0> const&)' (C:/Xilinx/Vitis_HLS/2022.1/common/technology/autopilot\ap_fixed_base.h:449:5)
INFO: [HLS 214-131] Inlining function 'ap_fixed_base<17, 5, true, (ap_q_mode)5, (ap_o_mode)3, 0>::ap_fixed_base<16, 4, true, (ap_q_mode)0, (ap_o_mode)0, 0>(ap_fixed_base<16, 4, true, (ap_q_mode)0, (ap_o_mode)0, 0> const&)' into 'ap_fixed_base<16, 4, true, (ap_q_mode)0, (ap_o_mode)0, 0>::operator-() const' (C:/Xilinx/Vitis_HLS/2022.1/common/technology/autopilot\ap_fixed_base.h:1453:47)
INFO: [HLS 214-131] Inlining function 'ap_fixed<17, 5, (ap_q_mode)5, (ap_o_mode)3, 0>::ap_fixed<17, 5, true, (ap_q_mode)5, (ap_o_mode)3, 0>(ap_fixed_base<17, 5, true, (ap_q_mode)5, (ap_o_mode)3, 0> const&)' into 'ap_fixed_base<16, 4, true, (ap_q_mode)0, (ap_o_mode)0, 0>::operator-() const' (C:/Xilinx/Vitis_HLS/2022.1/common/technology/autopilot\ap_fixed_base.h:1455:12)
INFO: [HLS 214-131] Inlining function '_ZN8ssdm_intILi17ELb0EEC2EDq17_j' into 'ap_int_base<17, false>::ap_int_base(int)' (C:/Xilinx/Vitis_HLS/2022.1/common/technology/autopilot\ap_int_base.h:260:67)
INFO: [HLS 214-131] Inlining function 'ap_fixed_base<17, 5, true, (ap_q_mode)5, (ap_o_mode)3, 0>::operator!() const' into 'ap_fixed_base<16, 4, true, (ap_q_mode)0, (ap_o_mode)0, 0>& ap_fixed_base<16, 4, true, (ap_q_mode)0, (ap_o_mode)0, 0>::operator=<17, 5, true, (ap_q_mode)5, (ap_o_mode)3, 0>(ap_fixed_base<17, 5, true, (ap_q_mode)5, (ap_o_mode)3, 0> const&)' (C:/Xilinx/Vitis_HLS/2022.1/common/technology/autopilot\ap_fixed_base.h:854:9)
INFO: [HLS 214-131] Inlining function 'ap_fixed_base<16, 4, true, (ap_q_mode)0, (ap_o_mode)0, 0>::overflow_adjust(bool, bool, bool, bool)' into 'ap_fixed_base<16, 4, true, (ap_q_mode)0, (ap_o_mode)0, 0>& ap_fixed_base<16, 4, true, (ap_q_mode)0, (ap_o_mode)0, 0>::operator=<17, 5, true, (ap_q_mode)5, (ap_o_mode)3, 0>(ap_fixed_base<17, 5, true, (ap_q_mode)5, (ap_o_mode)3, 0> const&)' (C:/Xilinx/Vitis_HLS/2022.1/common/technology/autopilot\ap_fixed_base.h:949:7)
INFO: [HLS 214-131] Inlining function 'ap_int_base<17, false>::ap_int_base(int)' into 'ap_fixed_base<16, 4, true, (ap_q_mode)0, (ap_o_mode)0, 0>& ap_fixed_base<16, 4, true, (ap_q_mode)0, (ap_o_mode)0, 0>::operator=<17, 5, true, (ap_q_mode)5, (ap_o_mode)3, 0>(ap_fixed_base<17, 5, true, (ap_q_mode)5, (ap_o_mode)3, 0> const&)' (C:/Xilinx/Vitis_HLS/2022.1/common/technology/autopilot\ap_fixed_base.h:910:36)
INFO: [HLS 214-131] Inlining function 'ssdm_int<16, true>::ssdm_int(short)' into 'ap_fixed_base<16, 4, true, (ap_q_mode)0, (ap_o_mode)0, 0>::ap_fixed_base<17, 5, true, (ap_q_mode)5, (ap_o_mode)3, 0>(ap_fixed_base<17, 5, true, (ap_q_mode)5, (ap_o_mode)3, 0> const&)' (C:/Xilinx/Vitis_HLS/2022.1/common/technology/autopilot\ap_fixed_base.h:447:80)
INFO: [HLS 214-131] Inlining function 'ap_fixed_base<16, 4, true, (ap_q_mode)0, (ap_o_mode)0, 0>& ap_fixed_base<16, 4, true, (ap_q_mode)0, (ap_o_mode)0, 0>::operator=<17, 5, true, (ap_q_mode)5, (ap_o_mode)3, 0>(ap_fixed_base<17, 5, true, (ap_q_mode)5, (ap_o_mode)3, 0> const&)' into 'ap_fixed_base<16, 4, true, (ap_q_mode)0, (ap_o_mode)0, 0>::ap_fixed_base<17, 5, true, (ap_q_mode)5, (ap_o_mode)3, 0>(ap_fixed_base<17, 5, true, (ap_q_mode)5, (ap_o_mode)3, 0> const&)' (C:/Xilinx/Vitis_HLS/2022.1/common/technology/autopilot\ap_fixed_base.h:449:5)
INFO: [HLS 214-131] Inlining function 'ap_fixed_base<16, 4, true, (ap_q_mode)0, (ap_o_mode)0, 0>::ap_fixed_base<17, 5, true, (ap_q_mode)5, (ap_o_mode)3, 0>(ap_fixed_base<17, 5, true, (ap_q_mode)5, (ap_o_mode)3, 0> const&)' into 'ap_fixed<16, 4, (ap_q_mode)0, (ap_o_mode)0, 0>::ap_fixed<17, 5, true, (ap_q_mode)5, (ap_o_mode)3, 0>(ap_fixed_base<17, 5, true, (ap_q_mode)5, (ap_o_mode)3, 0> const&)' (C:/Xilinx/Vitis_HLS/2022.1/common/technology/autopilot\ap_fixed.h:75:9)
INFO: [HLS 214-131] Inlining function 'ap_fixed_base<32, 32, true, (ap_q_mode)5, (ap_o_mode)3, 0>::operator!() const' into 'ap_fixed_base<44, 32, true, (ap_q_mode)5, (ap_o_mode)3, 0>& ap_fixed_base<44, 32, true, (ap_q_mode)5, (ap_o_mode)3, 0>::operator=<32, 32, true, (ap_q_mode)5, (ap_o_mode)3, 0>(ap_fixed_base<32, 32, true, (ap_q_mode)5, (ap_o_mode)3, 0> const&)' (C:/Xilinx/Vitis_HLS/2022.1/common/technology/autopilot\ap_fixed_base.h:854:9)
INFO: [HLS 214-131] Inlining function '_ZN8ssdm_intILi44ELb1EEC2EDq44_i' into 'ap_fixed_base<44, 32, true, (ap_q_mode)5, (ap_o_mode)3, 0>::ap_fixed_base<32, 32, true, (ap_q_mode)5, (ap_o_mode)3, 0>(ap_fixed_base<32, 32, true, (ap_q_mode)5, (ap_o_mode)3, 0> const&)' (C:/Xilinx/Vitis_HLS/2022.1/common/technology/autopilot\ap_fixed_base.h:447:80)
INFO: [HLS 214-131] Inlining function 'ap_fixed_base<44, 32, true, (ap_q_mode)5, (ap_o_mode)3, 0>& ap_fixed_base<44, 32, true, (ap_q_mode)5, (ap_o_mode)3, 0>::operator=<32, 32, true, (ap_q_mode)5, (ap_o_mode)3, 0>(ap_fixed_base<32, 32, true, (ap_q_mode)5, (ap_o_mode)3, 0> const&)' into 'ap_fixed_base<44, 32, true, (ap_q_mode)5, (ap_o_mode)3, 0>::ap_fixed_base<32, 32, true, (ap_q_mode)5, (ap_o_mode)3, 0>(ap_fixed_base<32, 32, true, (ap_q_mode)5, (ap_o_mode)3, 0> const&)' (C:/Xilinx/Vitis_HLS/2022.1/common/technology/autopilot\ap_fixed_base.h:449:5)
INFO: [HLS 214-131] Inlining function 'ap_fixed_base<44, 32, true, (ap_q_mode)5, (ap_o_mode)3, 0>::ap_fixed_base<32, 32, true, (ap_q_mode)5, (ap_o_mode)3, 0>(ap_fixed_base<32, 32, true, (ap_q_mode)5, (ap_o_mode)3, 0> const&)' into 'bool ap_fixed_base<16, 4, true, (ap_q_mode)0, (ap_o_mode)0, 0>::operator<<32, 32, true, (ap_q_mode)5, (ap_o_mode)3, 0>(ap_fixed_base<32, 32, true, (ap_q_mode)5, (ap_o_mode)3, 0> const&) const' (C:/Xilinx/Vitis_HLS/2022.1/common/technology/autopilot\ap_fixed_base.h:1696:367)
INFO: [HLS 214-131] Inlining function 'ap_fixed_base<32, 32, true, (ap_q_mode)5, (ap_o_mode)3, 0>::ap_fixed_base(int)' into 'bool operator<<16, 4, true, (ap_q_mode)0, (ap_o_mode)0, 0>(ap_fixed_base<16, 4, true, (ap_q_mode)0, (ap_o_mode)0, 0> const&, int)' (C:/Xilinx/Vitis_HLS/2022.1/common/technology/autopilot\ap_fixed_base.h:2422:10565)
INFO: [HLS 214-131] Inlining function 'bool ap_fixed_base<16, 4, true, (ap_q_mode)0, (ap_o_mode)0, 0>::operator<<32, 32, true, (ap_q_mode)5, (ap_o_mode)3, 0>(ap_fixed_base<32, 32, true, (ap_q_mode)5, (ap_o_mode)3, 0> const&) const' into 'bool operator<<16, 4, true, (ap_q_mode)0, (ap_o_mode)0, 0>(ap_fixed_base<16, 4, true, (ap_q_mode)0, (ap_o_mode)0, 0> const&, int)' (C:/Xilinx/Vitis_HLS/2022.1/common/technology/autopilot\ap_fixed_base.h:2422:10554)
INFO: [HLS 214-131] Inlining function 'ap_fixed_base<44, 32, true, (ap_q_mode)5, (ap_o_mode)3, 0>::ap_fixed_base<32, 32, true, (ap_q_mode)5, (ap_o_mode)3, 0>(ap_fixed_base<32, 32, true, (ap_q_mode)5, (ap_o_mode)3, 0> const&)' into 'bool ap_fixed_base<16, 4, true, (ap_q_mode)0, (ap_o_mode)0, 0>::operator>=<32, 32, true, (ap_q_mode)5, (ap_o_mode)3, 0>(ap_fixed_base<32, 32, true, (ap_q_mode)5, (ap_o_mode)3, 0> const&) const' (C:/Xilinx/Vitis_HLS/2022.1/common/technology/autopilot\ap_fixed_base.h:1697:370)
INFO: [HLS 214-131] Inlining function 'ap_fixed_base<32, 32, true, (ap_q_mode)5, (ap_o_mode)3, 0>::ap_fixed_base(int)' into 'bool operator>=<16, 4, true, (ap_q_mode)0, (ap_o_mode)0, 0>(ap_fixed_base<16, 4, true, (ap_q_mode)0, (ap_o_mode)0, 0> const&, int)' (C:/Xilinx/Vitis_HLS/2022.1/common/technology/autopilot\ap_fixed_base.h:2422:11183)
INFO: [HLS 214-131] Inlining function 'bool ap_fixed_base<16, 4, true, (ap_q_mode)0, (ap_o_mode)0, 0>::operator>=<32, 32, true, (ap_q_mode)5, (ap_o_mode)3, 0>(ap_fixed_base<32, 32, true, (ap_q_mode)5, (ap_o_mode)3, 0> const&) const' into 'bool operator>=<16, 4, true, (ap_q_mode)0, (ap_o_mode)0, 0>(ap_fixed_base<16, 4, true, (ap_q_mode)0, (ap_o_mode)0, 0> const&, int)' (C:/Xilinx/Vitis_HLS/2022.1/common/technology/autopilot\ap_fixed_base.h:2422:11171)
INFO: [HLS 214-131] Inlining function 'ssdm_int<32, false>::ssdm_int(unsigned int)' into 'ap_int_base<32, false>::ap_int_base(int)' (C:/Xilinx/Vitis_HLS/2022.1/common/technology/autopilot\ap_int_base.h:260:67)
INFO: [HLS 214-131] Inlining function 'ap_int_base<32, false>::ap_int_base(int)' into 'ap_int_base<32, false>::RType<32, false>::arg1 operator>><32, false>(ap_int_base<32, false> const&, int)' (C:/Xilinx/Vitis_HLS/2022.1/common/technology/autopilot\ap_int_base.h:1715:558)
INFO: [HLS 214-131] Inlining function 'ap_uint<32>::ap_uint<32, false>(ap_int_base<32, false> const&)' into 'ap_int_base<32, false>::RType<32, false>::arg1 operator>><32, false>(ap_int_base<32, false> const&, int)' (C:/Xilinx/Vitis_HLS/2022.1/common/technology/autopilot\ap_int_base.h:1715:656)
INFO: [HLS 214-131] Inlining function 'ap_fixed_base<32, 32, true, (ap_q_mode)5, (ap_o_mode)3, 0>::operator!() const' into 'ap_fixed_base<16, 4, true, (ap_q_mode)0, (ap_o_mode)0, 0>& ap_fixed_base<16, 4, true, (ap_q_mode)0, (ap_o_mode)0, 0>::operator=<32, 32, true, (ap_q_mode)5, (ap_o_mode)3, 0>(ap_fixed_base<32, 32, true, (ap_q_mode)5, (ap_o_mode)3, 0> const&)' (C:/Xilinx/Vitis_HLS/2022.1/common/technology/autopilot\ap_fixed_base.h:854:9)
INFO: [HLS 214-131] Inlining function 'ap_fixed_base<16, 4, true, (ap_q_mode)0, (ap_o_mode)0, 0>::overflow_adjust(bool, bool, bool, bool)' into 'ap_fixed_base<16, 4, true, (ap_q_mode)0, (ap_o_mode)0, 0>& ap_fixed_base<16, 4, true, (ap_q_mode)0, (ap_o_mode)0, 0>::operator=<32, 32, true, (ap_q_mode)5, (ap_o_mode)3, 0>(ap_fixed_base<32, 32, true, (ap_q_mode)5, (ap_o_mode)3, 0> const&)' (C:/Xilinx/Vitis_HLS/2022.1/common/technology/autopilot\ap_fixed_base.h:949:7)
INFO: [HLS 214-131] Inlining function 'bool ap_int_base<32, false>::operator==<32, false>(ap_int_base<32, false> const&) const' into 'ap_fixed_base<16, 4, true, (ap_q_mode)0, (ap_o_mode)0, 0>& ap_fixed_base<16, 4, true, (ap_q_mode)0, (ap_o_mode)0, 0>::operator=<32, 32, true, (ap_q_mode)5, (ap_o_mode)3, 0>(ap_fixed_base<32, 32, true, (ap_q_mode)5, (ap_o_mode)3, 0> const&)' (C:/Xilinx/Vitis_HLS/2022.1/common/technology/autopilot\ap_fixed_base.h:923:36)
INFO: [HLS 214-131] Inlining function 'ap_int_base<32, false>::RType<32, false>::arg1 operator>><32, false>(ap_int_base<32, false> const&, int)' into 'ap_fixed_base<16, 4, true, (ap_q_mode)0, (ap_o_mode)0, 0>& ap_fixed_base<16, 4, true, (ap_q_mode)0, (ap_o_mode)0, 0>::operator=<32, 32, true, (ap_q_mode)5, (ap_o_mode)3, 0>(ap_fixed_base<32, 32, true, (ap_q_mode)5, (ap_o_mode)3, 0> const&)' (C:/Xilinx/Vitis_HLS/2022.1/common/technology/autopilot\ap_fixed_base.h:923:49)
INFO: [HLS 214-131] Inlining function 'ap_int_base<32, false>::ap_int_base(int)' into 'ap_fixed_base<16, 4, true, (ap_q_mode)0, (ap_o_mode)0, 0>& ap_fixed_base<16, 4, true, (ap_q_mode)0, (ap_o_mode)0, 0>::operator=<32, 32, true, (ap_q_mode)5, (ap_o_mode)3, 0>(ap_fixed_base<32, 32, true, (ap_q_mode)5, (ap_o_mode)3, 0> const&)' (C:/Xilinx/Vitis_HLS/2022.1/common/technology/autopilot\ap_fixed_base.h:921:38)
INFO: [HLS 214-131] Inlining function 'bool ap_int_base<32, false>::operator==<32, false>(ap_int_base<32, false> const&) const' into 'ap_fixed_base<16, 4, true, (ap_q_mode)0, (ap_o_mode)0, 0>& ap_fixed_base<16, 4, true, (ap_q_mode)0, (ap_o_mode)0, 0>::operator=<32, 32, true, (ap_q_mode)5, (ap_o_mode)3, 0>(ap_fixed_base<32, 32, true, (ap_q_mode)5, (ap_o_mode)3, 0> const&)' (C:/Xilinx/Vitis_HLS/2022.1/common/technology/autopilot\ap_fixed_base.h:915:36)
INFO: [HLS 214-131] Inlining function 'ap_int_base<32, false>::RType<32, false>::arg1 operator>><32, false>(ap_int_base<32, false> const&, int)' into 'ap_fixed_base<16, 4, true, (ap_q_mode)0, (ap_o_mode)0, 0>& ap_fixed_base<16, 4, true, (ap_q_mode)0, (ap_o_mode)0, 0>::operator=<32, 32, true, (ap_q_mode)5, (ap_o_mode)3, 0>(ap_fixed_base<32, 32, true, (ap_q_mode)5, (ap_o_mode)3, 0> const&)' (C:/Xilinx/Vitis_HLS/2022.1/common/technology/autopilot\ap_fixed_base.h:915:49)
INFO: [HLS 214-131] Inlining function 'ap_int_base<32, false>::ap_int_base(int)' into 'ap_fixed_base<16, 4, true, (ap_q_mode)0, (ap_o_mode)0, 0>& ap_fixed_base<16, 4, true, (ap_q_mode)0, (ap_o_mode)0, 0>::operator=<32, 32, true, (ap_q_mode)5, (ap_o_mode)3, 0>(ap_fixed_base<32, 32, true, (ap_q_mode)5, (ap_o_mode)3, 0> const&)' (C:/Xilinx/Vitis_HLS/2022.1/common/technology/autopilot\ap_fixed_base.h:913:38)
INFO: [HLS 214-131] Inlining function 'ap_int_base<32, false>::ap_int_base(int)' into 'ap_fixed_base<16, 4, true, (ap_q_mode)0, (ap_o_mode)0, 0>& ap_fixed_base<16, 4, true, (ap_q_mode)0, (ap_o_mode)0, 0>::operator=<32, 32, true, (ap_q_mode)5, (ap_o_mode)3, 0>(ap_fixed_base<32, 32, true, (ap_q_mode)5, (ap_o_mode)3, 0> const&)' (C:/Xilinx/Vitis_HLS/2022.1/common/technology/autopilot\ap_fixed_base.h:910:36)
INFO: [HLS 214-131] Inlining function 'ap_fixed_base<16, 4, true, (ap_q_mode)0, (ap_o_mode)0, 0>& ap_fixed_base<16, 4, true, (ap_q_mode)0, (ap_o_mode)0, 0>::operator=<32, 32, true, (ap_q_mode)5, (ap_o_mode)3, 0>(ap_fixed_base<32, 32, true, (ap_q_mode)5, (ap_o_mode)3, 0> const&)' into 'ap_fixed_base<16, 4, true, (ap_q_mode)0, (ap_o_mode)0, 0>::ap_fixed_base(int)' (C:/Xilinx/Vitis_HLS/2022.1/common/technology/autopilot\ap_fixed_base.h:576:146)
INFO: [HLS 214-131] Inlining function 'ap_fixed_base<16, 4, true, (ap_q_mode)0, (ap_o_mode)0, 0>::ap_fixed_base(int)' into 'ap_fixed<16, 4, (ap_q_mode)0, (ap_o_mode)0, 0>::ap_fixed(int)' (C:/Xilinx/Vitis_HLS/2022.1/common/technology/autopilot\ap_fixed.h:183:79)
INFO: [HLS 214-131] Inlining function 'ap_fixed_base<16, 4, true, (ap_q_mode)0, (ap_o_mode)0, 0>::ap_fixed_base(int)' into 'ap_fixed_base<16, 4, true, (ap_q_mode)0, (ap_o_mode)0, 0>::operator<<(unsigned int) const' (C:/Xilinx/Vitis_HLS/2022.1/common/technology/autopilot\ap_fixed_base.h:1499:19)
INFO: [HLS 214-131] Inlining function 'ap_fixed_base<16, 4, true, (ap_q_mode)0, (ap_o_mode)0, 0>::ap_fixed_base(int)' into 'ap_fixed_base<16, 4, true, (ap_q_mode)0, (ap_o_mode)0, 0>::operator>>(unsigned int) const' (C:/Xilinx/Vitis_HLS/2022.1/common/technology/autopilot\ap_fixed_base.h:1533:19)
INFO: [HLS 214-131] Inlining function 'ap_fixed_base<16, 4, true, (ap_q_mode)0, (ap_o_mode)0, 0>::operator<<(unsigned int) const' into 'ap_fixed_base<16, 4, true, (ap_q_mode)0, (ap_o_mode)0, 0>::operator>>(int) const' (C:/Xilinx/Vitis_HLS/2022.1/common/technology/autopilot\ap_fixed_base.h:1570:14)
INFO: [HLS 214-131] Inlining function 'ap_fixed_base<16, 4, true, (ap_q_mode)0, (ap_o_mode)0, 0>::operator>>(unsigned int) const' into 'ap_fixed_base<16, 4, true, (ap_q_mode)0, (ap_o_mode)0, 0>::operator>>(int) const' (C:/Xilinx/Vitis_HLS/2022.1/common/technology/autopilot\ap_fixed_base.h:1572:14)
INFO: [HLS 214-131] Inlining function 'ap_fixed_base<32, 32, true, (ap_q_mode)5, (ap_o_mode)3, 0>::operator!() const' into 'ap_fixed_base<17, 5, true, (ap_q_mode)5, (ap_o_mode)3, 0>& ap_fixed_base<17, 5, true, (ap_q_mode)5, (ap_o_mode)3, 0>::operator=<32, 32, true, (ap_q_mode)5, (ap_o_mode)3, 0>(ap_fixed_base<32, 32, true, (ap_q_mode)5, (ap_o_mode)3, 0> const&)' (C:/Xilinx/Vitis_HLS/2022.1/common/technology/autopilot\ap_fixed_base.h:854:9)
INFO: [HLS 214-131] Inlining function 'ap_fixed_base<17, 5, true, (ap_q_mode)5, (ap_o_mode)3, 0>& ap_fixed_base<17, 5, true, (ap_q_mode)5, (ap_o_mode)3, 0>::operator=<32, 32, true, (ap_q_mode)5, (ap_o_mode)3, 0>(ap_fixed_base<32, 32, true, (ap_q_mode)5, (ap_o_mode)3, 0> const&)' into 'ap_fixed_base<17, 5, true, (ap_q_mode)5, (ap_o_mode)3, 0>::ap_fixed_base(int)' (C:/Xilinx/Vitis_HLS/2022.1/common/technology/autopilot\ap_fixed_base.h:576:146)
INFO: [HLS 214-131] Inlining function 'ap_fixed_base<17, 5, true, (ap_q_mode)5, (ap_o_mode)3, 0>::ap_fixed_base(int)' into 'ap_fixed_base<16, 4, true, (ap_q_mode)0, (ap_o_mode)0, 0>::RType<16, 4, true>::minus ap_fixed_base<16, 4, true, (ap_q_mode)0, (ap_o_mode)0, 0>::operator-<16, 4, true, (ap_q_mode)0, (ap_o_mode)0, 0>(ap_fixed_base<16, 4, true, (ap_q_mode)0, (ap_o_mode)0, 0> const&) const' (C:/Xilinx/Vitis_HLS/2022.1/common/technology/autopilot\ap_fixed_base.h:1394:327)
INFO: [HLS 214-131] Inlining function 'ap_fixed<17, 5, (ap_q_mode)5, (ap_o_mode)3, 0>::ap_fixed<17, 5, true, (ap_q_mode)5, (ap_o_mode)3, 0>(ap_fixed_base<17, 5, true, (ap_q_mode)5, (ap_o_mode)3, 0> const&)' into 'ap_fixed_base<16, 4, true, (ap_q_mode)0, (ap_o_mode)0, 0>::RType<16, 4, true>::minus ap_fixed_base<16, 4, true, (ap_q_mode)0, (ap_o_mode)0, 0>::operator-<16, 4, true, (ap_q_mode)0, (ap_o_mode)0, 0>(ap_fixed_base<16, 4, true, (ap_q_mode)0, (ap_o_mode)0, 0> const&) const' (C:/Xilinx/Vitis_HLS/2022.1/common/technology/autopilot\ap_fixed_base.h:1394:387)
INFO: [HLS 214-131] Inlining function 'ap_fixed_base<17, 5, true, (ap_q_mode)5, (ap_o_mode)3, 0>::ap_fixed_base<16, 4, true, (ap_q_mode)0, (ap_o_mode)0, 0>(ap_fixed_base<16, 4, true, (ap_q_mode)0, (ap_o_mode)0, 0> const&)' into 'ap_fixed_base<16, 4, true, (ap_q_mode)0, (ap_o_mode)0, 0>::RType<16, 4, true>::minus ap_fixed_base<16, 4, true, (ap_q_mode)0, (ap_o_mode)0, 0>::operator-<16, 4, true, (ap_q_mode)0, (ap_o_mode)0, 0>(ap_fixed_base<16, 4, true, (ap_q_mode)0, (ap_o_mode)0, 0> const&) const' (C:/Xilinx/Vitis_HLS/2022.1/common/technology/autopilot\ap_fixed_base.h:1394:347)
INFO: [HLS 214-131] Inlining function 'ap_fixed_base<17, 5, true, (ap_q_mode)5, (ap_o_mode)3, 0>::ap_fixed_base<16, 4, true, (ap_q_mode)0, (ap_o_mode)0, 0>(ap_fixed_base<16, 4, true, (ap_q_mode)0, (ap_o_mode)0, 0> const&)' into 'ap_fixed_base<16, 4, true, (ap_q_mode)0, (ap_o_mode)0, 0>::RType<16, 4, true>::minus ap_fixed_base<16, 4, true, (ap_q_mode)0, (ap_o_mode)0, 0>::operator-<16, 4, true, (ap_q_mode)0, (ap_o_mode)0, 0>(ap_fixed_base<16, 4, true, (ap_q_mode)0, (ap_o_mode)0, 0> const&) const' (C:/Xilinx/Vitis_HLS/2022.1/common/technology/autopilot\ap_fixed_base.h:1394:335)
INFO: [HLS 214-131] Inlining function 'ap_fixed_base<16, 4, true, (ap_q_mode)0, (ap_o_mode)0, 0>::RType<16, 4, true>::minus ap_fixed_base<16, 4, true, (ap_q_mode)0, (ap_o_mode)0, 0>::operator-<16, 4, true, (ap_q_mode)0, (ap_o_mode)0, 0>(ap_fixed_base<16, 4, true, (ap_q_mode)0, (ap_o_mode)0, 0> const&) const' into 'ap_fixed_base<16, 4, true, (ap_q_mode)0, (ap_o_mode)0, 0>& ap_fixed_base<16, 4, true, (ap_q_mode)0, (ap_o_mode)0, 0>::operator-=<16, 4, true, (ap_q_mode)0, (ap_o_mode)0, 0>(ap_fixed_base<16, 4, true, (ap_q_mode)0, (ap_o_mode)0, 0> const&)' (C:/Xilinx/Vitis_HLS/2022.1/common/technology/autopilot\ap_fixed_base.h:1414:248)
INFO: [HLS 214-131] Inlining function 'ap_fixed_base<16, 4, true, (ap_q_mode)0, (ap_o_mode)0, 0>& ap_fixed_base<16, 4, true, (ap_q_mode)0, (ap_o_mode)0, 0>::operator=<17, 5, true, (ap_q_mode)5, (ap_o_mode)3, 0>(ap_fixed_base<17, 5, true, (ap_q_mode)5, (ap_o_mode)3, 0> const&)' into 'ap_fixed_base<16, 4, true, (ap_q_mode)0, (ap_o_mode)0, 0>& ap_fixed_base<16, 4, true, (ap_q_mode)0, (ap_o_mode)0, 0>::operator-=<16, 4, true, (ap_q_mode)0, (ap_o_mode)0, 0>(ap_fixed_base<16, 4, true, (ap_q_mode)0, (ap_o_mode)0, 0> const&)' (C:/Xilinx/Vitis_HLS/2022.1/common/technology/autopilot\ap_fixed_base.h:1414:246)
INFO: [HLS 214-131] Inlining function 'ap_fixed_base<17, 5, true, (ap_q_mode)5, (ap_o_mode)3, 0>::ap_fixed_base(int)' into 'ap_fixed_base<16, 4, true, (ap_q_mode)0, (ap_o_mode)0, 0>::RType<16, 4, true>::plus ap_fixed_base<16, 4, true, (ap_q_mode)0, (ap_o_mode)0, 0>::operator+<16, 4, true, (ap_q_mode)0, (ap_o_mode)0, 0>(ap_fixed_base<16, 4, true, (ap_q_mode)0, (ap_o_mode)0, 0> const&) const' (C:/Xilinx/Vitis_HLS/2022.1/common/technology/autopilot\ap_fixed_base.h:1393:325)
INFO: [HLS 214-131] Inlining function 'ap_fixed<17, 5, (ap_q_mode)5, (ap_o_mode)3, 0>::ap_fixed<17, 5, true, (ap_q_mode)5, (ap_o_mode)3, 0>(ap_fixed_base<17, 5, true, (ap_q_mode)5, (ap_o_mode)3, 0> const&)' into 'ap_fixed_base<16, 4, true, (ap_q_mode)0, (ap_o_mode)0, 0>::RType<16, 4, true>::plus ap_fixed_base<16, 4, true, (ap_q_mode)0, (ap_o_mode)0, 0>::operator+<16, 4, true, (ap_q_mode)0, (ap_o_mode)0, 0>(ap_fixed_base<16, 4, true, (ap_q_mode)0, (ap_o_mode)0, 0> const&) const' (C:/Xilinx/Vitis_HLS/2022.1/common/technology/autopilot\ap_fixed_base.h:1393:385)
INFO: [HLS 214-131] Inlining function 'ap_fixed_base<17, 5, true, (ap_q_mode)5, (ap_o_mode)3, 0>::ap_fixed_base<16, 4, true, (ap_q_mode)0, (ap_o_mode)0, 0>(ap_fixed_base<16, 4, true, (ap_q_mode)0, (ap_o_mode)0, 0> const&)' into 'ap_fixed_base<16, 4, true, (ap_q_mode)0, (ap_o_mode)0, 0>::RType<16, 4, true>::plus ap_fixed_base<16, 4, true, (ap_q_mode)0, (ap_o_mode)0, 0>::operator+<16, 4, true, (ap_q_mode)0, (ap_o_mode)0, 0>(ap_fixed_base<16, 4, true, (ap_q_mode)0, (ap_o_mode)0, 0> const&) const' (C:/Xilinx/Vitis_HLS/2022.1/common/technology/autopilot\ap_fixed_base.h:1393:345)
INFO: [HLS 214-131] Inlining function 'ap_fixed_base<17, 5, true, (ap_q_mode)5, (ap_o_mode)3, 0>::ap_fixed_base<16, 4, true, (ap_q_mode)0, (ap_o_mode)0, 0>(ap_fixed_base<16, 4, true, (ap_q_mode)0, (ap_o_mode)0, 0> const&)' into 'ap_fixed_base<16, 4, true, (ap_q_mode)0, (ap_o_mode)0, 0>::RType<16, 4, true>::plus ap_fixed_base<16, 4, true, (ap_q_mode)0, (ap_o_mode)0, 0>::operator+<16, 4, true, (ap_q_mode)0, (ap_o_mode)0, 0>(ap_fixed_base<16, 4, true, (ap_q_mode)0, (ap_o_mode)0, 0> const&) const' (C:/Xilinx/Vitis_HLS/2022.1/common/technology/autopilot\ap_fixed_base.h:1393:333)
INFO: [HLS 214-131] Inlining function 'ap_fixed_base<16, 4, true, (ap_q_mode)0, (ap_o_mode)0, 0>::RType<16, 4, true>::plus ap_fixed_base<16, 4, true, (ap_q_mode)0, (ap_o_mode)0, 0>::operator+<16, 4, true, (ap_q_mode)0, (ap_o_mode)0, 0>(ap_fixed_base<16, 4, true, (ap_q_mode)0, (ap_o_mode)0, 0> const&) const' into 'ap_fixed_base<16, 4, true, (ap_q_mode)0, (ap_o_mode)0, 0>& ap_fixed_base<16, 4, true, (ap_q_mode)0, (ap_o_mode)0, 0>::operator+=<16, 4, true, (ap_q_mode)0, (ap_o_mode)0, 0>(ap_fixed_base<16, 4, true, (ap_q_mode)0, (ap_o_mode)0, 0> const&)' (C:/Xilinx/Vitis_HLS/2022.1/common/technology/autopilot\ap_fixed_base.h:1413:248)
INFO: [HLS 214-131] Inlining function 'ap_fixed_base<16, 4, true, (ap_q_mode)0, (ap_o_mode)0, 0>& ap_fixed_base<16, 4, true, (ap_q_mode)0, (ap_o_mode)0, 0>::operator=<17, 5, true, (ap_q_mode)5, (ap_o_mode)3, 0>(ap_fixed_base<17, 5, true, (ap_q_mode)5, (ap_o_mode)3, 0> const&)' into 'ap_fixed_base<16, 4, true, (ap_q_mode)0, (ap_o_mode)0, 0>& ap_fixed_base<16, 4, true, (ap_q_mode)0, (ap_o_mode)0, 0>::operator+=<16, 4, true, (ap_q_mode)0, (ap_o_mode)0, 0>(ap_fixed_base<16, 4, true, (ap_q_mode)0, (ap_o_mode)0, 0> const&)' (C:/Xilinx/Vitis_HLS/2022.1/common/technology/autopilot\ap_fixed_base.h:1413:246)
INFO: [HLS 214-131] Inlining function 'ap_fixed_base<16, 4, true, (ap_q_mode)0, (ap_o_mode)0, 0>::operator-() const' into 'cordic(ap_fixed<16, 4, (ap_q_mode)0, (ap_o_mode)0, 0>, ap_fixed<16, 4, (ap_q_mode)0, (ap_o_mode)0, 0>, ap_fixed<16, 4, (ap_q_mode)0, (ap_o_mode)0, 0>*, ap_fixed<16, 4, (ap_q_mode)0, (ap_o_mode)0, 0>*, bool, ap_fixed<16, 4, (ap_q_mode)0, (ap_o_mode)0, 0>, ap_fixed<16, 4, (ap_q_mode)0, (ap_o_mode)0, 0>*)' (../fpga_hls_raw/cordic.cpp:14:11)
INFO: [HLS 214-131] Inlining function 'ap_fixed_base<16, 4, true, (ap_q_mode)0, (ap_o_mode)0, 0>& ap_fixed_base<16, 4, true, (ap_q_mode)0, (ap_o_mode)0, 0>::operator+=<16, 4, true, (ap_q_mode)0, (ap_o_mode)0, 0>(ap_fixed_base<16, 4, true, (ap_q_mode)0, (ap_o_mode)0, 0> const&)' into 'cordic(ap_fixed<16, 4, (ap_q_mode)0, (ap_o_mode)0, 0>, ap_fixed<16, 4, (ap_q_mode)0, (ap_o_mode)0, 0>, ap_fixed<16, 4, (ap_q_mode)0, (ap_o_mode)0, 0>*, ap_fixed<16, 4, (ap_q_mode)0, (ap_o_mode)0, 0>*, bool, ap_fixed<16, 4, (ap_q_mode)0, (ap_o_mode)0, 0>, ap_fixed<16, 4, (ap_q_mode)0, (ap_o_mode)0, 0>*)' (../fpga_hls_raw/cordic.cpp:60:6)
INFO: [HLS 214-131] Inlining function 'ap_fixed_base<16, 4, true, (ap_q_mode)0, (ap_o_mode)0, 0>::operator>>(int) const' into 'cordic(ap_fixed<16, 4, (ap_q_mode)0, (ap_o_mode)0, 0>, ap_fixed<16, 4, (ap_q_mode)0, (ap_o_mode)0, 0>, ap_fixed<16, 4, (ap_q_mode)0, (ap_o_mode)0, 0>*, ap_fixed<16, 4, (ap_q_mode)0, (ap_o_mode)0, 0>*, bool, ap_fixed<16, 4, (ap_q_mode)0, (ap_o_mode)0, 0>, ap_fixed<16, 4, (ap_q_mode)0, (ap_o_mode)0, 0>*)' (../fpga_hls_raw/cordic.cpp:60:12)
INFO: [HLS 214-131] Inlining function 'ap_fixed_base<16, 4, true, (ap_q_mode)0, (ap_o_mode)0, 0>& ap_fixed_base<16, 4, true, (ap_q_mode)0, (ap_o_mode)0, 0>::operator+=<16, 4, true, (ap_q_mode)0, (ap_o_mode)0, 0>(ap_fixed_base<16, 4, true, (ap_q_mode)0, (ap_o_mode)0, 0> const&)' into 'cordic(ap_fixed<16, 4, (ap_q_mode)0, (ap_o_mode)0, 0>, ap_fixed<16, 4, (ap_q_mode)0, (ap_o_mode)0, 0>, ap_fixed<16, 4, (ap_q_mode)0, (ap_o_mode)0, 0>*, ap_fixed<16, 4, (ap_q_mode)0, (ap_o_mode)0, 0>*, bool, ap_fixed<16, 4, (ap_q_mode)0, (ap_o_mode)0, 0>, ap_fixed<16, 4, (ap_q_mode)0, (ap_o_mode)0, 0>*)' (../fpga_hls_raw/cordic.cpp:59:6)
INFO: [HLS 214-131] Inlining function 'ap_fixed_base<16, 4, true, (ap_q_mode)0, (ap_o_mode)0, 0>::operator>>(int) const' into 'cordic(ap_fixed<16, 4, (ap_q_mode)0, (ap_o_mode)0, 0>, ap_fixed<16, 4, (ap_q_mode)0, (ap_o_mode)0, 0>, ap_fixed<16, 4, (ap_q_mode)0, (ap_o_mode)0, 0>*, ap_fixed<16, 4, (ap_q_mode)0, (ap_o_mode)0, 0>*, bool, ap_fixed<16, 4, (ap_q_mode)0, (ap_o_mode)0, 0>, ap_fixed<16, 4, (ap_q_mode)0, (ap_o_mode)0, 0>*)' (../fpga_hls_raw/cordic.cpp:59:12)
INFO: [HLS 214-131] Inlining function 'ap_fixed_base<16, 4, true, (ap_q_mode)0, (ap_o_mode)0, 0>& ap_fixed_base<16, 4, true, (ap_q_mode)0, (ap_o_mode)0, 0>::operator-=<16, 4, true, (ap_q_mode)0, (ap_o_mode)0, 0>(ap_fixed_base<16, 4, true, (ap_q_mode)0, (ap_o_mode)0, 0> const&)' into 'cordic(ap_fixed<16, 4, (ap_q_mode)0, (ap_o_mode)0, 0>, ap_fixed<16, 4, (ap_q_mode)0, (ap_o_mode)0, 0>, ap_fixed<16, 4, (ap_q_mode)0, (ap_o_mode)0, 0>*, ap_fixed<16, 4, (ap_q_mode)0, (ap_o_mode)0, 0>*, bool, ap_fixed<16, 4, (ap_q_mode)0, (ap_o_mode)0, 0>, ap_fixed<16, 4, (ap_q_mode)0, (ap_o_mode)0, 0>*)' (../fpga_hls_raw/cordic.cpp:56:6)
INFO: [HLS 214-131] Inlining function 'ap_fixed_base<16, 4, true, (ap_q_mode)0, (ap_o_mode)0, 0>::operator>>(int) const' into 'cordic(ap_fixed<16, 4, (ap_q_mode)0, (ap_o_mode)0, 0>, ap_fixed<16, 4, (ap_q_mode)0, (ap_o_mode)0, 0>, ap_fixed<16, 4, (ap_q_mode)0, (ap_o_mode)0, 0>*, ap_fixed<16, 4, (ap_q_mode)0, (ap_o_mode)0, 0>*, bool, ap_fixed<16, 4, (ap_q_mode)0, (ap_o_mode)0, 0>, ap_fixed<16, 4, (ap_q_mode)0, (ap_o_mode)0, 0>*)' (../fpga_hls_raw/cordic.cpp:56:12)
INFO: [HLS 214-131] Inlining function 'ap_fixed_base<16, 4, true, (ap_q_mode)0, (ap_o_mode)0, 0>& ap_fixed_base<16, 4, true, (ap_q_mode)0, (ap_o_mode)0, 0>::operator-=<16, 4, true, (ap_q_mode)0, (ap_o_mode)0, 0>(ap_fixed_base<16, 4, true, (ap_q_mode)0, (ap_o_mode)0, 0> const&)' into 'cordic(ap_fixed<16, 4, (ap_q_mode)0, (ap_o_mode)0, 0>, ap_fixed<16, 4, (ap_q_mode)0, (ap_o_mode)0, 0>, ap_fixed<16, 4, (ap_q_mode)0, (ap_o_mode)0, 0>*, ap_fixed<16, 4, (ap_q_mode)0, (ap_o_mode)0, 0>*, bool, ap_fixed<16, 4, (ap_q_mode)0, (ap_o_mode)0, 0>, ap_fixed<16, 4, (ap_q_mode)0, (ap_o_mode)0, 0>*)' (../fpga_hls_raw/cordic.cpp:55:6)
INFO: [HLS 214-131] Inlining function 'ap_fixed_base<16, 4, true, (ap_q_mode)0, (ap_o_mode)0, 0>::operator>>(int) const' into 'cordic(ap_fixed<16, 4, (ap_q_mode)0, (ap_o_mode)0, 0>, ap_fixed<16, 4, (ap_q_mode)0, (ap_o_mode)0, 0>, ap_fixed<16, 4, (ap_q_mode)0, (ap_o_mode)0, 0>*, ap_fixed<16, 4, (ap_q_mode)0, (ap_o_mode)0, 0>*, bool, ap_fixed<16, 4, (ap_q_mode)0, (ap_o_mode)0, 0>, ap_fixed<16, 4, (ap_q_mode)0, (ap_o_mode)0, 0>*)' (../fpga_hls_raw/cordic.cpp:55:12)
INFO: [HLS 214-131] Inlining function 'ap_fixed_base<16, 4, true, (ap_q_mode)0, (ap_o_mode)0, 0>& ap_fixed_base<16, 4, true, (ap_q_mode)0, (ap_o_mode)0, 0>::operator+=<16, 4, true, (ap_q_mode)0, (ap_o_mode)0, 0>(ap_fixed_base<16, 4, true, (ap_q_mode)0, (ap_o_mode)0, 0> const&)' into 'cordic(ap_fixed<16, 4, (ap_q_mode)0, (ap_o_mode)0, 0>, ap_fixed<16, 4, (ap_q_mode)0, (ap_o_mode)0, 0>, ap_fixed<16, 4, (ap_q_mode)0, (ap_o_mode)0, 0>*, ap_fixed<16, 4, (ap_q_mode)0, (ap_o_mode)0, 0>*, bool, ap_fixed<16, 4, (ap_q_mode)0, (ap_o_mode)0, 0>, ap_fixed<16, 4, (ap_q_mode)0, (ap_o_mode)0, 0>*)' (../fpga_hls_raw/cordic.cpp:49:10)
INFO: [HLS 214-131] Inlining function 'ap_fixed_base<16, 4, true, (ap_q_mode)0, (ap_o_mode)0, 0>& ap_fixed_base<16, 4, true, (ap_q_mode)0, (ap_o_mode)0, 0>::operator-=<16, 4, true, (ap_q_mode)0, (ap_o_mode)0, 0>(ap_fixed_base<16, 4, true, (ap_q_mode)0, (ap_o_mode)0, 0> const&)' into 'cordic(ap_fixed<16, 4, (ap_q_mode)0, (ap_o_mode)0, 0>, ap_fixed<16, 4, (ap_q_mode)0, (ap_o_mode)0, 0>, ap_fixed<16, 4, (ap_q_mode)0, (ap_o_mode)0, 0>*, ap_fixed<16, 4, (ap_q_mode)0, (ap_o_mode)0, 0>*, bool, ap_fixed<16, 4, (ap_q_mode)0, (ap_o_mode)0, 0>, ap_fixed<16, 4, (ap_q_mode)0, (ap_o_mode)0, 0>*)' (../fpga_hls_raw/cordic.cpp:48:6)
INFO: [HLS 214-131] Inlining function 'ap_fixed_base<16, 4, true, (ap_q_mode)0, (ap_o_mode)0, 0>& ap_fixed_base<16, 4, true, (ap_q_mode)0, (ap_o_mode)0, 0>::operator+=<16, 4, true, (ap_q_mode)0, (ap_o_mode)0, 0>(ap_fixed_base<16, 4, true, (ap_q_mode)0, (ap_o_mode)0, 0> const&)' into 'cordic(ap_fixed<16, 4, (ap_q_mode)0, (ap_o_mode)0, 0>, ap_fixed<16, 4, (ap_q_mode)0, (ap_o_mode)0, 0>, ap_fixed<16, 4, (ap_q_mode)0, (ap_o_mode)0, 0>*, ap_fixed<16, 4, (ap_q_mode)0, (ap_o_mode)0, 0>*, bool, ap_fixed<16, 4, (ap_q_mode)0, (ap_o_mode)0, 0>, ap_fixed<16, 4, (ap_q_mode)0, (ap_o_mode)0, 0>*)' (../fpga_hls_raw/cordic.cpp:47:6)
INFO: [HLS 214-131] Inlining function 'ap_fixed_base<16, 4, true, (ap_q_mode)0, (ap_o_mode)0, 0>& ap_fixed_base<16, 4, true, (ap_q_mode)0, (ap_o_mode)0, 0>::operator-=<16, 4, true, (ap_q_mode)0, (ap_o_mode)0, 0>(ap_fixed_base<16, 4, true, (ap_q_mode)0, (ap_o_mode)0, 0> const&)' into 'cordic(ap_fixed<16, 4, (ap_q_mode)0, (ap_o_mode)0, 0>, ap_fixed<16, 4, (ap_q_mode)0, (ap_o_mode)0, 0>, ap_fixed<16, 4, (ap_q_mode)0, (ap_o_mode)0, 0>*, ap_fixed<16, 4, (ap_q_mode)0, (ap_o_mode)0, 0>*, bool, ap_fixed<16, 4, (ap_q_mode)0, (ap_o_mode)0, 0>, ap_fixed<16, 4, (ap_q_mode)0, (ap_o_mode)0, 0>*)' (../fpga_hls_raw/cordic.cpp:44:10)
INFO: [HLS 214-131] Inlining function 'ap_fixed_base<16, 4, true, (ap_q_mode)0, (ap_o_mode)0, 0>& ap_fixed_base<16, 4, true, (ap_q_mode)0, (ap_o_mode)0, 0>::operator+=<16, 4, true, (ap_q_mode)0, (ap_o_mode)0, 0>(ap_fixed_base<16, 4, true, (ap_q_mode)0, (ap_o_mode)0, 0> const&)' into 'cordic(ap_fixed<16, 4, (ap_q_mode)0, (ap_o_mode)0, 0>, ap_fixed<16, 4, (ap_q_mode)0, (ap_o_mode)0, 0>, ap_fixed<16, 4, (ap_q_mode)0, (ap_o_mode)0, 0>*, ap_fixed<16, 4, (ap_q_mode)0, (ap_o_mode)0, 0>*, bool, ap_fixed<16, 4, (ap_q_mode)0, (ap_o_mode)0, 0>, ap_fixed<16, 4, (ap_q_mode)0, (ap_o_mode)0, 0>*)' (../fpga_hls_raw/cordic.cpp:43:6)
INFO: [HLS 214-131] Inlining function 'ap_fixed_base<16, 4, true, (ap_q_mode)0, (ap_o_mode)0, 0>& ap_fixed_base<16, 4, true, (ap_q_mode)0, (ap_o_mode)0, 0>::operator-=<16, 4, true, (ap_q_mode)0, (ap_o_mode)0, 0>(ap_fixed_base<16, 4, true, (ap_q_mode)0, (ap_o_mode)0, 0> const&)' into 'cordic(ap_fixed<16, 4, (ap_q_mode)0, (ap_o_mode)0, 0>, ap_fixed<16, 4, (ap_q_mode)0, (ap_o_mode)0, 0>, ap_fixed<16, 4, (ap_q_mode)0, (ap_o_mode)0, 0>*, ap_fixed<16, 4, (ap_q_mode)0, (ap_o_mode)0, 0>*, bool, ap_fixed<16, 4, (ap_q_mode)0, (ap_o_mode)0, 0>, ap_fixed<16, 4, (ap_q_mode)0, (ap_o_mode)0, 0>*)' (../fpga_hls_raw/cordic.cpp:42:6)
INFO: [HLS 214-131] Inlining function 'bool operator<<16, 4, true, (ap_q_mode)0, (ap_o_mode)0, 0>(ap_fixed_base<16, 4, true, (ap_q_mode)0, (ap_o_mode)0, 0> const&, int)' into 'cordic(ap_fixed<16, 4, (ap_q_mode)0, (ap_o_mode)0, 0>, ap_fixed<16, 4, (ap_q_mode)0, (ap_o_mode)0, 0>, ap_fixed<16, 4, (ap_q_mode)0, (ap_o_mode)0, 0>*, ap_fixed<16, 4, (ap_q_mode)0, (ap_o_mode)0, 0>*, bool, ap_fixed<16, 4, (ap_q_mode)0, (ap_o_mode)0, 0>, ap_fixed<16, 4, (ap_q_mode)0, (ap_o_mode)0, 0>*)' (../fpga_hls_raw/cordic.cpp:41:59)
INFO: [HLS 214-131] Inlining function 'bool operator>=<16, 4, true, (ap_q_mode)0, (ap_o_mode)0, 0>(ap_fixed_base<16, 4, true, (ap_q_mode)0, (ap_o_mode)0, 0> const&, int)' into 'cordic(ap_fixed<16, 4, (ap_q_mode)0, (ap_o_mode)0, 0>, ap_fixed<16, 4, (ap_q_mode)0, (ap_o_mode)0, 0>, ap_fixed<16, 4, (ap_q_mode)0, (ap_o_mode)0, 0>*, ap_fixed<16, 4, (ap_q_mode)0, (ap_o_mode)0, 0>*, bool, ap_fixed<16, 4, (ap_q_mode)0, (ap_o_mode)0, 0>, ap_fixed<16, 4, (ap_q_mode)0, (ap_o_mode)0, 0>*)' (../fpga_hls_raw/cordic.cpp:41:31)
INFO: [HLS 214-131] Inlining function 'ap_fixed<16, 4, (ap_q_mode)0, (ap_o_mode)0, 0>::ap_fixed<16, 4, true, (ap_q_mode)0, (ap_o_mode)0, 0>(ap_fixed_base<16, 4, true, (ap_q_mode)0, (ap_o_mode)0, 0> const&)' into 'cordic(ap_fixed<16, 4, (ap_q_mode)0, (ap_o_mode)0, 0>, ap_fixed<16, 4, (ap_q_mode)0, (ap_o_mode)0, 0>, ap_fixed<16, 4, (ap_q_mode)0, (ap_o_mode)0, 0>*, ap_fixed<16, 4, (ap_q_mode)0, (ap_o_mode)0, 0>*, bool, ap_fixed<16, 4, (ap_q_mode)0, (ap_o_mode)0, 0>, ap_fixed<16, 4, (ap_q_mode)0, (ap_o_mode)0, 0>*)' (../fpga_hls_raw/cordic.cpp:40:19)
INFO: [HLS 214-131] Inlining function 'ap_fixed_base<16, 4, true, (ap_q_mode)0, (ap_o_mode)0, 0>::operator>>(int) const' into 'cordic(ap_fixed<16, 4, (ap_q_mode)0, (ap_o_mode)0, 0>, ap_fixed<16, 4, (ap_q_mode)0, (ap_o_mode)0, 0>, ap_fixed<16, 4, (ap_q_mode)0, (ap_o_mode)0, 0>*, ap_fixed<16, 4, (ap_q_mode)0, (ap_o_mode)0, 0>*, bool, ap_fixed<16, 4, (ap_q_mode)0, (ap_o_mode)0, 0>, ap_fixed<16, 4, (ap_q_mode)0, (ap_o_mode)0, 0>*)' (../fpga_hls_raw/cordic.cpp:40:21)
INFO: [HLS 214-131] Inlining function 'ap_fixed<16, 4, (ap_q_mode)0, (ap_o_mode)0, 0>::ap_fixed<16, 4, true, (ap_q_mode)0, (ap_o_mode)0, 0>(ap_fixed_base<16, 4, true, (ap_q_mode)0, (ap_o_mode)0, 0> const&)' into 'cordic(ap_fixed<16, 4, (ap_q_mode)0, (ap_o_mode)0, 0>, ap_fixed<16, 4, (ap_q_mode)0, (ap_o_mode)0, 0>, ap_fixed<16, 4, (ap_q_mode)0, (ap_o_mode)0, 0>*, ap_fixed<16, 4, (ap_q_mode)0, (ap_o_mode)0, 0>*, bool, ap_fixed<16, 4, (ap_q_mode)0, (ap_o_mode)0, 0>, ap_fixed<16, 4, (ap_q_mode)0, (ap_o_mode)0, 0>*)' (../fpga_hls_raw/cordic.cpp:39:19)
INFO: [HLS 214-131] Inlining function 'ap_fixed_base<16, 4, true, (ap_q_mode)0, (ap_o_mode)0, 0>::operator>>(int) const' into 'cordic(ap_fixed<16, 4, (ap_q_mode)0, (ap_o_mode)0, 0>, ap_fixed<16, 4, (ap_q_mode)0, (ap_o_mode)0, 0>, ap_fixed<16, 4, (ap_q_mode)0, (ap_o_mode)0, 0>*, ap_fixed<16, 4, (ap_q_mode)0, (ap_o_mode)0, 0>*, bool, ap_fixed<16, 4, (ap_q_mode)0, (ap_o_mode)0, 0>, ap_fixed<16, 4, (ap_q_mode)0, (ap_o_mode)0, 0>*)' (../fpga_hls_raw/cordic.cpp:39:21)
INFO: [HLS 214-131] Inlining function 'ap_fixed<16, 4, (ap_q_mode)0, (ap_o_mode)0, 0>::ap_fixed(int)' into 'cordic(ap_fixed<16, 4, (ap_q_mode)0, (ap_o_mode)0, 0>, ap_fixed<16, 4, (ap_q_mode)0, (ap_o_mode)0, 0>, ap_fixed<16, 4, (ap_q_mode)0, (ap_o_mode)0, 0>*, ap_fixed<16, 4, (ap_q_mode)0, (ap_o_mode)0, 0>*, bool, ap_fixed<16, 4, (ap_q_mode)0, (ap_o_mode)0, 0>, ap_fixed<16, 4, (ap_q_mode)0, (ap_o_mode)0, 0>*)' (../fpga_hls_raw/cordic.cpp:34:12)
INFO: [HLS 214-131] Inlining function 'ap_fixed<16, 4, (ap_q_mode)0, (ap_o_mode)0, 0>::ap_fixed(int)' into 'cordic(ap_fixed<16, 4, (ap_q_mode)0, (ap_o_mode)0, 0>, ap_fixed<16, 4, (ap_q_mode)0, (ap_o_mode)0, 0>, ap_fixed<16, 4, (ap_q_mode)0, (ap_o_mode)0, 0>*, ap_fixed<16, 4, (ap_q_mode)0, (ap_o_mode)0, 0>*, bool, ap_fixed<16, 4, (ap_q_mode)0, (ap_o_mode)0, 0>, ap_fixed<16, 4, (ap_q_mode)0, (ap_o_mode)0, 0>*)' (../fpga_hls_raw/cordic.cpp:29:12)
INFO: [HLS 214-131] Inlining function 'ap_fixed<16, 4, (ap_q_mode)0, (ap_o_mode)0, 0>::ap_fixed<17, 5, true, (ap_q_mode)5, (ap_o_mode)3, 0>(ap_fixed_base<17, 5, true, (ap_q_mode)5, (ap_o_mode)3, 0> const&)' into 'cordic(ap_fixed<16, 4, (ap_q_mode)0, (ap_o_mode)0, 0>, ap_fixed<16, 4, (ap_q_mode)0, (ap_o_mode)0, 0>, ap_fixed<16, 4, (ap_q_mode)0, (ap_o_mode)0, 0>*, ap_fixed<16, 4, (ap_q_mode)0, (ap_o_mode)0, 0>*, bool, ap_fixed<16, 4, (ap_q_mode)0, (ap_o_mode)0, 0>, ap_fixed<16, 4, (ap_q_mode)0, (ap_o_mode)0, 0>*)' (../fpga_hls_raw/cordic.cpp:28:8)
INFO: [HLS 214-131] Inlining function 'ap_fixed_base<16, 4, true, (ap_q_mode)0, (ap_o_mode)0, 0>::operator-() const' into 'cordic(ap_fixed<16, 4, (ap_q_mode)0, (ap_o_mode)0, 0>, ap_fixed<16, 4, (ap_q_mode)0, (ap_o_mode)0, 0>, ap_fixed<16, 4, (ap_q_mode)0, (ap_o_mode)0, 0>*, ap_fixed<16, 4, (ap_q_mode)0, (ap_o_mode)0, 0>*, bool, ap_fixed<16, 4, (ap_q_mode)0, (ap_o_mode)0, 0>, ap_fixed<16, 4, (ap_q_mode)0, (ap_o_mode)0, 0>*)' (../fpga_hls_raw/cordic.cpp:28:8)
INFO: [HLS 214-131] Inlining function 'ap_fixed<16, 4, (ap_q_mode)0, (ap_o_mode)0, 0>::ap_fixed<17, 5, true, (ap_q_mode)5, (ap_o_mode)3, 0>(ap_fixed_base<17, 5, true, (ap_q_mode)5, (ap_o_mode)3, 0> const&)' into 'cordic(ap_fixed<16, 4, (ap_q_mode)0, (ap_o_mode)0, 0>, ap_fixed<16, 4, (ap_q_mode)0, (ap_o_mode)0, 0>, ap_fixed<16, 4, (ap_q_mode)0, (ap_o_mode)0, 0>*, ap_fixed<16, 4, (ap_q_mode)0, (ap_o_mode)0, 0>*, bool, ap_fixed<16, 4, (ap_q_mode)0, (ap_o_mode)0, 0>, ap_fixed<16, 4, (ap_q_mode)0, (ap_o_mode)0, 0>*)' (../fpga_hls_raw/cordic.cpp:27:8)
INFO: [HLS 214-131] Inlining function 'ap_fixed_base<16, 4, true, (ap_q_mode)0, (ap_o_mode)0, 0>::operator-() const' into 'cordic(ap_fixed<16, 4, (ap_q_mode)0, (ap_o_mode)0, 0>, ap_fixed<16, 4, (ap_q_mode)0, (ap_o_mode)0, 0>, ap_fixed<16, 4, (ap_q_mode)0, (ap_o_mode)0, 0>*, ap_fixed<16, 4, (ap_q_mode)0, (ap_o_mode)0, 0>*, bool, ap_fixed<16, 4, (ap_q_mode)0, (ap_o_mode)0, 0>, ap_fixed<16, 4, (ap_q_mode)0, (ap_o_mode)0, 0>*)' (../fpga_hls_raw/cordic.cpp:27:8)
INFO: [HLS 214-131] Inlining function 'bool operator<<16, 4, true, (ap_q_mode)0, (ap_o_mode)0, 0>(ap_fixed_base<16, 4, true, (ap_q_mode)0, (ap_o_mode)0, 0> const&, int)' into 'cordic(ap_fixed<16, 4, (ap_q_mode)0, (ap_o_mode)0, 0>, ap_fixed<16, 4, (ap_q_mode)0, (ap_o_mode)0, 0>, ap_fixed<16, 4, (ap_q_mode)0, (ap_o_mode)0, 0>*, ap_fixed<16, 4, (ap_q_mode)0, (ap_o_mode)0, 0>*, bool, ap_fixed<16, 4, (ap_q_mode)0, (ap_o_mode)0, 0>, ap_fixed<16, 4, (ap_q_mode)0, (ap_o_mode)0, 0>*)' (../fpga_hls_raw/cordic.cpp:24:39)
INFO: [HLS 214-131] Inlining function 'bool operator<<16, 4, true, (ap_q_mode)0, (ap_o_mode)0, 0>(ap_fixed_base<16, 4, true, (ap_q_mode)0, (ap_o_mode)0, 0> const&, int)' into 'cordic(ap_fixed<16, 4, (ap_q_mode)0, (ap_o_mode)0, 0>, ap_fixed<16, 4, (ap_q_mode)0, (ap_o_mode)0, 0>, ap_fixed<16, 4, (ap_q_mode)0, (ap_o_mode)0, 0>*, ap_fixed<16, 4, (ap_q_mode)0, (ap_o_mode)0, 0>*, bool, ap_fixed<16, 4, (ap_q_mode)0, (ap_o_mode)0, 0>, ap_fixed<16, 4, (ap_q_mode)0, (ap_o_mode)0, 0>*)' (../fpga_hls_raw/cordic.cpp:24:22)
INFO: [HLS 214-131] Inlining function 'ap_fixed<16, 4, (ap_q_mode)0, (ap_o_mode)0, 0>::ap_fixed(int)' into 'cordic(ap_fixed<16, 4, (ap_q_mode)0, (ap_o_mode)0, 0>, ap_fixed<16, 4, (ap_q_mode)0, (ap_o_mode)0, 0>, ap_fixed<16, 4, (ap_q_mode)0, (ap_o_mode)0, 0>*, ap_fixed<16, 4, (ap_q_mode)0, (ap_o_mode)0, 0>*, bool, ap_fixed<16, 4, (ap_q_mode)0, (ap_o_mode)0, 0>, ap_fixed<16, 4, (ap_q_mode)0, (ap_o_mode)0, 0>*)' (../fpga_hls_raw/cordic.cpp:22:12)
INFO: [HLS 214-131] Inlining function 'ap_fixed<16, 4, (ap_q_mode)0, (ap_o_mode)0, 0>::ap_fixed<17, 5, true, (ap_q_mode)5, (ap_o_mode)3, 0>(ap_fixed_base<17, 5, true, (ap_q_mode)5, (ap_o_mode)3, 0> const&)' into 'cordic(ap_fixed<16, 4, (ap_q_mode)0, (ap_o_mode)0, 0>, ap_fixed<16, 4, (ap_q_mode)0, (ap_o_mode)0, 0>, ap_fixed<16, 4, (ap_q_mode)0, (ap_o_mode)0, 0>*, ap_fixed<16, 4, (ap_q_mode)0, (ap_o_mode)0, 0>*, bool, ap_fixed<16, 4, (ap_q_mode)0, (ap_o_mode)0, 0>, ap_fixed<16, 4, (ap_q_mode)0, (ap_o_mode)0, 0>*)' (../fpga_hls_raw/cordic.cpp:21:8)
INFO: [HLS 214-131] Inlining function 'ap_fixed_base<16, 4, true, (ap_q_mode)0, (ap_o_mode)0, 0>::operator-() const' into 'cordic(ap_fixed<16, 4, (ap_q_mode)0, (ap_o_mode)0, 0>, ap_fixed<16, 4, (ap_q_mode)0, (ap_o_mode)0, 0>, ap_fixed<16, 4, (ap_q_mode)0, (ap_o_mode)0, 0>*, ap_fixed<16, 4, (ap_q_mode)0, (ap_o_mode)0, 0>*, bool, ap_fixed<16, 4, (ap_q_mode)0, (ap_o_mode)0, 0>, ap_fixed<16, 4, (ap_q_mode)0, (ap_o_mode)0, 0>*)' (../fpga_hls_raw/cordic.cpp:21:8)
INFO: [HLS 214-131] Inlining function 'ap_fixed<16, 4, (ap_q_mode)0, (ap_o_mode)0, 0>::ap_fixed<17, 5, true, (ap_q_mode)5, (ap_o_mode)3, 0>(ap_fixed_base<17, 5, true, (ap_q_mode)5, (ap_o_mode)3, 0> const&)' into 'cordic(ap_fixed<16, 4, (ap_q_mode)0, (ap_o_mode)0, 0>, ap_fixed<16, 4, (ap_q_mode)0, (ap_o_mode)0, 0>, ap_fixed<16, 4, (ap_q_mode)0, (ap_o_mode)0, 0>*, ap_fixed<16, 4, (ap_q_mode)0, (ap_o_mode)0, 0>*, bool, ap_fixed<16, 4, (ap_q_mode)0, (ap_o_mode)0, 0>, ap_fixed<16, 4, (ap_q_mode)0, (ap_o_mode)0, 0>*)' (../fpga_hls_raw/cordic.cpp:20:8)
INFO: [HLS 214-131] Inlining function 'ap_fixed_base<16, 4, true, (ap_q_mode)0, (ap_o_mode)0, 0>::operator-() const' into 'cordic(ap_fixed<16, 4, (ap_q_mode)0, (ap_o_mode)0, 0>, ap_fixed<16, 4, (ap_q_mode)0, (ap_o_mode)0, 0>, ap_fixed<16, 4, (ap_q_mode)0, (ap_o_mode)0, 0>*, ap_fixed<16, 4, (ap_q_mode)0, (ap_o_mode)0, 0>*, bool, ap_fixed<16, 4, (ap_q_mode)0, (ap_o_mode)0, 0>, ap_fixed<16, 4, (ap_q_mode)0, (ap_o_mode)0, 0>*)' (../fpga_hls_raw/cordic.cpp:20:8)
INFO: [HLS 214-131] Inlining function 'bool operator>=<16, 4, true, (ap_q_mode)0, (ap_o_mode)0, 0>(ap_fixed_base<16, 4, true, (ap_q_mode)0, (ap_o_mode)0, 0> const&, int)' into 'cordic(ap_fixed<16, 4, (ap_q_mode)0, (ap_o_mode)0, 0>, ap_fixed<16, 4, (ap_q_mode)0, (ap_o_mode)0, 0>, ap_fixed<16, 4, (ap_q_mode)0, (ap_o_mode)0, 0>*, ap_fixed<16, 4, (ap_q_mode)0, (ap_o_mode)0, 0>*, bool, ap_fixed<16, 4, (ap_q_mode)0, (ap_o_mode)0, 0>, ap_fixed<16, 4, (ap_q_mode)0, (ap_o_mode)0, 0>*)' (../fpga_hls_raw/cordic.cpp:17:34)
INFO: [HLS 214-131] Inlining function 'bool operator<<16, 4, true, (ap_q_mode)0, (ap_o_mode)0, 0>(ap_fixed_base<16, 4, true, (ap_q_mode)0, (ap_o_mode)0, 0> const&, int)' into 'cordic(ap_fixed<16, 4, (ap_q_mode)0, (ap_o_mode)0, 0>, ap_fixed<16, 4, (ap_q_mode)0, (ap_o_mode)0, 0>, ap_fixed<16, 4, (ap_q_mode)0, (ap_o_mode)0, 0>*, ap_fixed<16, 4, (ap_q_mode)0, (ap_o_mode)0, 0>*, bool, ap_fixed<16, 4, (ap_q_mode)0, (ap_o_mode)0, 0>, ap_fixed<16, 4, (ap_q_mode)0, (ap_o_mode)0, 0>*)' (../fpga_hls_raw/cordic.cpp:17:17)
INFO: [HLS 214-131] Inlining function 'ap_fixed<16, 4, (ap_q_mode)0, (ap_o_mode)0, 0>::ap_fixed<17, 5, true, (ap_q_mode)5, (ap_o_mode)3, 0>(ap_fixed_base<17, 5, true, (ap_q_mode)5, (ap_o_mode)3, 0> const&)' into 'cordic(ap_fixed<16, 4, (ap_q_mode)0, (ap_o_mode)0, 0>, ap_fixed<16, 4, (ap_q_mode)0, (ap_o_mode)0, 0>, ap_fixed<16, 4, (ap_q_mode)0, (ap_o_mode)0, 0>*, ap_fixed<16, 4, (ap_q_mode)0, (ap_o_mode)0, 0>*, bool, ap_fixed<16, 4, (ap_q_mode)0, (ap_o_mode)0, 0>, ap_fixed<16, 4, (ap_q_mode)0, (ap_o_mode)0, 0>*)' (../fpga_hls_raw/cordic.cpp:14:11)
INFO: [HLS 214-291] Loop 'VITIS_LOOP_53_2' is marked as complete unroll implied by the pipeline pragma (../fpga_hls_raw/cordic.cpp:53:19)
INFO: [HLS 214-291] Loop 'VITIS_LOOP_38_1' is marked as complete unroll implied by the pipeline pragma (../fpga_hls_raw/cordic.cpp:38:19)
INFO: [HLS 214-186] Unrolling loop 'VITIS_LOOP_53_2' (../fpga_hls_raw/cordic.cpp:53:19) in function 'cordic' completely with a factor of 4 (../fpga_hls_raw/cordic.cpp:3:0)
INFO: [HLS 214-186] Unrolling loop 'VITIS_LOOP_38_1' (../fpga_hls_raw/cordic.cpp:38:19) in function 'cordic' completely with a factor of 16 (../fpga_hls_raw/cordic.cpp:3:0)
INFO: [HLS 214-241] Aggregating scalar variable 'mode1_theta' with compact=bit mode in 16-bits (../fpga_hls_raw/cordic.cpp:3:0)
INFO: [HLS 214-241] Aggregating scalar variable 'final_y' with compact=bit mode in 16-bits (../fpga_hls_raw/cordic.cpp:3:0)
INFO: [HLS 214-241] Aggregating scalar variable 'final_x' with compact=bit mode in 16-bits (../fpga_hls_raw/cordic.cpp:3:0)
INFO: [HLS 200-111] Finished Compiling Optimization and Transform: CPU user time: 1 seconds. CPU system time: 0 seconds. Elapsed time: 5.135 seconds; current allocated memory: 1.108 GB.
INFO: [HLS 200-111] Finished Checking Pragmas: CPU user time: 0 seconds. CPU system time: 0 seconds. Elapsed time: 0.002 seconds; current allocated memory: 1.108 GB.
INFO: [HLS 200-10] Starting code transformations ...
INFO: [HLS 200-111] Finished Standard Transforms: CPU user time: 0 seconds. CPU system time: 0 seconds. Elapsed time: 0.162 seconds; current allocated memory: 1.108 GB.
INFO: [HLS 200-10] Checking synthesizability ...
INFO: [HLS 200-111] Finished Checking Synthesizability: CPU user time: 0 seconds. CPU system time: 0 seconds. Elapsed time: 0.173 seconds; current allocated memory: 1.108 GB.
INFO: [XFORM 203-401] Performing if-conversion on hyperblock from (../fpga_hls_raw/cordic.cpp:4:9) to (../fpga_hls_raw/cordic.cpp:67:1) in function 'cordic'... converting 100 basic blocks.
INFO: [HLS 200-111] Finished Loop, function and other optimizations: CPU user time: 1 seconds. CPU system time: 0 seconds. Elapsed time: 0.468 seconds; current allocated memory: 1.108 GB.
INFO: [HLS 200-111] Finished Architecture Synthesis: CPU user time: 0 seconds. CPU system time: 0 seconds. Elapsed time: 0.446 seconds; current allocated memory: 1.108 GB.
INFO: [HLS 200-10] Starting hardware synthesis ...
INFO: [HLS 200-10] Synthesizing 'cordic' ...
INFO: [HLS 200-10] ----------------------------------------------------------------
INFO: [HLS 200-42] -- Implementing module 'cordic' 
INFO: [HLS 200-10] ----------------------------------------------------------------
INFO: [SCHED 204-11] Starting scheduling ...
INFO: [SCHED 204-61] Pipelining function 'cordic'.
INFO: [HLS 200-1470] Pipelining result : Target II = 1, Final II = 1, Depth = 21, function 'cordic'
INFO: [SCHED 204-11] Finished scheduling.
INFO: [HLS 200-111] Finished Scheduling: CPU user time: 4 seconds. CPU system time: 0 seconds. Elapsed time: 4.446 seconds; current allocated memory: 1.108 GB.
INFO: [BIND 205-100] Starting micro-architecture generation ...
INFO: [BIND 205-101] Performing variable lifetime analysis.
INFO: [BIND 205-101] Exploring resource sharing.
INFO: [BIND 205-101] Binding ...
INFO: [BIND 205-100] Finished micro-architecture generation.
INFO: [HLS 200-111] Finished Binding: CPU user time: 1 seconds. CPU system time: 0 seconds. Elapsed time: 0.915 seconds; current allocated memory: 1.108 GB.
INFO: [HLS 200-10] ----------------------------------------------------------------
INFO: [HLS 200-10] -- Generating RTL for module 'cordic' 
INFO: [HLS 200-10] ----------------------------------------------------------------
INFO: [RTGEN 206-500] Setting interface mode on port 'cordic/initial_x' to 'ap_none'.
INFO: [RTGEN 206-500] Setting interface mode on port 'cordic/initial_y' to 'ap_none'.
INFO: [RTGEN 206-500] Setting interface mode on port 'cordic/final_x' to 'ap_vld'.
INFO: [RTGEN 206-500] Setting interface mode on port 'cordic/final_y' to 'ap_vld'.
INFO: [RTGEN 206-500] Setting interface mode on port 'cordic/mode' to 'ap_none'.
INFO: [RTGEN 206-500] Setting interface mode on port 'cordic/mode0_theta' to 'ap_none'.
INFO: [RTGEN 206-500] Setting interface mode on port 'cordic/mode1_theta' to 'ap_vld'.
INFO: [RTGEN 206-500] Setting interface mode on function 'cordic' to 'ap_ctrl_hs'.
INFO: [HLS 200-1030] Apply Unified Pipeline Control on module 'cordic' pipeline 'cordic' pipeline type 'function pipeline'
INFO: [RTGEN 206-100] Finished creating RTL model for 'cordic'.
INFO: [HLS 200-111] Finished Creating RTL model: CPU user time: 2 seconds. CPU system time: 0 seconds. Elapsed time: 1.9 seconds; current allocated memory: 1.108 GB.
INFO: [HLS 200-111] Finished Generating all RTL models: CPU user time: 6 seconds. CPU system time: 1 seconds. Elapsed time: 6.851 seconds; current allocated memory: 1.108 GB.
INFO: [HLS 200-111] Finished Updating report files: CPU user time: 0 seconds. CPU system time: 0 seconds. Elapsed time: 0.347 seconds; current allocated memory: 1.108 GB.
INFO: [VHDL 208-304] Generating VHDL RTL for cordic.
INFO: [VLOG 209-307] Generating Verilog RTL for cordic.
INFO: [HLS 200-789] **** Estimated Fmax: 141.08 MHz
INFO: [HLS 200-111] Finished Command csynth_design CPU user time: 16 seconds. CPU system time: 1 seconds. Elapsed time: 24.462 seconds; current allocated memory: 201.340 MB.
INFO: [HLS 200-112] Total CPU user time: 17 seconds. Total CPU system time: 2 seconds. Total elapsed time: 25.467 seconds; peak allocated memory: 1.108 GB.
