--------------------------------- Version Log ----------------------------------
Version                                 Path
System Generator 2022.1                 C:/Xilinx/Vivado/2022.1
Matlab 9.10.0.1602886 (R2021a)          C:\Program Files\MATLAB\R2021a
Vivado 2022.1                           C:/Xilinx/Vivado/2022.1
--------------------------------------------------------------------------------
Summary of Errors:
Error 0001: ERROR: An error occurred when creating the Vivado project...
     Block: Unspecified
--------------------------------------------------------------------------------

Error 0001:

Reported by:
  Unspecified

Details:
ERROR: An error occurred when creating the Vivado project.
invalid command name "arm_core_design_block_bd_rst_processing_system_1_100M_0_synth_1"
INFO: [Common 17-206] Exiting Vivado at Mon Nov 28 07:27:31 2022...
... 

For more information please refer to 'C:/ELEC522/jag33/Proj5_real/netlist_proj5_registers/vivado.log'

--------------------------------------------------------------------------------
