--------------------------------- Version Log ----------------------------------
Version                                 Path
System Generator 2022.1                 C:/Xilinx/Vivado/2022.1
Matlab 9.10.0.1602886 (R2021a)          C:\Program Files\MATLAB\R2021a
Vivado 2022.1                           C:/Xilinx/Vivado/2022.1
--------------------------------------------------------------------------------
Summary of Errors:
Error 0001: ERROR: An error occurred when creating the Vivado project...
     Block: Unspecified
--------------------------------------------------------------------------------

Error 0001:

Reported by:
  Unspecified

Details:
ERROR: An error occurred when creating the Vivado project.
ERROR: [Common 17-69] Command failed: Run 'synth_1' has not been
launched. Unable to open

INFO: [Common 17-206] Exiting Vivado at Mon Nov 14 22:52:39 2022...
... 

For more information please refer to 'C:/ELEC522/jz118/Assignment4/MC/netlist369/vivado.log'

--------------------------------------------------------------------------------
