INFO: [HLS 200-10] Running 'C:/Xilinx/Vitis_HLS/2022.1/bin/unwrapped/win64.o/vitis_hls.exe'
INFO: [HLS 200-10] For user 'JAG33' on host 'ryn-b10-pc-05' (Windows NT_amd64 version 6.2) on Tue Nov 15 16:34:53 -0600 2022
INFO: [HLS 200-10] In directory 'C:/ELEC522/jag33/proj3'
Sourcing Tcl script 'C:/ELEC522/jag33/proj3/cordic/solution1/csim.tcl'
INFO: [HLS 200-1510] Running: source C:/ELEC522/jag33/proj3/cordic/solution1/csim.tcl
INFO: [HLS 200-1510] Running: open_project cordic 
INFO: [HLS 200-10] Opening project 'C:/ELEC522/jag33/proj3/cordic'.
INFO: [HLS 200-1510] Running: set_top cordic 
INFO: [HLS 200-1510] Running: add_files cordic.cpp 
INFO: [HLS 200-10] Adding design file 'cordic.cpp' to the project
INFO: [HLS 200-1510] Running: add_files -tb cordic-top.cpp 
INFO: [HLS 200-10] Adding test bench file 'cordic-top.cpp' to the project
INFO: [HLS 200-1510] Running: open_solution solution1 -flow_target vivado 
INFO: [HLS 200-10] Opening solution 'C:/ELEC522/jag33/proj3/cordic/solution1'.
INFO: [SYN 201-201] Setting up clock 'default' with a period of 10ns.
INFO: [HLS 200-1611] Setting target device to 'xc7z020-clg484-1'
INFO: [HLS 200-1505] Using flow_target 'vivado'
Resolution: For help on HLS 200-1505 see www.xilinx.com/cgi-bin/docs/rdoc?v=2022.1;t=hls+guidance;d=200-1505.html
INFO: [HLS 200-1464] Running solution command: config_export -format=ip_catalog
INFO: [HLS 200-1464] Running solution command: config_export -output=C:/ELEC522/jag33/proj3/Modelcompser
INFO: [HLS 200-1464] Running solution command: config_export -rtl=verilog
INFO: [HLS 200-1510] Running: set_part xc7z020clg484-1 
INFO: [HLS 200-1510] Running: create_clock -period 10 -name default 
INFO: [HLS 200-1510] Running: config_export -format ip_catalog -output C:/ELEC522/jag33/proj3/Modelcompser -rtl verilog 
INFO: [HLS 200-1510] Running: csim_design -quiet 
INFO: [SIM 211-2] *************** CSIM start ***************
INFO: [SIM 211-4] CSIM will launch GCC as the compiler.
   Compiling ../../../../cordic-top.cpp in debug mode
   Generating csim.exe
In file included from C:/Xilinx/Vitis_HLS/2022.1/include/floating_point_v7_0_bitacc_cmodel.h:144:0,
                 from C:/Xilinx/Vitis_HLS/2022.1/include/hls_fpo.h:189,
                 from C:/Xilinx/Vitis_HLS/2022.1/include/hls_half_fpo.h:64,
                 from C:/Xilinx/Vitis_HLS/2022.1/include/hls_half.h:71,
                 from C:/Xilinx/Vitis_HLS/2022.1/include/etc/ap_private.h:98,
                 from C:/Xilinx/Vitis_HLS/2022.1/include/ap_common.h:710,
                 from C:/Xilinx/Vitis_HLS/2022.1/include/ap_fixed.h:55,
                 from ../../../../cordic.h:4,
                 from ../../../../cordic-top.cpp:20:
C:/Xilinx/Vitis_HLS/2022.1/include/gmp.h:63:0: warning: "__GMP_LIBGMP_DLL" redefined
 #define __GMP_LIBGMP_DLL  0
 
In file included from C:/Xilinx/Vitis_HLS/2022.1/include/hls_fpo.h:189:0,
                 from C:/Xilinx/Vitis_HLS/2022.1/include/hls_half_fpo.h:64,
                 from C:/Xilinx/Vitis_HLS/2022.1/include/hls_half.h:71,
                 from C:/Xilinx/Vitis_HLS/2022.1/include/etc/ap_private.h:98,
                 from C:/Xilinx/Vitis_HLS/2022.1/include/ap_common.h:710,
                 from C:/Xilinx/Vitis_HLS/2022.1/include/ap_fixed.h:55,
                 from ../../../../cordic.h:4,
                 from ../../../../cordic-top.cpp:20:
C:/Xilinx/Vitis_HLS/2022.1/include/floating_point_v7_0_bitacc_cmodel.h:136:0: note: this is the location of the previous definition
 #define __GMP_LIBGMP_DLL 1
 
degree=-90, radian=-1.570801, cos=-0.002686, sin=-0.996826
degree=-75, radian=-1.309082, cos=0.260010, sin=-0.964355
degree=-60, radian=-1.047241, cos=0.497437, sin=-0.864624
degree=-45, radian=-0.785400, cos=0.706787, sin=-0.706177
degree=-30, radian=-0.523682, cos=0.865356, sin=-0.499634
degree=-15, radian=-0.261841, cos=0.962280, sin=-0.259277
degree=0, radian=0.000000, cos=0.999390, sin=-0.000732
degree=15, radian=0.261719, cos=0.964111, sin=0.258789
degree=30, radian=0.523560, cos=0.864136, sin=0.499146
degree=45, radian=0.785278, cos=0.705688, sin=0.705688
degree=60, radian=1.047119, cos=0.498901, sin=0.864258
degree=75, radian=1.308960, cos=0.258301, sin=0.964111
degree=90, radian=1.570679, cos=-0.000854, sin=0.996582
Total_Error_Sin=inf, Total_error_Cos=-59359.876559, 
x_in=0.000000, y_in=-1.000000, t_theta=-1.570312
x_in=0.258789, y_in=-0.965942, t_theta=-1.309082
x_in=0.500000, y_in=-0.866089, t_theta=-1.047119
x_in=0.706909, y_in=-0.707031, t_theta=-0.785156
x_in=0.865967, y_in=-0.500000, t_theta=-0.523438
x_in=0.965820, y_in=-0.258911, t_theta=-0.261475
x_in=1, y_in=0, t_theta=0.000244
x_in=0.965820, y_in=0.258789, t_theta=0.261475
x_in=0.865967, y_in=0.500000, t_theta=0.523438
x_in=0.706909, y_in=0.706909, t_theta=0.785156
x_in=0.500000, y_in=0.865967, t_theta=1.047119
x_in=0.258789, y_in=0.965820, t_theta=1.309082
x_in=0.000000, y_in=1.000000, t_theta=1.570312
INFO: [SIM 211-1] CSim done with 0 errors.
INFO: [SIM 211-3] *************** CSIM finish ***************
INFO: [HLS 200-111] Finished Command csim_design CPU user time: 1 seconds. CPU system time: 0 seconds. Elapsed time: 2.428 seconds; current allocated memory: 189.801 MB.
INFO: [HLS 200-112] Total CPU user time: 2 seconds. Total CPU system time: 1 seconds. Total elapsed time: 3.418 seconds; peak allocated memory: 1.108 GB.
